#
# A fatal error has been detected by the Java Runtime Environment:
#
#  EXCEPTION_ACCESS_VIOLATION (0xc0000005) at pc=0x000007feed8d3d63, pid=1112, tid=5512
#
# JRE version: Java(TM) SE Runtime Environment (8.0_11-b12) (build 1.8.0_11-b12)
# Java VM: Java HotSpot(TM) 64-Bit Server VM (25.11-b03 mixed mode windows-amd64 compressed oops)
# Problematic frame:
# C  [opencv_core248.dll+0x53d63]
#
# Failed to write core dump. Minidumps are not enabled by default on client versions of Windows
#
# If you would like to submit a bug report, please visit:
#   http://bugreport.sun.com/bugreport/crash.jsp
# The crash happened outside the Java Virtual Machine in native code.
# See problematic frame for where to report the bug.
#

---------------  T H R E A D  ---------------

Current thread (0x0000000007c8e800):  JavaThread "AWT-EventQueue-0" [_thread_in_native, id=5512, stack(0x0000000009230000,0x0000000009330000)]

siginfo: ExceptionCode=0xc0000005, reading address 0x000000000c2c53f1

Registers:
RAX=0x000000000932bb60, RBX=0x0000000000025800, RCX=0x0000000000000000, RDX=0x000000005e4f0060
RSP=0x000000000932bae0, RBP=0x000000000932bc30, RSI=0x000000000932c010, RDI=0x0000000000004b00
R8 =0x0000000000000000, R9 =0x000000000c2c53f3, R10=0x000000000932bb60, R11=0x000000005e4f0050
R12=0x000000000932bef0, R13=0x000007feed8d6120, R14=0x0000000000000000, R15=0x0000000000000006
RIP=0x000007feed8d3d63, EFLAGS=0x0000000000010216

Top of Stack: (sp=0x000000000932bae0)
0x000000000932bae0:   0000000000000001 000007feed8d6151
0x000000000932baf0:   0000000000000006 000007feed8d6120
0x000000000932bb00:   000000000932bef0 0000000000000001
0x000000000932bb10:   000000000932bb60 0000000000000006
0x000000000932bb20:   000000000932bc30 000007feed8d9d30
0x000000000932bb30:   0000000000000006 000000380000003e
0x000000000932bb40:   000000530000004d 0000005200000054
0x000000000932bb50:   000000005e4f0050 0000000000025800
0x000000000932bb60:   0000000000004b00 000000000932bb78
0x000000000932bb70:   0000000100004b00 3ff0000000000000
0x000000000932bb80:   0000000000000000 0000004e00000058
0x000000000932bb90:   0000000007a53a40 fffffffffffffffe
0x000000000932bba0:   0000000242ffc006 00004b0000000001
0x000000000932bbb0:   000000005e4f0050 000000005ec1d850
0x000000000932bbc0:   000000005e4f0050 000000005ec1d850
0x000000000932bbd0:   000000005ec1d850 0000000000000000 

Instructions: (pc=0x000007feed8d3d63)
0x000007feed8d3d43:   1c cd 00 00 00 00 4c 8d 49 03 0f 1f 00 41 ff 4a
0x000007feed8d3d53:   04 33 c9 45 33 c0 41 83 3a 04 78 65 49 8d 53 10
0x000007feed8d3d63:   43 0f b6 44 01 fe 83 c1 04 49 83 c0 04 48 83 c2
0x000007feed8d3d73:   20 66 0f 6e c8 43 0f b6 44 01 f9 f3 0f e6 c9 66 


Register to memory mapping:

RAX=0x000000000932bb60 is pointing into the stack for thread: 0x0000000007c8e800
RBX=0x0000000000025800 is an unknown value
RCX=0x0000000000000000 is an unknown value
RDX=0x000000005e4f0060 is an unknown value
RSP=0x000000000932bae0 is pointing into the stack for thread: 0x0000000007c8e800
RBP=0x000000000932bc30 is pointing into the stack for thread: 0x0000000007c8e800
RSI=0x000000000932c010 is pointing into the stack for thread: 0x0000000007c8e800
RDI=0x0000000000004b00 is an unknown value
R8 =0x0000000000000000 is an unknown value
R9 =0x000000000c2c53f3 is an unknown value
R10=0x000000000932bb60 is pointing into the stack for thread: 0x0000000007c8e800
R11=0x000000005e4f0050 is an unknown value
R12=0x000000000932bef0 is pointing into the stack for thread: 0x0000000007c8e800
R13=0x000007feed8d6120 is an unknown value
R14=0x0000000000000000 is an unknown value
R15=0x0000000000000006 is an unknown value


Stack: [0x0000000009230000,0x0000000009330000],  sp=0x000000000932bae0,  free space=1006k
Native frames: (J=compiled Java code, j=interpreted, Vv=VM code, C=native code)
C  [opencv_core248.dll+0x53d63]
C  [opencv_core248.dll+0x56151]
C  [opencv_core248.dll+0x59d30]
C  [opencv_contrib248.dll+0x3a3db]
C  [opencv_contrib248.dll+0x4052b]
C  [jniopencv_contrib.dll+0x132bf]
C  0x000000000f02518e

Java frames: (J=compiled Java code, j=interpreted, Vv=VM code)
j  com.googlecode.javacv.cpp.opencv_contrib$FaceRecognizer.train(Lcom/googlecode/javacv/cpp/opencv_core$MatVector;[I)V+0
j  recognizer.FaceRecognition.trainImg()V+21
j  recognizer.FaceRecognition.captureFace(Ljava/lang/String;Lcom/googlecode/javacv/cpp/opencv_core$IplImage;)V+347
j  recognizer.Recognizer.jToggleButton1ActionPerformed(Ljava/awt/event/ActionEvent;)V+46
j  recognizer.Recognizer.access$000(Lrecognizer/Recognizer;Ljava/awt/event/ActionEvent;)V+2
j  recognizer.Recognizer$2.actionPerformed(Ljava/awt/event/ActionEvent;)V+5
j  javax.swing.AbstractButton.fireActionPerformed(Ljava/awt/event/ActionEvent;)V+83
j  javax.swing.AbstractButton$Handler.actionPerformed(Ljava/awt/event/ActionEvent;)V+5
j  javax.swing.DefaultButtonModel.fireActionPerformed(Ljava/awt/event/ActionEvent;)V+34
j  javax.swing.JToggleButton$ToggleButtonModel.setPressed(Z)V+148
j  javax.swing.plaf.basic.BasicButtonListener.mouseReleased(Ljava/awt/event/MouseEvent;)V+35
j  java.awt.Component.processMouseEvent(Ljava/awt/event/MouseEvent;)V+64
j  javax.swing.JComponent.processMouseEvent(Ljava/awt/event/MouseEvent;)V+23
j  java.awt.Component.processEvent(Ljava/awt/AWTEvent;)V+81
j  java.awt.Container.processEvent(Ljava/awt/AWTEvent;)V+18
j  java.awt.Component.dispatchEventImpl(Ljava/awt/AWTEvent;)V+589
j  java.awt.Container.dispatchEventImpl(Ljava/awt/AWTEvent;)V+42
j  java.awt.Component.dispatchEvent(Ljava/awt/AWTEvent;)V+2
j  java.awt.LightweightDispatcher.retargetMouseEvent(Ljava/awt/Component;ILjava/awt/event/MouseEvent;)V+327
j  java.awt.LightweightDispatcher.processMouseEvent(Ljava/awt/event/MouseEvent;)Z+143
j  java.awt.LightweightDispatcher.dispatchEvent(Ljava/awt/AWTEvent;)Z+50
j  java.awt.Container.dispatchEventImpl(Ljava/awt/AWTEvent;)V+12
j  java.awt.Window.dispatchEventImpl(Ljava/awt/AWTEvent;)V+19
J 1187 C1 java.awt.EventQueue.dispatchEventImpl(Ljava/awt/AWTEvent;Ljava/lang/Object;)V (149 bytes) @ 0x000000000f3e7bc4 [0x000000000f3e6600+0x15c4]
J 1185 C1 java.awt.EventQueue$3.run()Ljava/lang/Void; (60 bytes) @ 0x000000000f3e4a34 [0x000000000f3e4840+0x1f4]
J 1184 C1 java.awt.EventQueue$3.run()Ljava/lang/Object; (5 bytes) @ 0x000000000f3e5104 [0x000000000f3e5080+0x84]
v  ~StubRoutines::call_stub
J 815  java.security.AccessController.doPrivileged(Ljava/security/PrivilegedAction;Ljava/security/AccessControlContext;)Ljava/lang/Object; (0 bytes) @ 0x000000000f3024a6 [0x000000000f302440+0x66]
J 1013 C1 java.security.ProtectionDomain$1.doIntersectionPrivilege(Ljava/security/PrivilegedAction;Ljava/security/AccessControlContext;Ljava/security/AccessControlContext;)Ljava/lang/Object; (32 bytes) @ 0x000000000f375b3c [0x000000000f375860+0x2dc]
j  java.security.ProtectionDomain$1.doIntersectionPrivilege(Ljava/security/PrivilegedAction;Ljava/security/AccessControlContext;)Ljava/lang/Object;+6
j  java.awt.EventQueue$4.run()Ljava/lang/Void;+11
j  java.awt.EventQueue$4.run()Ljava/lang/Object;+1
v  ~StubRoutines::call_stub
J 815  java.security.AccessController.doPrivileged(Ljava/security/PrivilegedAction;Ljava/security/AccessControlContext;)Ljava/lang/Object; (0 bytes) @ 0x000000000f3024a6 [0x000000000f302440+0x66]
J 1107 C1 java.awt.EventQueue.dispatchEvent(Ljava/awt/AWTEvent;)V (80 bytes) @ 0x000000000f3b43bc [0x000000000f3b3800+0xbbc]
J 1189 C1 java.awt.EventDispatchThread.pumpOneEventForFilters(I)V (295 bytes) @ 0x000000000f3ea894 [0x000000000f3e8e00+0x1a94]
j  java.awt.EventDispatchThread.pumpEventsForFilter(ILjava/awt/Conditional;Ljava/awt/EventFilter;)V+35
j  java.awt.EventDispatchThread.pumpEventsForHierarchy(ILjava/awt/Conditional;Ljava/awt/Component;)V+11
j  java.awt.EventDispatchThread.pumpEvents(ILjava/awt/Conditional;)V+4
j  java.awt.EventDispatchThread.pumpEvents(Ljava/awt/Conditional;)V+3
j  java.awt.EventDispatchThread.run()V+9
v  ~StubRoutines::call_stub

---------------  P R O C E S S  ---------------

Java Threads: ( => current thread )
  0x000000000bbdb000 JavaThread "TimerQueue" daemon [_thread_blocked, id=5456, stack(0x0000000008fd0000,0x00000000090d0000)]
  0x0000000009565800 JavaThread "Thread-3" [_thread_in_Java, id=5736, stack(0x000000000dc50000,0x000000000dd50000)]
  0x000000000963f000 JavaThread "Thread-2" [_thread_blocked, id=3352, stack(0x000000000a160000,0x000000000a260000)]
  0x00000000026ae000 JavaThread "DestroyJavaVM" [_thread_blocked, id=5236, stack(0x0000000002790000,0x0000000002890000)]
=>0x0000000007c8e800 JavaThread "AWT-EventQueue-0" [_thread_in_native, id=5512, stack(0x0000000009230000,0x0000000009330000)]
  0x0000000007c16000 JavaThread "AWT-Windows" daemon [_thread_in_native, id=6096, stack(0x0000000008a20000,0x0000000008b20000)]
  0x0000000007c13800 JavaThread "AWT-Shutdown" [_thread_blocked, id=5828, stack(0x00000000085a0000,0x00000000086a0000)]
  0x0000000007c12800 JavaThread "Java2D Disposer" daemon [_thread_blocked, id=1248, stack(0x0000000008880000,0x0000000008980000)]
  0x00000000078f5800 JavaThread "Service Thread" daemon [_thread_blocked, id=2020, stack(0x0000000008460000,0x0000000008560000)]
  0x000000000640f000 JavaThread "C1 CompilerThread2" daemon [_thread_blocked, id=4108, stack(0x0000000007e50000,0x0000000007f50000)]
  0x000000000640e000 JavaThread "C2 CompilerThread1" daemon [_thread_blocked, id=5080, stack(0x0000000008320000,0x0000000008420000)]
  0x0000000007892800 JavaThread "C2 CompilerThread0" daemon [_thread_blocked, id=832, stack(0x0000000008190000,0x0000000008290000)]
  0x0000000006403800 JavaThread "Attach Listener" daemon [_thread_blocked, id=5920, stack(0x0000000007f80000,0x0000000008080000)]
  0x0000000006402800 JavaThread "Signal Dispatcher" daemon [_thread_blocked, id=3176, stack(0x0000000007d30000,0x0000000007e30000)]
  0x00000000063a2000 JavaThread "Finalizer" daemon [_thread_blocked, id=5060, stack(0x0000000007410000,0x0000000007510000)]
  0x000000000639d000 JavaThread "Reference Handler" daemon [_thread_blocked, id=3528, stack(0x0000000007790000,0x0000000007890000)]

Other Threads:
  0x0000000006399000 VMThread [stack: 0x0000000007590000,0x0000000007690000] [id=4220]
  0x00000000078fb000 WatcherThread [stack: 0x0000000008700000,0x0000000008800000] [id=6080]

VM state:not at safepoint (normal execution)

VM Mutex/Monitor currently owned by a thread: None

Heap:
 PSYoungGen      total 16896K, used 5808K [0x00000000eb180000, 0x00000000ecb00000, 0x0000000100000000)
  eden space 10752K, 0% used [0x00000000eb180000,0x00000000eb1962b0,0x00000000ebc00000)
  from space 6144K, 93% used [0x00000000ec300000,0x00000000ec896060,0x00000000ec900000)
  to   space 7168K, 0% used [0x00000000ebc00000,0x00000000ebc00000,0x00000000ec300000)
 ParOldGen       total 64000K, used 15897K [0x00000000c1400000, 0x00000000c5280000, 0x00000000eb180000)
  object space 64000K, 24% used [0x00000000c1400000,0x00000000c23864a8,0x00000000c5280000)
 Metaspace       used 13956K, capacity 14102K, committed 14464K, reserved 1062912K
  class space    used 1791K, capacity 1821K, committed 1920K, reserved 1048576K

Card table byte_map: [0x0000000002f20000,0x0000000003120000] byte_map_base: 0x0000000002916000

Marking Bits: (ParMarkBitMap*) 0x00000000657212b0
 Begin Bits: [0x00000000038b0000, 0x0000000004860000)
 End Bits:   [0x0000000004860000, 0x0000000005810000)

Polling page: 0x0000000000340000

CodeCache: size=245760Kb used=5460Kb max_used=5460Kb free=240299Kb
 bounds [0x000000000f010000, 0x000000000f570000, 0x000000001e010000]
 total_blobs=2284 nmethods=1710 adapters=487
 compilation: enabled

Compilation events (10 events):
Event: 11.664 Thread 0x000000000640f000 1705       3       java.io.File::<init> (80 bytes)
Event: 11.665 Thread 0x000000000640f000 nmethod 1705 0x000000000f566a50 code [0x000000000f566bc0, 0x000000000f566e48]
Event: 11.696 Thread 0x000000000640f000 1706       3       java.lang.CharacterDataLatin1::digit (91 bytes)
Event: 11.697 Thread 0x000000000640f000 nmethod 1706 0x000000000f566f50 code [0x000000000f5670c0, 0x000000000f567450]
Event: 11.706 Thread 0x000000000640f000 1707       3       com.googlecode.javacv.cpp.opencv_core$IplImage$ReleaseDeallocator::deallocate (5 bytes)
Event: 11.706 Thread 0x000000000640f000 nmethod 1707 0x000000000f567cd0 code [0x000000000f567e40, 0x000000000f567fc8]
Event: 11.706 Thread 0x000000000640f000 1709       1       java.lang.ref.Reference::access$100 (4 bytes)
Event: 11.706 Thread 0x000000000640f000 nmethod 1709 0x000000000f54fb90 code [0x000000000f54fce0, 0x000000000f54fdd0]
Event: 11.706 Thread 0x000000000640f000 1710       3       com.googlecode.javacpp.Pointer$NativeDeallocator::deallocate (41 bytes)
Event: 11.706 Thread 0x000000000640f000 nmethod 1710 0x000000000f568050 code [0x000000000f5681c0, 0x000000000f568408]

GC Heap History (10 events):
Event: 4.507 GC heap before
{Heap before GC invocations=8 (full 0):
 PSYoungGen      total 5632K, used 5296K [0x00000000eb180000, 0x00000000ebc80000, 0x0000000100000000)
  eden space 4096K, 100% used [0x00000000eb180000,0x00000000eb580000,0x00000000eb580000)
  from space 1536K, 78% used [0x00000000eb580000,0x00000000eb6ac0a8,0x00000000eb700000)
  to   space 1536K, 0% used [0x00000000ebb00000,0x00000000ebb00000,0x00000000ebc80000)
 ParOldGen       total 64000K, used 1617K [0x00000000c1400000, 0x00000000c5280000, 0x00000000eb180000)
  object space 64000K, 2% used [0x00000000c1400000,0x00000000c1594758,0x00000000c5280000)
 Metaspace       used 12264K, capacity 12356K, committed 12672K, reserved 1060864K
  class space    used 1579K, capacity 1626K, committed 1664K, reserved 1048576K
Event: 4.511 GC heap after
Heap after GC invocations=8 (full 0):
 PSYoungGen      total 6656K, used 1508K [0x00000000eb180000, 0x00000000ec280000, 0x0000000100000000)
  eden space 5120K, 0% used [0x00000000eb180000,0x00000000eb180000,0x00000000eb680000)
  from space 1536K, 98% used [0x00000000ebb00000,0x00000000ebc79010,0x00000000ebc80000)
  to   space 4608K, 0% used [0x00000000eb680000,0x00000000eb680000,0x00000000ebb00000)
 ParOldGen       total 64000K, used 7655K [0x00000000c1400000, 0x00000000c5280000, 0x00000000eb180000)
  object space 64000K, 11% used [0x00000000c1400000,0x00000000c1b79fd8,0x00000000c5280000)
 Metaspace       used 12264K, capacity 12356K, committed 12672K, reserved 1060864K
  class space    used 1579K, capacity 1626K, committed 1664K, reserved 1048576K
}
Event: 5.907 GC heap before
{Heap before GC invocations=9 (full 0):
 PSYoungGen      total 6656K, used 6628K [0x00000000eb180000, 0x00000000ec280000, 0x0000000100000000)
  eden space 5120K, 100% used [0x00000000eb180000,0x00000000eb680000,0x00000000eb680000)
  from space 1536K, 98% used [0x00000000ebb00000,0x00000000ebc79010,0x00000000ebc80000)
  to   space 4608K, 0% used [0x00000000eb680000,0x00000000eb680000,0x00000000ebb00000)
 ParOldGen       total 64000K, used 7655K [0x00000000c1400000, 0x00000000c5280000, 0x00000000eb180000)
  object space 64000K, 11% used [0x00000000c1400000,0x00000000c1b79fd8,0x00000000c5280000)
 Metaspace       used 12418K, capacity 12548K, committed 12672K, reserved 1060864K
  class space    used 1579K, capacity 1626K, committed 1664K, reserved 1048576K
Event: 5.918 GC heap after
Heap after GC invocations=9 (full 0):
 PSYoungGen      total 9728K, used 4112K [0x00000000eb180000, 0x00000000ec380000, 0x0000000100000000)
  eden space 5120K, 0% used [0x00000000eb180000,0x00000000eb180000,0x00000000eb680000)
  from space 4608K, 89% used [0x00000000eb680000,0x00000000eba84040,0x00000000ebb00000)
  to   space 5120K, 0% used [0x00000000ebe80000,0x00000000ebe80000,0x00000000ec380000)
 ParOldGen       total 64000K, used 12388K [0x00000000c1400000, 0x00000000c5280000, 0x00000000eb180000)
  object space 64000K, 19% used [0x00000000c1400000,0x00000000c2019028,0x00000000c5280000)
 Metaspace       used 12418K, capacity 12548K, committed 12672K, reserved 1060864K
  class space    used 1579K, capacity 1626K, committed 1664K, reserved 1048576K
}
Event: 7.088 GC heap before
{Heap before GC invocations=10 (full 0):
 PSYoungGen      total 9728K, used 9232K [0x00000000eb180000, 0x00000000ec380000, 0x0000000100000000)
  eden space 5120K, 100% used [0x00000000eb180000,0x00000000eb680000,0x00000000eb680000)
  from space 4608K, 89% used [0x00000000eb680000,0x00000000eba84040,0x00000000ebb00000)
  to   space 5120K, 0% used [0x00000000ebe80000,0x00000000ebe80000,0x00000000ec380000)
 ParOldGen       total 64000K, used 12388K [0x00000000c1400000, 0x00000000c5280000, 0x00000000eb180000)
  object space 64000K, 19% used [0x00000000c1400000,0x00000000c2019028,0x00000000c5280000)
 Metaspace       used 13590K, capacity 13750K, committed 14080K, reserved 1060864K
  class space    used 1751K, capacity 1789K, committed 1792K, reserved 1048576K
Event: 7.092 GC heap after
Heap after GC invocations=10 (full 0):
 PSYoungGen      total 12288K, used 4884K [0x00000000eb180000, 0x00000000ec580000, 0x0000000100000000)
  eden space 7168K, 0% used [0x00000000eb180000,0x00000000eb180000,0x00000000eb880000)
  from space 5120K, 95% used [0x00000000ebe80000,0x00000000ec345050,0x00000000ec380000)
  to   space 6144K, 0% used [0x00000000eb880000,0x00000000eb880000,0x00000000ebe80000)
 ParOldGen       total 64000K, used 14585K [0x00000000c1400000, 0x00000000c5280000, 0x00000000eb180000)
  object space 64000K, 22% used [0x00000000c1400000,0x00000000c223e5f8,0x00000000c5280000)
 Metaspace       used 13590K, capacity 13750K, committed 14080K, reserved 1060864K
  class space    used 1751K, capacity 1789K, committed 1792K, reserved 1048576K
}
Event: 9.581 GC heap before
{Heap before GC invocations=11 (full 0):
 PSYoungGen      total 12288K, used 12030K [0x00000000eb180000, 0x00000000ec580000, 0x0000000100000000)
  eden space 7168K, 99% used [0x00000000eb180000,0x00000000eb87a9d8,0x00000000eb880000)
  from space 5120K, 95% used [0x00000000ebe80000,0x00000000ec345050,0x00000000ec380000)
  to   space 6144K, 0% used [0x00000000eb880000,0x00000000eb880000,0x00000000ebe80000)
 ParOldGen       total 64000K, used 14585K [0x00000000c1400000, 0x00000000c5280000, 0x00000000eb180000)
  object space 64000K, 22% used [0x00000000c1400000,0x00000000c223e5f8,0x00000000c5280000)
 Metaspace       used 13900K, capacity 14038K, committed 14464K, reserved 1062912K
  class space    used 1790K, capacity 1821K, committed 1920K, reserved 1048576K
Event: 9.584 GC heap after
Heap after GC invocations=11 (full 0):
 PSYoungGen      total 13312K, used 3792K [0x00000000eb180000, 0x00000000ec900000, 0x0000000100000000)
  eden space 7168K, 0% used [0x00000000eb180000,0x00000000eb180000,0x00000000eb880000)
  from space 6144K, 61% used [0x00000000eb880000,0x00000000ebc34040,0x00000000ebe80000)
  to   space 6144K, 0% used [0x00000000ec300000,0x00000000ec300000,0x00000000ec900000)
 ParOldGen       total 64000K, used 15777K [0x00000000c1400000, 0x00000000c5280000, 0x00000000eb180000)
  object space 64000K, 24% used [0x00000000c1400000,0x00000000c2368788,0x00000000c5280000)
 Metaspace       used 13900K, capacity 14038K, committed 14464K, reserved 1062912K
  class space    used 1790K, capacity 1821K, committed 1920K, reserved 1048576K
}
Event: 11.702 GC heap before
{Heap before GC invocations=12 (full 0):
 PSYoungGen      total 13312K, used 10960K [0x00000000eb180000, 0x00000000ec900000, 0x0000000100000000)
  eden space 7168K, 100% used [0x00000000eb180000,0x00000000eb880000,0x00000000eb880000)
  from space 6144K, 61% used [0x00000000eb880000,0x00000000ebc34040,0x00000000ebe80000)
  to   space 6144K, 0% used [0x00000000ec300000,0x00000000ec300000,0x00000000ec900000)
 ParOldGen       total 64000K, used 15777K [0x00000000c1400000, 0x00000000c5280000, 0x00000000eb180000)
  object space 64000K, 24% used [0x00000000c1400000,0x00000000c2368788,0x00000000c5280000)
 Metaspace       used 13955K, capacity 14102K, committed 14464K, reserved 1062912K
  class space    used 1791K, capacity 1821K, committed 1920K, reserved 1048576K
Event: 11.705 GC heap after
Heap after GC invocations=12 (full 0):
 PSYoungGen      total 16896K, used 5720K [0x00000000eb180000, 0x00000000ecb00000, 0x0000000100000000)
  eden space 10752K, 0% used [0x00000000eb180000,0x00000000eb180000,0x00000000ebc00000)
  from space 6144K, 93% used [0x00000000ec300000,0x00000000ec896060,0x00000000ec900000)
  to   space 7168K, 0% used [0x00000000ebc00000,0x00000000ebc00000,0x00000000ec300000)
 ParOldGen       total 64000K, used 15897K [0x00000000c1400000, 0x00000000c5280000, 0x00000000eb180000)
  object space 64000K, 24% used [0x00000000c1400000,0x00000000c23864a8,0x00000000c5280000)
 Metaspace       used 13955K, capacity 14102K, committed 14464K, reserved 1062912K
  class space    used 1791K, capacity 1821K, committed 1920K, reserved 1048576K
}

Deoptimization events (10 events):
Event: 6.997 Thread 0x0000000007c8e800 Uncommon trap: reason=class_check action=maybe_recompile pc=0x000000000f408254 method=javax.swing.ArrayTable.get(Ljava/lang/Object;)Ljava/lang/Object; @ 44
Event: 6.997 Thread 0x0000000007c8e800 Uncommon trap: reason=class_check action=maybe_recompile pc=0x000000000f408254 method=javax.swing.ArrayTable.get(Ljava/lang/Object;)Ljava/lang/Object; @ 44
Event: 7.005 Thread 0x0000000007c8e800 Uncommon trap: reason=class_check action=maybe_recompile pc=0x000000000f408254 method=javax.swing.ArrayTable.get(Ljava/lang/Object;)Ljava/lang/Object; @ 44
Event: 7.009 Thread 0x0000000007c8e800 Uncommon trap: reason=class_check action=maybe_recompile pc=0x000000000f408254 method=javax.swing.ArrayTable.get(Ljava/lang/Object;)Ljava/lang/Object; @ 44
Event: 7.074 Thread 0x0000000007c8e800 Uncommon trap: reason=unreached action=reinterpret pc=0x000000000f1f0ae4 method=java.util.HashMap.putVal(ILjava/lang/Object;Ljava/lang/Object;ZZ)Ljava/lang/Object; @ 109
Event: 7.075 Thread 0x0000000007c8e800 Uncommon trap: reason=unreached action=reinterpret pc=0x000000000f274d7c method=java.util.HashMap.putVal(ILjava/lang/Object;Ljava/lang/Object;ZZ)Ljava/lang/Object; @ 109
Event: 7.866 Thread 0x0000000007c8e800 Uncommon trap: reason=class_check action=maybe_recompile pc=0x000000000f1ae90c method=java.lang.String.equals(Ljava/lang/Object;)Z @ 8
Event: 7.866 Thread 0x0000000007c8e800 Uncommon trap: reason=class_check action=maybe_recompile pc=0x000000000f1ae90c method=java.lang.String.equals(Ljava/lang/Object;)Z @ 8
Event: 7.978 Thread 0x0000000007c8e800 Uncommon trap: reason=class_check action=maybe_recompile pc=0x000000000f1ae90c method=java.lang.String.equals(Ljava/lang/Object;)Z @ 8
Event: 7.978 Thread 0x0000000007c8e800 Uncommon trap: reason=class_check action=maybe_recompile pc=0x000000000f1ae90c method=java.lang.String.equals(Ljava/lang/Object;)Z @ 8

Internal exceptions (10 events):
Event: 3.149 Thread 0x000000000963f000 Exception <a 'java/security/PrivilegedActionException'> (0x00000000eb5600e8) thrown at [C:\re\workspace\8-2-build-windows-amd64-cygwin\jdk8u11\648\hotspot\src\share\vm\prims\jvm.cpp, line 1248]
Event: 3.149 Thread 0x000000000963f000 Exception <a 'java/security/PrivilegedActionException'> (0x00000000eb564260) thrown at [C:\re\workspace\8-2-build-windows-amd64-cygwin\jdk8u11\648\hotspot\src\share\vm\prims\jvm.cpp, line 1248]
Event: 3.150 Thread 0x000000000963f000 Exception <a 'java/security/PrivilegedActionException'> (0x00000000eb569838) thrown at [C:\re\workspace\8-2-build-windows-amd64-cygwin\jdk8u11\648\hotspot\src\share\vm\prims\jvm.cpp, line 1248]
Event: 3.150 Thread 0x000000000963f000 Exception <a 'java/security/PrivilegedActionException'> (0x00000000eb56dd20) thrown at [C:\re\workspace\8-2-build-windows-amd64-cygwin\jdk8u11\648\hotspot\src\share\vm\prims\jvm.cpp, line 1248]
Event: 3.151 Thread 0x000000000963f000 Exception <a 'java/security/PrivilegedActionException'> (0x00000000eb570cd0) thrown at [C:\re\workspace\8-2-build-windows-amd64-cygwin\jdk8u11\648\hotspot\src\share\vm\prims\jvm.cpp, line 1248]
Event: 3.151 Thread 0x000000000963f000 Exception <a 'java/security/PrivilegedActionException'> (0x00000000eb574388) thrown at [C:\re\workspace\8-2-build-windows-amd64-cygwin\jdk8u11\648\hotspot\src\share\vm\prims\jvm.cpp, line 1248]
Event: 3.152 Thread 0x000000000963f000 Exception <a 'java/security/PrivilegedActionException'> (0x00000000eb577870) thrown at [C:\re\workspace\8-2-build-windows-amd64-cygwin\jdk8u11\648\hotspot\src\share\vm\prims\jvm.cpp, line 1248]
Event: 3.157 Thread 0x000000000963f000 Exception <a 'java/security/PrivilegedActionException'> (0x00000000eb57a5e8) thrown at [C:\re\workspace\8-2-build-windows-amd64-cygwin\jdk8u11\648\hotspot\src\share\vm\prims\jvm.cpp, line 1248]
Event: 3.855 Thread 0x000000000963f000 Exception <a 'java/security/PrivilegedActionException'> (0x00000000eb1cebb0) thrown at [C:\re\workspace\8-2-build-windows-amd64-cygwin\jdk8u11\648\hotspot\src\share\vm\prims\jvm.cpp, line 1248]
Event: 11.601 Thread 0x0000000007c8e800 Exception <a 'java/security/PrivilegedActionException'> (0x00000000eb838ef8) thrown at [C:\re\workspace\8-2-build-windows-amd64-cygwin\jdk8u11\648\hotspot\src\share\vm\prims\jvm.cpp, line 1248]

Events (10 events):
Event: 10.285 Executing VM operation: RevokeBias
Event: 10.285 Executing VM operation: RevokeBias done
Event: 11.189 Thread 0x0000000007c8e800 DEOPT PACKING pc=0x000000000f4c2ad2 sp=0x0000000009328660
Event: 11.189 Thread 0x0000000007c8e800 DEOPT UNPACKING pc=0x000000000f057604 sp=0x00000000093283a0 mode 0
Event: 11.601 loading class recognizer/FaceRecognition$2
Event: 11.601 loading class recognizer/FaceRecognition$2 done
Event: 11.702 Executing VM operation: ParallelGCFailedAllocation
Event: 11.705 Executing VM operation: ParallelGCFailedAllocation done
Event: 11.707 Executing VM operation: RevokeBias
Event: 11.707 Executing VM operation: RevokeBias done


Dynamic libraries:
0x000000013fbf0000 - 0x000000013fc24000 	C:\Program Files\Java\jdk1.8.0_11\bin\java.exe
0x0000000076e40000 - 0x0000000076fe9000 	C:\Windows\SYSTEM32\ntdll.dll
0x0000000076c20000 - 0x0000000076d3f000 	C:\Windows\system32\kernel32.dll
0x000007fefcd70000 - 0x000007fefcddc000 	C:\Windows\system32\KERNELBASE.dll
0x000007fefdab0000 - 0x000007fefdb8b000 	C:\Windows\system32\ADVAPI32.dll
0x000007fefd1b0000 - 0x000007fefd24f000 	C:\Windows\system32\msvcrt.dll
0x000007fefdd20000 - 0x000007fefdd3f000 	C:\Windows\SYSTEM32\sechost.dll
0x000007fefecf0000 - 0x000007fefee1d000 	C:\Windows\system32\RPCRT4.dll
0x0000000076d40000 - 0x0000000076e3a000 	C:\Windows\system32\USER32.dll
0x000007fefd5d0000 - 0x000007fefd637000 	C:\Windows\system32\GDI32.dll
0x000007fefd900000 - 0x000007fefd90e000 	C:\Windows\system32\LPK.dll
0x000007fefd940000 - 0x000007fefda09000 	C:\Windows\system32\USP10.dll
0x000007fefadb0000 - 0x000007fefafa4000 	C:\Windows\WinSxS\amd64_microsoft.windows.common-controls_6595b64144ccf1df_6.0.7601.17514_none_fa396087175ac9ac\COMCTL32.dll
0x000007fefd250000 - 0x000007fefd2c1000 	C:\Windows\system32\SHLWAPI.dll
0x000007fefd910000 - 0x000007fefd93e000 	C:\Windows\system32\IMM32.DLL
0x000007fefdc10000 - 0x000007fefdd19000 	C:\Windows\system32\MSCTF.dll
0x000007fefcbb0000 - 0x000007fefcbf6000 	C:\Windows\system32\nvinitx.dll
0x000000000f000000 - 0x000000000f006000 	C:\Program Files\NVIDIA Corporation\CoProcManager\_etoured.dll
0x000007fef8a00000 - 0x000007fef8a55000 	C:\Program Files\NVIDIA Corporation\CoProcManager\nvd3d9wrapx.dll
0x000007fefd640000 - 0x000007fefd817000 	C:\Windows\system32\SETUPAPI.dll
0x000007fefccf0000 - 0x000007fefcd26000 	C:\Windows\system32\CFGMGR32.dll
0x000007fefd820000 - 0x000007fefd8f7000 	C:\Windows\system32\OLEAUT32.dll
0x000007fefdd50000 - 0x000007fefdf53000 	C:\Windows\system32\ole32.dll
0x000007fefccd0000 - 0x000007fefccea000 	C:\Windows\system32\DEVOBJ.dll
0x000007fef8650000 - 0x000007fef868d000 	C:\Program Files\NVIDIA Corporation\CoProcManager\nvdxgiwrapx.dll
0x000000006eef0000 - 0x000000006efc2000 	C:\Program Files\Java\jdk1.8.0_11\jre\bin\msvcr100.dll
0x0000000064f70000 - 0x000000006579a000 	C:\Program Files\Java\jdk1.8.0_11\jre\bin\server\jvm.dll
0x000007fef0630000 - 0x000007fef0639000 	C:\Windows\system32\WSOCK32.dll
0x000007fefd500000 - 0x000007fefd54d000 	C:\Windows\system32\WS2_32.dll
0x000007fefdd40000 - 0x000007fefdd48000 	C:\Windows\system32\NSI.dll
0x000007fefaa90000 - 0x000007fefaacb000 	C:\Windows\system32\WINMM.dll
0x0000000077010000 - 0x0000000077017000 	C:\Windows\system32\PSAPI.DLL
0x00000000722f0000 - 0x00000000722ff000 	C:\Program Files\Java\jdk1.8.0_11\jre\bin\verify.dll
0x000000006ff80000 - 0x000000006ffa8000 	C:\Program Files\Java\jdk1.8.0_11\jre\bin\java.dll
0x0000000070030000 - 0x0000000070046000 	C:\Program Files\Java\jdk1.8.0_11\jre\bin\zip.dll
0x000007fefdf60000 - 0x000007fefece8000 	C:\Windows\system32\SHELL32.dll
0x000007fefcca0000 - 0x000007fefccaf000 	C:\Windows\system32\profapi.dll
0x000000006e460000 - 0x000000006e5f6000 	C:\Program Files\Java\jdk1.8.0_11\jre\bin\awt.dll
0x000007fefacf0000 - 0x000007fefad46000 	C:\Windows\system32\uxtheme.dll
0x000007fef97a0000 - 0x000007fef97b8000 	C:\Windows\system32\dwmapi.dll
0x000007fefca80000 - 0x000007fefca8f000 	C:\Windows\system32\CRYPTBASE.dll
0x000000006f8e0000 - 0x000000006f927000 	C:\Program Files\Java\jdk1.8.0_11\jre\bin\fontmanager.dll
0x0000000070410000 - 0x00000000704a8000 	C:\Windows\System32\msvcp100.dll
0x000007feed880000 - 0x000007feedaf2000 	C:\opencv\build\x64\vc10\bin\opencv_core248.dll
0x000007feefb60000 - 0x000007feefbfa000 	C:\Users\Carlo\AppData\Local\Temp\javacpp11398501603249\jniopencv_core.dll
0x0000000066840000 - 0x00000000676b4000 	C:\opencv\build\x64\vc10\bin\opencv_ffmpeg248_64.dll
0x000007feee640000 - 0x000007feee8f2000 	C:\opencv\build\x64\vc10\bin\opencv_imgproc248.dll
0x000007feed630000 - 0x000007feed87d000 	C:\opencv\build\x64\vc10\bin\opencv_highgui248.dll
0x000007fef62b0000 - 0x000007fef62cf000 	C:\Windows\system32\AVIFIL32.dll
0x000007fefaa60000 - 0x000007fefaa78000 	C:\Windows\system32\MSACM32.dll
0x000007fef6280000 - 0x000007fef62a9000 	C:\Windows\system32\MSVFW32.dll
0x000007fef63a0000 - 0x000007fef63b7000 	C:\Windows\system32\AVICAP32.dll
0x000007fefbcc0000 - 0x000007fefbccc000 	C:\Windows\system32\VERSION.dll
0x000007fef5f70000 - 0x000007fef5f83000 	C:\Users\Carlo\AppData\Local\Temp\javacpp11398501603249\jniopencv_highgui.dll
0x000007fefee20000 - 0x000007fefeeb9000 	C:\Windows\system32\CLBCatQ.DLL
0x000007feef900000 - 0x000007feef916000 	C:\Windows\system32\devenum.dll
0x000007fefb7b0000 - 0x000007fefb7dd000 	C:\Windows\system32\ntmarta.dll
0x000007fefd550000 - 0x000007fefd5a2000 	C:\Windows\system32\WLDAP32.dll
0x000007fefcff0000 - 0x000007fefd02a000 	C:\Windows\system32\WINTRUST.dll
0x000007fefcde0000 - 0x000007fefcf4c000 	C:\Windows\system32\CRYPT32.dll
0x000007fefcc90000 - 0x000007fefcc9f000 	C:\Windows\system32\MSASN1.dll
0x000007feef870000 - 0x000007feef87d000 	C:\Windows\system32\msdmo.dll
0x000007fef5f40000 - 0x000007fef5f6f000 	C:\Windows\system32\qcap.dll
0x000007feecff0000 - 0x000007feed1a2000 	C:\Windows\system32\quartz.dll
0x000007feefc30000 - 0x000007feefc71000 	C:\Windows\system32\ksproxy.ax
0x0000000074800000 - 0x0000000074806000 	C:\Windows\system32\ksuser.dll
0x000007fee9eb0000 - 0x000007feea0af000 	C:\Windows\system32\d3d9.dll
0x000007fef6110000 - 0x000007fef6117000 	C:\Windows\system32\d3d8thk.dll
0x000007fef9430000 - 0x000007fef943b000 	C:\Windows\system32\vidcap.ax
0x000007fef0b20000 - 0x000007fef0b44000 	C:\Windows\system32\kswdmcap.ax
0x000007feed210000 - 0x000007feed36c000 	C:\Windows\system32\MFC42.dll
0x000007feee580000 - 0x000007feee631000 	C:\Windows\system32\ODBC32.dll
0x000000006f7f0000 - 0x000000006f828000 	C:\Windows\system32\odbcint.dll
0x000007feeebc0000 - 0x000007feeec5b000 	C:\Windows\System32\qedit.dll
0x000007fefda10000 - 0x000007fefdaa7000 	C:\Windows\system32\COMDLG32.dll
0x000007fefaad0000 - 0x000007feface6000 	C:\Windows\WinSxS\amd64_microsoft.windows.gdiplus_6595b64144ccf1df_1.1.7601.18120_none_2b25b14c71ebf230\gdiplus.dll
0x000007fef0880000 - 0x000007fef0971000 	C:\Windows\system32\DDRAW.dll
0x000007fef0870000 - 0x000007fef0878000 	C:\Windows\system32\DCIMAN32.dll
0x000007fef7e20000 - 0x000007fef7f2b000 	C:\Windows\system32\nvumdshimx.dll
0x0000000180000000 - 0x000000018072e000 	C:\Windows\system32\igdumd64.dll
0x000007fef5f30000 - 0x000007fef5f3b000 	C:\Windows\system32\msyuv.dll
0x000007feed490000 - 0x000007feed55a000 	C:\opencv\build\x64\vc10\bin\opencv_objdetect248.dll
0x000007fef0000000 - 0x000007fef004b000 	C:\Users\Carlo\AppData\Local\Temp\javacpp11398501603249\jniopencv_objdetect.dll
0x000007feed590000 - 0x000007feed629000 	C:\opencv\build\x64\vc10\bin\opencv_flann248.dll
0x000007feecf10000 - 0x000007feecfe7000 	C:\opencv\build\x64\vc10\bin\opencv_features2d248.dll
0x000007fee9960000 - 0x000007fee9a4b000 	C:\opencv\build\x64\vc10\bin\opencv_calib3d248.dll
0x000007feed420000 - 0x000007feed48f000 	C:\opencv\build\x64\vc10\bin\opencv_video248.dll
0x000007feece70000 - 0x000007feecf04000 	C:\opencv\build\x64\vc10\bin\opencv_ml248.dll
0x000007fee9810000 - 0x000007fee995c000 	C:\opencv\build\x64\vc10\bin\opencv_contrib248.dll
0x000007feed1b0000 - 0x000007feed206000 	C:\Users\Carlo\AppData\Local\Temp\javacpp11398501603249\jniopencv_contrib.dll
0x000000006fca0000 - 0x000000006fcba000 	C:\Program Files\Java\jdk1.8.0_11\jre\bin\net.dll
0x000007fefc420000 - 0x000007fefc475000 	C:\Windows\system32\mswsock.dll
0x000007fefc410000 - 0x000007fefc417000 	C:\Windows\System32\wship6.dll
0x000000006fc80000 - 0x000000006fc91000 	C:\Program Files\Java\jdk1.8.0_11\jre\bin\nio.dll
0x000000006f930000 - 0x000000006f971000 	C:\Program Files\Java\jdk1.8.0_11\jre\bin\t2k.dll
0x000007feee530000 - 0x000007feee57d000 	C:\Users\Carlo\AppData\Local\Temp\javacpp11398501603249\jniopencv_imgproc.dll
0x000000006f870000 - 0x000000006f89a000 	C:\Program Files\Java\jdk1.8.0_11\jre\bin\dcpr.dll
0x000007fef94f0000 - 0x000007fef9651000 	C:\Windows\system32\WindowsCodecs.dll
0x000007fefcb30000 - 0x000007fefcb87000 	C:\Windows\system32\apphelp.dll
0x000007fef4c10000 - 0x000007fef4e4d000 	C:\PROGRA~1\MICROS~4\Office15\GROOVEEX.DLL
0x00000000703e0000 - 0x000000007040b000 	C:\Windows\system32\ATL100.DLL
0x000007fef48f0000 - 0x000007fef4c07000 	C:\Windows\system32\msi.dll
0x000007fef3ba0000 - 0x000007fef441a000 	C:\PROGRA~1\MICROS~4\Office15\1033\GrooveIntlResource.dll
0x000007fef3b60000 - 0x000007fef3b95000 	C:\Windows\system32\EhStorShell.dll
0x000007fefb550000 - 0x000007fefb67c000 	C:\Windows\system32\PROPSYS.dll
0x000007fef3aa0000 - 0x000007fef3b60000 	C:\Program Files (x86)\Google\Drive\googledrivesync64.dll
0x0000000070300000 - 0x00000000703d3000 	C:\Windows\WinSxS\amd64_microsoft.vc90.crt_1fc8b3b9a1e18e3b_9.0.30729.6161_none_08e61857a83bc251\MSVCP90.dll
0x0000000070250000 - 0x00000000702f3000 	C:\Windows\WinSxS\amd64_microsoft.vc90.crt_1fc8b3b9a1e18e3b_9.0.30729.6161_none_08e61857a83bc251\MSVCR90.dll
0x000007fef39f0000 - 0x000007fef3a6e000 	C:\Windows\System32\cscui.dll
0x000007fef3a90000 - 0x000007fef3a9c000 	C:\Windows\System32\CSCDLL.dll
0x000007fef7510000 - 0x000007fef751f000 	C:\Windows\system32\CSCAPI.dll
0x000007fef3970000 - 0x000007fef39f0000 	C:\Windows\system32\ntshrui.dll
0x000007fefc7e0000 - 0x000007fefc803000 	C:\Windows\system32\srvcli.dll
0x000007fefb210000 - 0x000007fefb21b000 	C:\Windows\system32\slc.dll
0x000007fef1bf0000 - 0x000007fef1d15000 	C:\Windows\system32\dbghelp.dll

VM Arguments:
jvm_args: -Dfile.encoding=UTF-8 
java_command: recognizer.Recognizer
java_class_path (initial): C:\javacv-bin\javacpp.jar;C:\javacv-bin\javacv-windows-x86_64.jar;C:\javacv-bin\javacv.jar;C:\Users\Carlo\Desktop\mfz-rxtx-2.2-20081207-win-x64\lib\RXTXcomm.jar;C:\Users\Carlo\Documents\NetBeansProjects\Recognizer\build\classes
Launcher Type: SUN_STANDARD

Environment Variables:
CLASSPATH=Ó<:w>¤u;C:\EZJcom\ezjcom18.jar;C:\Users\Carlo\Desktop\wmp\Jmsdxm.jar
PATH=C:\Program Files (x86)\iis express\PHP\v5.4;C:\Program Files (x86)\PHP\;C:\Program Files\Common Files\Microsoft Shared\Windows Live;C:\Program Files (x86)\Common Files\Microsoft Shared\Windows Live;C:\Program Files (x86)\NVIDIA Corporation\PhysX\Common;C:\Windows\system32;C:\Windows;C:\Windows\System32\Wbem;C:\Windows\System32\WindowsPowerShell\v1.0\;C:\Program Files\7-Zip;C:\Program Files (x86)\Windows Live\Shared;c:\Program Files (x86)\Microsoft SQL Server\100\Tools\Binn\;c:\Program Files\Microsoft SQL Server\100\Tools\Binn\;c:\Program Files\Microsoft SQL Server\100\DTS\Binn\;C:\opencv\build\x64\vc10\bin;C:\Program Files (x86)\Google\google_appengine\;C:\Program Files\Java\jdk1.8.0_11\bin;.;;.;
USERNAME=Carlo
OS=Windows_NT
PROCESSOR_IDENTIFIER=Intel64 Family 6 Model 42 Stepping 7, GenuineIntel



---------------  S Y S T E M  ---------------

OS: Windows 7 , 64 bit Build 7601 Service Pack 1

CPU:total 4 (2 cores per cpu, 2 threads per core) family 6 model 42 stepping 7, cmov, cx8, fxsr, mmx, sse, sse2, sse3, ssse3, sse4.1, sse4.2, popcnt, avx, clmul, ht, tsc, tscinvbit

Memory: 4k page, physical 4105776k(2147116k free), swap 65543912k(62195072k free)

vm_info: Java HotSpot(TM) 64-Bit Server VM (25.11-b03) for windows-amd64 JRE (1.8.0_11-b12), built on Jun 16 2014 20:57:32 by "java_re" with MS VC++ 10.0 (VS2010)

time: Tue Jul 29 14:31:14 2014
elapsed time: 11 seconds

