#
# A fatal error has been detected by the Java Runtime Environment:
#
#  EXCEPTION_ACCESS_VIOLATION (0xc0000005) at pc=0x000007fef5f950ec, pid=5796, tid=832
#
# JRE version: Java(TM) SE Runtime Environment (8.0_11-b12) (build 1.8.0_11-b12)
# Java VM: Java HotSpot(TM) 64-Bit Server VM (25.11-b03 mixed mode windows-amd64 compressed oops)
# Problematic frame:
# C  [jniopencv_core.dll+0x250ec]
#
# Failed to write core dump. Minidumps are not enabled by default on client versions of Windows
#
# If you would like to submit a bug report, please visit:
#   http://bugreport.sun.com/bugreport/crash.jsp
# The crash happened outside the Java Virtual Machine in native code.
# See problematic frame for where to report the bug.
#

---------------  T H R E A D  ---------------

Current thread (0x00000000091a0800):  JavaThread "Thread-2" [_thread_in_native, id=832, stack(0x000000000b310000,0x000000000b410000)]

siginfo: ExceptionCode=0xc0000005, reading address 0x000000000bb3e070

Registers:
RAX=0x0000000000000000, RBX=0x0000000009852638, RCX=0x0000000000000000, RDX=0x000000000b40f008
RSP=0x000000000b40ef50, RBP=0x000000000b40efe8, RSI=0x000000000bb3e070, RDI=0x000000000b40f008
R8 =0x0000000000000032, R9 =0x00000000ec3983e8, R10=0x000000000000008e, R11=0x000000006e719230
R12=0x0000000000000000, R13=0x0000000009852638, R14=0x000000000b40f008, R15=0x00000000091a0800
RIP=0x000007fef5f950ec, EFLAGS=0x0000000000010246

Top of Stack: (sp=0x000000000b40ef50)
0x000000000b40ef50:   00000000eb2b0b98 0000000000000000
0x000000000b40ef60:   405a000020000000 000000000f0256ba
0x000000000b40ef70:   000000000f016f70 000000000f02518e
0x000000000b40ef80:   0000000009852638 0000000000000019
0x000000000b40ef90:   0000000009181130 3ff199999999999a
0x000000000b40efa0:   0000000000000003 000000000b40efa8
0x000000000b40efb0:   0000000000000000 000000000b40f008
0x000000000b40efc0:   0000000009918510 0000000000000000
0x000000000b40efd0:   0000000009852638 0000000000000000
0x000000000b40efe0:   000000000b40f008 000000000b40f050
0x000000000b40eff0:   000000000f016f70 0000000000000000
0x000000000b40f000:   000000000f01f016 00000000ec3983e8
0x000000000b40f010:   000000000b40f010 000000000622678c
0x000000000b40f020:   000000000b40f0b0 0000000006231f50
0x000000000b40f030:   0000000000000000 00000000062269f0
0x000000000b40f040:   000000000b40f008 000000000b40f0a8 

Instructions: (pc=0x000007fef5f950ec)
0x000007fef5f950cc:   5f c3 48 8b 03 4c 8b 05 f8 db 06 00 48 8b d7 ff
0x000007fef5f950dc:   90 20 03 00 00 48 8b 5c 24 30 48 63 c8 48 03 c9
0x000007fef5f950ec:   8b 04 ce 48 8b 74 24 38 48 83 c4 20 5f c3 cc cc
0x000007fef5f950fc:   cc cc cc cc 48 8b c4 57 48 83 ec 70 48 c7 44 24 


Register to memory mapping:

RAX=0x0000000000000000 is an unknown value
RBX=0x0000000009852638 is an unknown value
RCX=0x0000000000000000 is an unknown value
RDX=0x000000000b40f008 is pointing into the stack for thread: 0x00000000091a0800
RSP=0x000000000b40ef50 is pointing into the stack for thread: 0x00000000091a0800
RBP=0x000000000b40efe8 is pointing into the stack for thread: 0x00000000091a0800
RSI=0x000000000bb3e070 is an unknown value
RDI=0x000000000b40f008 is pointing into the stack for thread: 0x00000000091a0800
R8 =0x0000000000000032 is an unknown value
R9 =0x00000000ec3983e8 is an oop
com.googlecode.javacv.cpp.opencv_core$CvRect 
 - klass: 'com/googlecode/javacv/cpp/opencv_core$CvRect'
R10=0x000000000000008e is an unknown value
R11=0x000000006e719230 is an unknown value
R12=0x0000000000000000 is an unknown value
R13=0x0000000009852638 is an unknown value
R14=0x000000000b40f008 is pointing into the stack for thread: 0x00000000091a0800
R15=0x00000000091a0800 is a thread


Stack: [0x000000000b310000,0x000000000b410000],  sp=0x000000000b40ef50,  free space=1019k
Native frames: (J=compiled Java code, j=interpreted, Vv=VM code, C=native code)
C  [jniopencv_core.dll+0x250ec]
C  0x000000000f02518e

Java frames: (J=compiled Java code, j=interpreted, Vv=VM code)
j  com.googlecode.javacv.cpp.opencv_core$CvRect.x()I+0
j  recognizer.FaceRecognition.predictImg(Lcom/googlecode/javacv/cpp/opencv_core$IplImage;)V+4
j  recognizer.FaceRecognition.captureImg()V+36
j  recognizer.FaceRecognition.captureImg2()V+167
j  recognizer.FaceRecognition.run()V+5
j  java.lang.Thread.run()V+11
v  ~StubRoutines::call_stub

---------------  P R O C E S S  ---------------

Java Threads: ( => current thread )
  0x000000000e08a000 JavaThread "Thread-3" [_thread_in_Java, id=4512, stack(0x000000005e4d0000,0x000000005e5d0000)]
=>0x00000000091a0800 JavaThread "Thread-2" [_thread_in_native, id=832, stack(0x000000000b310000,0x000000000b410000)]
  0x0000000001d2e000 JavaThread "DestroyJavaVM" [_thread_blocked, id=3168, stack(0x0000000002820000,0x0000000002920000)]
  0x0000000007f48800 JavaThread "AWT-EventQueue-0" [_thread_blocked, id=4188, stack(0x0000000009740000,0x0000000009840000)]
  0x0000000007ee4000 JavaThread "AWT-Windows" daemon [_thread_in_native, id=3704, stack(0x0000000007f70000,0x0000000008070000)]
  0x0000000007ee2800 JavaThread "AWT-Shutdown" [_thread_blocked, id=5972, stack(0x0000000008820000,0x0000000008920000)]
  0x0000000007edd800 JavaThread "Java2D Disposer" daemon [_thread_blocked, id=5384, stack(0x0000000008660000,0x0000000008760000)]
  0x0000000007bcd000 JavaThread "Service Thread" daemon [_thread_blocked, id=3268, stack(0x0000000008480000,0x0000000008580000)]
  0x00000000064d4800 JavaThread "C1 CompilerThread2" daemon [_thread_blocked, id=4484, stack(0x00000000082d0000,0x00000000083d0000)]
  0x00000000064d3000 JavaThread "C2 CompilerThread1" daemon [_thread_blocked, id=1244, stack(0x00000000080a0000,0x00000000081a0000)]
  0x00000000064cd800 JavaThread "C2 CompilerThread0" daemon [_thread_blocked, id=5604, stack(0x00000000075d0000,0x00000000076d0000)]
  0x00000000064df800 JavaThread "Attach Listener" daemon [_thread_blocked, id=5264, stack(0x0000000007a50000,0x0000000007b50000)]
  0x00000000064dc000 JavaThread "Signal Dispatcher" daemon [_thread_blocked, id=3492, stack(0x00000000073c0000,0x00000000074c0000)]
  0x0000000006474000 JavaThread "Finalizer" daemon [_thread_blocked, id=3376, stack(0x00000000078a0000,0x00000000079a0000)]
  0x0000000006469000 JavaThread "Reference Handler" daemon [_thread_blocked, id=3276, stack(0x0000000007700000,0x0000000007800000)]

Other Threads:
  0x0000000006465000 VMThread [stack: 0x00000000074c0000,0x00000000075c0000] [id=2104]
  0x0000000007bd0800 WatcherThread [stack: 0x00000000081a0000,0x00000000082a0000] [id=1028]

VM state:not at safepoint (normal execution)

VM Mutex/Monitor currently owned by a thread: None

Heap:
 PSYoungGen      total 22016K, used 5045K [0x00000000eb180000, 0x00000000ed680000, 0x0000000100000000)
  eden space 18432K, 11% used [0x00000000eb180000,0x00000000eb3a2498,0x00000000ec380000)
  from space 3584K, 79% used [0x00000000ec380000,0x00000000ec64b030,0x00000000ec700000)
  to   space 4096K, 0% used [0x00000000ed280000,0x00000000ed280000,0x00000000ed680000)
 ParOldGen       total 64000K, used 45908K [0x00000000c1400000, 0x00000000c5280000, 0x00000000eb180000)
  object space 64000K, 71% used [0x00000000c1400000,0x00000000c40d5378,0x00000000c5280000)
 Metaspace       used 12756K, capacity 12870K, committed 13184K, reserved 1060864K
  class space    used 1587K, capacity 1627K, committed 1664K, reserved 1048576K

Card table byte_map: [0x0000000002fb0000,0x00000000031b0000] byte_map_base: 0x00000000029a6000

Marking Bits: (ParMarkBitMap*) 0x000000006e7212b0
 Begin Bits: [0x0000000003980000, 0x0000000004930000)
 End Bits:   [0x0000000004930000, 0x00000000058e0000)

Polling page: 0x0000000000330000

CodeCache: size=245760Kb used=4861Kb max_used=4861Kb free=240898Kb
 bounds [0x000000000f010000, 0x000000000f4e0000, 0x000000001e010000]
 total_blobs=2019 nmethods=1460 adapters=472
 compilation: enabled

Compilation events (10 events):
Event: 12.741 Thread 0x00000000064d4800 1457   !   3       java.lang.ref.Finalizer::runFinalizer (62 bytes)
Event: 12.742 Thread 0x00000000064d4800 nmethod 1457 0x000000000f4b5ed0 code [0x000000000f4b6080, 0x000000000f4b68d8]
Event: 12.742 Thread 0x00000000064d4800 1458       3       java.lang.ref.Finalizer::hasBeenFinalized (14 bytes)
Event: 12.743 Thread 0x00000000064d4800 nmethod 1458 0x000000000f4b9310 code [0x000000000f4b9460, 0x000000000f4b9610]
Event: 12.743 Thread 0x00000000064d4800 1459   !   3       java.lang.ref.Finalizer::remove (94 bytes)
Event: 12.743 Thread 0x00000000064d4800 nmethod 1459 0x000000000f4b8b50 code [0x000000000f4b8cc0, 0x000000000f4b9190]
Event: 12.743 Thread 0x00000000064d4800 1460       3       java.lang.System$2::invokeFinalize (5 bytes)
Event: 12.743 Thread 0x00000000064d4800 nmethod 1460 0x000000000f4b5a90 code [0x000000000f4b5c00, 0x000000000f4b5e08]
Event: 12.750 Thread 0x00000000064d4800 1461       1       java.awt.image.DataBuffer::getOffset (5 bytes)
Event: 12.750 Thread 0x00000000064d4800 nmethod 1461 0x000000000f4b57d0 code [0x000000000f4b5920, 0x000000000f4b5a30]

GC Heap History (10 events):
Event: 4.730 GC heap before
{Heap before GC invocations=9 (full 0):
 PSYoungGen      total 8704K, used 8432K [0x00000000eb180000, 0x00000000ebe80000, 0x0000000100000000)
  eden space 7168K, 96% used [0x00000000eb180000,0x00000000eb83ee20,0x00000000eb880000)
  from space 1536K, 99% used [0x00000000ebb00000,0x00000000ebc7d480,0x00000000ebc80000)
  to   space 2560K, 0% used [0x00000000eb880000,0x00000000eb880000,0x00000000ebb00000)
 ParOldGen       total 64000K, used 2901K [0x00000000c1400000, 0x00000000c5280000, 0x00000000eb180000)
  object space 64000K, 4% used [0x00000000c1400000,0x00000000c16d5510,0x00000000c5280000)
 Metaspace       used 12477K, capacity 12608K, committed 12928K, reserved 1060864K
  class space    used 1586K, capacity 1626K, committed 1664K, reserved 1048576K
Event: 4.740 GC heap after
Heap after GC invocations=9 (full 0):
 PSYoungGen      total 9728K, used 2297K [0x00000000eb180000, 0x00000000ec200000, 0x0000000100000000)
  eden space 7168K, 0% used [0x00000000eb180000,0x00000000eb180000,0x00000000eb880000)
  from space 2560K, 89% used [0x00000000eb880000,0x00000000ebabe490,0x00000000ebb00000)
  to   space 2560K, 0% used [0x00000000ebf80000,0x00000000ebf80000,0x00000000ec200000)
 ParOldGen       total 64000K, used 9401K [0x00000000c1400000, 0x00000000c5280000, 0x00000000eb180000)
  object space 64000K, 14% used [0x00000000c1400000,0x00000000c1d2e580,0x00000000c5280000)
 Metaspace       used 12477K, capacity 12608K, committed 12928K, reserved 1060864K
  class space    used 1586K, capacity 1626K, committed 1664K, reserved 1048576K
}
Event: 5.779 GC heap before
{Heap before GC invocations=10 (full 0):
 PSYoungGen      total 9728K, used 9142K [0x00000000eb180000, 0x00000000ec200000, 0x0000000100000000)
  eden space 7168K, 95% used [0x00000000eb180000,0x00000000eb82f5a8,0x00000000eb880000)
  from space 2560K, 89% used [0x00000000eb880000,0x00000000ebabe490,0x00000000ebb00000)
  to   space 2560K, 0% used [0x00000000ebf80000,0x00000000ebf80000,0x00000000ec200000)
 ParOldGen       total 64000K, used 9401K [0x00000000c1400000, 0x00000000c5280000, 0x00000000eb180000)
  object space 64000K, 14% used [0x00000000c1400000,0x00000000c1d2e580,0x00000000c5280000)
 Metaspace       used 12546K, capacity 12678K, committed 12928K, reserved 1060864K
  class space    used 1587K, capacity 1627K, committed 1664K, reserved 1048576K
Event: 5.810 GC heap after
Heap after GC invocations=10 (full 0):
 PSYoungGen      total 13824K, used 1928K [0x00000000eb180000, 0x00000000ec300000, 0x0000000100000000)
  eden space 11264K, 0% used [0x00000000eb180000,0x00000000eb180000,0x00000000ebc80000)
  from space 2560K, 75% used [0x00000000ebf80000,0x00000000ec162020,0x00000000ec200000)
  to   space 3072K, 0% used [0x00000000ebc80000,0x00000000ebc80000,0x00000000ebf80000)
 ParOldGen       total 64000K, used 14326K [0x00000000c1400000, 0x00000000c5280000, 0x00000000eb180000)
  object space 64000K, 22% used [0x00000000c1400000,0x00000000c21fda40,0x00000000c5280000)
 Metaspace       used 12546K, capacity 12678K, committed 12928K, reserved 1060864K
  class space    used 1587K, capacity 1627K, committed 1664K, reserved 1048576K
}
Event: 8.092 GC heap before
{Heap before GC invocations=11 (full 0):
 PSYoungGen      total 13824K, used 13163K [0x00000000eb180000, 0x00000000ec300000, 0x0000000100000000)
  eden space 11264K, 99% used [0x00000000eb180000,0x00000000ebc78fa0,0x00000000ebc80000)
  from space 2560K, 75% used [0x00000000ebf80000,0x00000000ec162020,0x00000000ec200000)
  to   space 3072K, 0% used [0x00000000ebc80000,0x00000000ebc80000,0x00000000ebf80000)
 ParOldGen       total 64000K, used 14326K [0x00000000c1400000, 0x00000000c5280000, 0x00000000eb180000)
  object space 64000K, 22% used [0x00000000c1400000,0x00000000c21fda40,0x00000000c5280000)
 Metaspace       used 12702K, capacity 12870K, committed 13184K, reserved 1060864K
  class space    used 1587K, capacity 1627K, committed 1664K, reserved 1048576K
Event: 8.099 GC heap after
Heap after GC invocations=11 (full 0):
 PSYoungGen      total 14336K, used 2860K [0x00000000eb180000, 0x00000000eca80000, 0x0000000100000000)
  eden space 11264K, 0% used [0x00000000eb180000,0x00000000eb180000,0x00000000ebc80000)
  from space 3072K, 93% used [0x00000000ebc80000,0x00000000ebf4b030,0x00000000ebf80000)
  to   space 3584K, 0% used [0x00000000ec700000,0x00000000ec700000,0x00000000eca80000)
 ParOldGen       total 64000K, used 22458K [0x00000000c1400000, 0x00000000c5280000, 0x00000000eb180000)
  object space 64000K, 35% used [0x00000000c1400000,0x00000000c29eead0,0x00000000c5280000)
 Metaspace       used 12702K, capacity 12870K, committed 13184K, reserved 1060864K
  class space    used 1587K, capacity 1627K, committed 1664K, reserved 1048576K
}
Event: 9.221 GC heap before
{Heap before GC invocations=12 (full 0):
 PSYoungGen      total 14336K, used 13238K [0x00000000eb180000, 0x00000000eca80000, 0x0000000100000000)
  eden space 11264K, 92% used [0x00000000eb180000,0x00000000ebba2998,0x00000000ebc80000)
  from space 3072K, 93% used [0x00000000ebc80000,0x00000000ebf4b030,0x00000000ebf80000)
  to   space 3584K, 0% used [0x00000000ec700000,0x00000000ec700000,0x00000000eca80000)
 ParOldGen       total 64000K, used 23358K [0x00000000c1400000, 0x00000000c5280000, 0x00000000eb180000)
  object space 64000K, 36% used [0x00000000c1400000,0x00000000c2acfae0,0x00000000c5280000)
 Metaspace       used 12739K, capacity 12870K, committed 13184K, reserved 1060864K
  class space    used 1587K, capacity 1627K, committed 1664K, reserved 1048576K
Event: 9.231 GC heap after
Heap after GC invocations=12 (full 0):
 PSYoungGen      total 22016K, used 2860K [0x00000000eb180000, 0x00000000eca80000, 0x0000000100000000)
  eden space 18432K, 0% used [0x00000000eb180000,0x00000000eb180000,0x00000000ec380000)
  from space 3584K, 79% used [0x00000000ec700000,0x00000000ec9cb030,0x00000000eca80000)
  to   space 3584K, 0% used [0x00000000ec380000,0x00000000ec380000,0x00000000ec700000)
 ParOldGen       total 64000K, used 33290K [0x00000000c1400000, 0x00000000c5280000, 0x00000000eb180000)
  object space 64000K, 52% used [0x00000000c1400000,0x00000000c3482b90,0x00000000c5280000)
 Metaspace       used 12739K, capacity 12870K, committed 13184K, reserved 1060864K
  class space    used 1587K, capacity 1627K, committed 1664K, reserved 1048576K
}
Event: 12.729 GC heap before
{Heap before GC invocations=13 (full 0):
 PSYoungGen      total 22016K, used 21292K [0x00000000eb180000, 0x00000000eca80000, 0x0000000100000000)
  eden space 18432K, 100% used [0x00000000eb180000,0x00000000ec380000,0x00000000ec380000)
  from space 3584K, 79% used [0x00000000ec700000,0x00000000ec9cb030,0x00000000eca80000)
  to   space 3584K, 0% used [0x00000000ec380000,0x00000000ec380000,0x00000000ec700000)
 ParOldGen       total 64000K, used 34192K [0x00000000c1400000, 0x00000000c5280000, 0x00000000eb180000)
  object space 64000K, 53% used [0x00000000c1400000,0x00000000c35642a8,0x00000000c5280000)
 Metaspace       used 12755K, capacity 12870K, committed 13184K, reserved 1060864K
  class space    used 1587K, capacity 1627K, committed 1664K, reserved 1048576K
Event: 12.740 GC heap after
Heap after GC invocations=13 (full 0):
 PSYoungGen      total 22016K, used 2860K [0x00000000eb180000, 0x00000000ed680000, 0x0000000100000000)
  eden space 18432K, 0% used [0x00000000eb180000,0x00000000eb180000,0x00000000ec380000)
  from space 3584K, 79% used [0x00000000ec380000,0x00000000ec64b030,0x00000000ec700000)
  to   space 4096K, 0% used [0x00000000ed280000,0x00000000ed280000,0x00000000ed680000)
 ParOldGen       total 64000K, used 45908K [0x00000000c1400000, 0x00000000c5280000, 0x00000000eb180000)
  object space 64000K, 71% used [0x00000000c1400000,0x00000000c40d5378,0x00000000c5280000)
 Metaspace       used 12755K, capacity 12870K, committed 13184K, reserved 1060864K
  class space    used 1587K, capacity 1627K, committed 1664K, reserved 1048576K
}

Deoptimization events (0 events):
No events

Internal exceptions (10 events):
Event: 12.126 Thread 0x00000000091a0800 Exception <a 'java/io/FileNotFoundException'> (0x00000000ec01d130) thrown at [C:\re\workspace\8-2-build-windows-amd64-cygwin\jdk8u11\648\hotspot\src\share\vm\prims\jni.cpp, line 716]
Event: 12.130 Thread 0x00000000091a0800 Exception <a 'java/io/FileNotFoundException'> (0x00000000ec1246b0) thrown at [C:\re\workspace\8-2-build-windows-amd64-cygwin\jdk8u11\648\hotspot\src\share\vm\prims\jni.cpp, line 716]
Event: 12.409 Thread 0x00000000091a0800 Exception <a 'java/io/FileNotFoundException'> (0x00000000ec1345b0) thrown at [C:\re\workspace\8-2-build-windows-amd64-cygwin\jdk8u11\648\hotspot\src\share\vm\prims\jni.cpp, line 716]
Event: 12.413 Thread 0x00000000091a0800 Exception <a 'java/io/FileNotFoundException'> (0x00000000ec238210) thrown at [C:\re\workspace\8-2-build-windows-amd64-cygwin\jdk8u11\648\hotspot\src\share\vm\prims\jni.cpp, line 716]
Event: 12.647 Thread 0x00000000091a0800 Exception <a 'java/io/FileNotFoundException'> (0x00000000ec248c78) thrown at [C:\re\workspace\8-2-build-windows-amd64-cygwin\jdk8u11\648\hotspot\src\share\vm\prims\jni.cpp, line 716]
Event: 12.648 Thread 0x00000000091a0800 Exception <a 'java/io/FileNotFoundException'> (0x00000000ec350d80) thrown at [C:\re\workspace\8-2-build-windows-amd64-cygwin\jdk8u11\648\hotspot\src\share\vm\prims\jni.cpp, line 716]
Event: 12.728 Thread 0x00000000091a0800 Exception <a 'java/io/FileNotFoundException'> (0x00000000ec360c80) thrown at [C:\re\workspace\8-2-build-windows-amd64-cygwin\jdk8u11\648\hotspot\src\share\vm\prims\jni.cpp, line 716]
Event: 12.741 Thread 0x00000000091a0800 Exception <a 'java/io/FileNotFoundException'> (0x00000000eb183108) thrown at [C:\re\workspace\8-2-build-windows-amd64-cygwin\jdk8u11\648\hotspot\src\share\vm\prims\jni.cpp, line 716]
Event: 12.829 Thread 0x00000000091a0800 Exception <a 'java/io/FileNotFoundException'> (0x00000000eb19d610) thrown at [C:\re\workspace\8-2-build-windows-amd64-cygwin\jdk8u11\648\hotspot\src\share\vm\prims\jni.cpp, line 716]
Event: 12.829 Thread 0x00000000091a0800 Exception <a 'java/io/FileNotFoundException'> (0x00000000eb2a1658) thrown at [C:\re\workspace\8-2-build-windows-amd64-cygwin\jdk8u11\648\hotspot\src\share\vm\prims\jni.cpp, line 716]

Events (10 events):
Event: 8.106 Executing VM operation: BulkRevokeBias
Event: 8.106 Executing VM operation: BulkRevokeBias done
Event: 9.220 Executing VM operation: ParallelGCFailedAllocation
Event: 9.221 Executing VM operation: ParallelGCFailedAllocation done
Event: 9.221 Executing VM operation: ParallelGCSystemGC
Event: 9.232 Executing VM operation: ParallelGCSystemGC done
Event: 12.729 Executing VM operation: ParallelGCFailedAllocation
Event: 12.729 Executing VM operation: ParallelGCFailedAllocation done
Event: 12.729 Executing VM operation: ParallelGCSystemGC
Event: 12.740 Executing VM operation: ParallelGCSystemGC done


Dynamic libraries:
0x000000013fdd0000 - 0x000000013fe04000 	C:\Program Files\Java\jdk1.8.0_11\bin\java.exe
0x0000000076e40000 - 0x0000000076fe9000 	C:\Windows\SYSTEM32\ntdll.dll
0x0000000076c20000 - 0x0000000076d3f000 	C:\Windows\system32\kernel32.dll
0x000007fefcd70000 - 0x000007fefcddc000 	C:\Windows\system32\KERNELBASE.dll
0x000007fefdab0000 - 0x000007fefdb8b000 	C:\Windows\system32\ADVAPI32.dll
0x000007fefd1b0000 - 0x000007fefd24f000 	C:\Windows\system32\msvcrt.dll
0x000007fefdd20000 - 0x000007fefdd3f000 	C:\Windows\SYSTEM32\sechost.dll
0x000007fefecf0000 - 0x000007fefee1d000 	C:\Windows\system32\RPCRT4.dll
0x0000000076d40000 - 0x0000000076e3a000 	C:\Windows\system32\USER32.dll
0x000007fefd5d0000 - 0x000007fefd637000 	C:\Windows\system32\GDI32.dll
0x000007fefd900000 - 0x000007fefd90e000 	C:\Windows\system32\LPK.dll
0x000007fefd940000 - 0x000007fefda09000 	C:\Windows\system32\USP10.dll
0x000007fefadb0000 - 0x000007fefafa4000 	C:\Windows\WinSxS\amd64_microsoft.windows.common-controls_6595b64144ccf1df_6.0.7601.17514_none_fa396087175ac9ac\COMCTL32.dll
0x000007fefd250000 - 0x000007fefd2c1000 	C:\Windows\system32\SHLWAPI.dll
0x000007fefd910000 - 0x000007fefd93e000 	C:\Windows\system32\IMM32.DLL
0x000007fefdc10000 - 0x000007fefdd19000 	C:\Windows\system32\MSCTF.dll
0x000007fefcbb0000 - 0x000007fefcbf6000 	C:\Windows\system32\nvinitx.dll
0x000000000f000000 - 0x000000000f006000 	C:\Program Files\NVIDIA Corporation\CoProcManager\_etoured.dll
0x000007fef8a00000 - 0x000007fef8a55000 	C:\Program Files\NVIDIA Corporation\CoProcManager\nvd3d9wrapx.dll
0x000007fefd640000 - 0x000007fefd817000 	C:\Windows\system32\SETUPAPI.dll
0x000007fefccf0000 - 0x000007fefcd26000 	C:\Windows\system32\CFGMGR32.dll
0x000007fefd820000 - 0x000007fefd8f7000 	C:\Windows\system32\OLEAUT32.dll
0x000007fefdd50000 - 0x000007fefdf53000 	C:\Windows\system32\ole32.dll
0x000007fefccd0000 - 0x000007fefccea000 	C:\Windows\system32\DEVOBJ.dll
0x000007fef8650000 - 0x000007fef868d000 	C:\Program Files\NVIDIA Corporation\CoProcManager\nvdxgiwrapx.dll
0x000000006f7c0000 - 0x000000006f892000 	C:\Program Files\Java\jdk1.8.0_11\jre\bin\msvcr100.dll
0x000000006df70000 - 0x000000006e79a000 	C:\Program Files\Java\jdk1.8.0_11\jre\bin\server\jvm.dll
0x000007fef0630000 - 0x000007fef0639000 	C:\Windows\system32\WSOCK32.dll
0x000007fefd500000 - 0x000007fefd54d000 	C:\Windows\system32\WS2_32.dll
0x000007fefdd40000 - 0x000007fefdd48000 	C:\Windows\system32\NSI.dll
0x000007fefaa90000 - 0x000007fefaacb000 	C:\Windows\system32\WINMM.dll
0x0000000077010000 - 0x0000000077017000 	C:\Windows\system32\PSAPI.DLL
0x00000000722f0000 - 0x00000000722ff000 	C:\Program Files\Java\jdk1.8.0_11\jre\bin\verify.dll
0x000000006ff80000 - 0x000000006ffa8000 	C:\Program Files\Java\jdk1.8.0_11\jre\bin\java.dll
0x0000000070030000 - 0x0000000070046000 	C:\Program Files\Java\jdk1.8.0_11\jre\bin\zip.dll
0x000007fefdf60000 - 0x000007fefece8000 	C:\Windows\system32\SHELL32.dll
0x000007fefcca0000 - 0x000007fefccaf000 	C:\Windows\system32\profapi.dll
0x000000006ee30000 - 0x000000006efc6000 	C:\Program Files\Java\jdk1.8.0_11\jre\bin\awt.dll
0x000007fefacf0000 - 0x000007fefad46000 	C:\Windows\system32\uxtheme.dll
0x000007fef97a0000 - 0x000007fef97b8000 	C:\Windows\system32\dwmapi.dll
0x000007fefca80000 - 0x000007fefca8f000 	C:\Windows\system32\CRYPTBASE.dll
0x000000006f930000 - 0x000000006f977000 	C:\Program Files\Java\jdk1.8.0_11\jre\bin\fontmanager.dll
0x0000000070410000 - 0x00000000704a8000 	C:\Windows\System32\msvcp100.dll
0x000007feed800000 - 0x000007feeda72000 	C:\opencv\build\x64\vc10\bin\opencv_core248.dll
0x000007fef5f70000 - 0x000007fef600a000 	C:\Users\Carlo\AppData\Local\Temp\javacpp8082798617091\jniopencv_core.dll
0x0000000066840000 - 0x00000000676b4000 	C:\opencv\build\x64\vc10\bin\opencv_ffmpeg248_64.dll
0x000007feecf90000 - 0x000007feed242000 	C:\opencv\build\x64\vc10\bin\opencv_imgproc248.dll
0x000007feedab0000 - 0x000007feedcfd000 	C:\opencv\build\x64\vc10\bin\opencv_highgui248.dll
0x000007fef5f50000 - 0x000007fef5f6f000 	C:\Windows\system32\AVIFIL32.dll
0x000007fefaa60000 - 0x000007fefaa78000 	C:\Windows\system32\MSACM32.dll
0x000007fef5f20000 - 0x000007fef5f49000 	C:\Windows\system32\MSVFW32.dll
0x000007fef6280000 - 0x000007fef6297000 	C:\Windows\system32\AVICAP32.dll
0x000007fefbcc0000 - 0x000007fefbccc000 	C:\Windows\system32\VERSION.dll
0x000007fef0bf0000 - 0x000007fef0c03000 	C:\Users\Carlo\AppData\Local\Temp\javacpp8082798617091\jniopencv_highgui.dll
0x000007fefee20000 - 0x000007fefeeb9000 	C:\Windows\system32\CLBCatQ.DLL
0x000007feef900000 - 0x000007feef916000 	C:\Windows\system32\devenum.dll
0x000007fefb7b0000 - 0x000007fefb7dd000 	C:\Windows\system32\ntmarta.dll
0x000007fefd550000 - 0x000007fefd5a2000 	C:\Windows\system32\WLDAP32.dll
0x000007fefcff0000 - 0x000007fefd02a000 	C:\Windows\system32\WINTRUST.dll
0x000007fefcde0000 - 0x000007fefcf4c000 	C:\Windows\system32\CRYPT32.dll
0x000007fefcc90000 - 0x000007fefcc9f000 	C:\Windows\system32\MSASN1.dll
0x000007feef870000 - 0x000007feef87d000 	C:\Windows\system32\msdmo.dll
0x000007fef04f0000 - 0x000007fef051f000 	C:\Windows\system32\qcap.dll
0x000007feed640000 - 0x000007feed7f2000 	C:\Windows\system32\quartz.dll
0x000007fef0000000 - 0x000007fef0041000 	C:\Windows\system32\ksproxy.ax
0x0000000074800000 - 0x0000000074806000 	C:\Windows\system32\ksuser.dll
0x000007fee9eb0000 - 0x000007feea0af000 	C:\Windows\system32\d3d9.dll
0x000007fef0ee0000 - 0x000007fef0ee7000 	C:\Windows\system32\d3d8thk.dll
0x000007fef9450000 - 0x000007fef945b000 	C:\Windows\system32\vidcap.ax
0x000007feefc50000 - 0x000007feefc74000 	C:\Windows\system32\kswdmcap.ax
0x000007feee5a0000 - 0x000007feee6fc000 	C:\Windows\system32\MFC42.dll
0x000007feed4a0000 - 0x000007feed551000 	C:\Windows\system32\ODBC32.dll
0x0000000065720000 - 0x0000000065758000 	C:\Windows\system32\odbcint.dll
0x000007feeebc0000 - 0x000007feeec5b000 	C:\Windows\System32\qedit.dll
0x000007fefda10000 - 0x000007fefdaa7000 	C:\Windows\system32\COMDLG32.dll
0x000007fefaad0000 - 0x000007feface6000 	C:\Windows\WinSxS\amd64_microsoft.windows.gdiplus_6595b64144ccf1df_1.1.7601.18120_none_2b25b14c71ebf230\gdiplus.dll
0x000007fef0880000 - 0x000007fef0971000 	C:\Windows\system32\DDRAW.dll
0x000007fef0870000 - 0x000007fef0878000 	C:\Windows\system32\DCIMAN32.dll
0x000007fef7e20000 - 0x000007fef7f2b000 	C:\Windows\system32\nvumdshimx.dll
0x0000000180000000 - 0x000000018072e000 	C:\Windows\system32\igdumd64.dll
0x000007fef6110000 - 0x000007fef611b000 	C:\Windows\system32\msyuv.dll
0x000007feed3d0000 - 0x000007feed49a000 	C:\opencv\build\x64\vc10\bin\opencv_objdetect248.dll
0x000007feefbb0000 - 0x000007feefbfb000 	C:\Users\Carlo\AppData\Local\Temp\javacpp8082798617091\jniopencv_objdetect.dll
0x000007feeef00000 - 0x000007feeef99000 	C:\opencv\build\x64\vc10\bin\opencv_flann248.dll
0x000007feeceb0000 - 0x000007feecf87000 	C:\opencv\build\x64\vc10\bin\opencv_features2d248.dll
0x000007fee9960000 - 0x000007fee9a4b000 	C:\opencv\build\x64\vc10\bin\opencv_calib3d248.dll
0x000007feee530000 - 0x000007feee59f000 	C:\opencv\build\x64\vc10\bin\opencv_video248.dll
0x000007feed5a0000 - 0x000007feed634000 	C:\opencv\build\x64\vc10\bin\opencv_ml248.dll
0x000007fee9810000 - 0x000007fee995c000 	C:\opencv\build\x64\vc10\bin\opencv_contrib248.dll
0x000007feec820000 - 0x000007feec876000 	C:\Users\Carlo\AppData\Local\Temp\javacpp8082798617091\jniopencv_contrib.dll
0x000000006fca0000 - 0x000000006fcba000 	C:\Program Files\Java\jdk1.8.0_11\jre\bin\net.dll
0x000007fefc420000 - 0x000007fefc475000 	C:\Windows\system32\mswsock.dll
0x000007fefc410000 - 0x000007fefc417000 	C:\Windows\System32\wship6.dll
0x000000006fc80000 - 0x000000006fc91000 	C:\Program Files\Java\jdk1.8.0_11\jre\bin\nio.dll
0x000000006f8e0000 - 0x000000006f921000 	C:\Program Files\Java\jdk1.8.0_11\jre\bin\t2k.dll
0x000007fee97c0000 - 0x000007fee980d000 	C:\Users\Carlo\AppData\Local\Temp\javacpp8082798617091\jniopencv_imgproc.dll
0x00000000023f0000 - 0x0000000002415000 	C:\Program Files\Java\jdk1.8.0_11\jre\bin\rxtxSerial.dll
0x000000006f8b0000 - 0x000000006f8da000 	C:\Program Files\Java\jdk1.8.0_11\jre\bin\dcpr.dll
0x000007fef1bf0000 - 0x000007fef1d15000 	C:\Windows\system32\dbghelp.dll

VM Arguments:
jvm_args: -Dfile.encoding=UTF-8 
java_command: recognizer.Recognizer
java_class_path (initial): C:\javacv-bin\javacpp.jar;C:\javacv-bin\javacv-windows-x86_64.jar;C:\javacv-bin\javacv.jar;C:\Users\Carlo\Desktop\mfz-rxtx-2.2-20081207-win-x64\lib\RXTXcomm.jar;C:\Users\Carlo\Documents\NetBeansProjects\Recognizer\build\classes
Launcher Type: SUN_STANDARD

Environment Variables:
CLASSPATH=Ó<:w>¤u;C:\EZJcom\ezjcom18.jar;C:\Users\Carlo\Desktop\wmp\Jmsdxm.jar
PATH=C:\Program Files (x86)\iis express\PHP\v5.4;C:\Program Files (x86)\PHP\;C:\Program Files\Common Files\Microsoft Shared\Windows Live;C:\Program Files (x86)\Common Files\Microsoft Shared\Windows Live;C:\Program Files (x86)\NVIDIA Corporation\PhysX\Common;C:\Windows\system32;C:\Windows;C:\Windows\System32\Wbem;C:\Windows\System32\WindowsPowerShell\v1.0\;C:\Program Files\7-Zip;C:\Program Files (x86)\Windows Live\Shared;c:\Program Files (x86)\Microsoft SQL Server\100\Tools\Binn\;c:\Program Files\Microsoft SQL Server\100\Tools\Binn\;c:\Program Files\Microsoft SQL Server\100\DTS\Binn\;C:\opencv\build\x64\vc10\bin;C:\Program Files (x86)\Google\google_appengine\;C:\Program Files\Java\jdk1.8.0_11\bin;.;;.;
USERNAME=Carlo
OS=Windows_NT
PROCESSOR_IDENTIFIER=Intel64 Family 6 Model 42 Stepping 7, GenuineIntel



---------------  S Y S T E M  ---------------

OS: Windows 7 , 64 bit Build 7601 Service Pack 1

CPU:total 4 (2 cores per cpu, 2 threads per core) family 6 model 42 stepping 7, cmov, cx8, fxsr, mmx, sse, sse2, sse3, ssse3, sse4.1, sse4.2, popcnt, avx, clmul, ht, tsc, tscinvbit

Memory: 4k page, physical 4105776k(1753596k free), swap 65543912k(61870984k free)

vm_info: Java HotSpot(TM) 64-Bit Server VM (25.11-b03) for windows-amd64 JRE (1.8.0_11-b12), built on Jun 16 2014 20:57:32 by "java_re" with MS VC++ 10.0 (VS2010)

time: Tue Jul 29 13:35:59 2014
elapsed time: 12 seconds

