#
# A fatal error has been detected by the Java Runtime Environment:
#
#  EXCEPTION_ACCESS_VIOLATION (0xc0000005) at pc=0x000007fef62a50ec, pid=5896, tid=5184
#
# JRE version: Java(TM) SE Runtime Environment (8.0_11-b12) (build 1.8.0_11-b12)
# Java VM: Java HotSpot(TM) 64-Bit Server VM (25.11-b03 mixed mode windows-amd64 compressed oops)
# Problematic frame:
# C  [jniopencv_core.dll+0x250ec]
#
# Failed to write core dump. Minidumps are not enabled by default on client versions of Windows
#
# If you would like to submit a bug report, please visit:
#   http://bugreport.sun.com/bugreport/crash.jsp
# The crash happened outside the Java Virtual Machine in native code.
# See problematic frame for where to report the bug.
#

---------------  T H R E A D  ---------------

Current thread (0x000000000bcaf000):  JavaThread "Thread-2" [_thread_in_native, id=5184, stack(0x000000000c590000,0x000000000c690000)]

siginfo: ExceptionCode=0xc0000005, reading address 0x00000000077f6070

Registers:
RAX=0x0000000000000000, RBX=0x0000000009732dc0, RCX=0x0000000000000000, RDX=0x000000000c68eef8
RSP=0x000000000c68ee40, RBP=0x000000000c68eed8, RSI=0x00000000077f6070, RDI=0x000000000c68eef8
R8 =0x0000000000000032, R9 =0x00000000ec788498, R10=0x000000000000007c, R11=0x000000006e719230
R12=0x0000000000000000, R13=0x0000000009732dc0, R14=0x000000000c68eef8, R15=0x000000000bcaf000
RIP=0x000007fef62a50ec, EFLAGS=0x0000000000010246

Top of Stack: (sp=0x000000000c68ee40)
0x000000000c68ee40:   00000000eb2a4b90 0000000000000000
0x000000000c68ee50:   4053e00000000000 000000000f0256ba
0x000000000c68ee60:   000000000f016f70 000000000f02518e
0x000000000c68ee70:   0000000009732dc0 0000000000000019
0x000000000c68ee80:   00000000094db810 3ff199999999999a
0x000000000c68ee90:   0000000000000003 000000000c68ee98
0x000000000c68eea0:   0000000000000000 000000000c68eef8
0x000000000c68eeb0:   0000000009809318 0000000000000000
0x000000000c68eec0:   0000000009732dc0 0000000000000000
0x000000000c68eed0:   000000000c68eef8 000000000c68ef40
0x000000000c68eee0:   000000000f016f70 0000000000000000
0x000000000c68eef0:   000000000f01f016 00000000ec788498
0x000000000c68ef00:   000000000c68ef00 00000000061a683c
0x000000000c68ef10:   000000000c68efa0 00000000061b2230
0x000000000c68ef20:   0000000000000000 00000000061a6aa0
0x000000000c68ef30:   000000000c68eef8 000000000c68ef98 

Instructions: (pc=0x000007fef62a50ec)
0x000007fef62a50cc:   5f c3 48 8b 03 4c 8b 05 f8 db 06 00 48 8b d7 ff
0x000007fef62a50dc:   90 20 03 00 00 48 8b 5c 24 30 48 63 c8 48 03 c9
0x000007fef62a50ec:   8b 04 ce 48 8b 74 24 38 48 83 c4 20 5f c3 cc cc
0x000007fef62a50fc:   cc cc cc cc 48 8b c4 57 48 83 ec 70 48 c7 44 24 


Register to memory mapping:

RAX=0x0000000000000000 is an unknown value
RBX=0x0000000009732dc0 is an unknown value
RCX=0x0000000000000000 is an unknown value
RDX=0x000000000c68eef8 is pointing into the stack for thread: 0x000000000bcaf000
RSP=0x000000000c68ee40 is pointing into the stack for thread: 0x000000000bcaf000
RBP=0x000000000c68eed8 is pointing into the stack for thread: 0x000000000bcaf000
RSI=0x00000000077f6070 is an unknown value
RDI=0x000000000c68eef8 is pointing into the stack for thread: 0x000000000bcaf000
R8 =0x0000000000000032 is an unknown value
R9 =0x00000000ec788498 is an oop
com.googlecode.javacv.cpp.opencv_core$CvRect 
 - klass: 'com/googlecode/javacv/cpp/opencv_core$CvRect'
R10=0x000000000000007c is an unknown value
R11=0x000000006e719230 is an unknown value
R12=0x0000000000000000 is an unknown value
R13=0x0000000009732dc0 is an unknown value
R14=0x000000000c68eef8 is pointing into the stack for thread: 0x000000000bcaf000
R15=0x000000000bcaf000 is a thread


Stack: [0x000000000c590000,0x000000000c690000],  sp=0x000000000c68ee40,  free space=1019k
Native frames: (J=compiled Java code, j=interpreted, Vv=VM code, C=native code)
C  [jniopencv_core.dll+0x250ec]
C  0x000000000f02518e

Java frames: (J=compiled Java code, j=interpreted, Vv=VM code)
j  com.googlecode.javacv.cpp.opencv_core$CvRect.x()I+0
j  recognizer.FaceRecognition.predictImg(Lcom/googlecode/javacv/cpp/opencv_core$IplImage;)V+4
j  recognizer.FaceRecognition.captureImg()V+36
j  recognizer.FaceRecognition.captureImg2()V+167
j  recognizer.FaceRecognition.run()V+5
j  java.lang.Thread.run()V+11
v  ~StubRoutines::call_stub

---------------  P R O C E S S  ---------------

Java Threads: ( => current thread )
  0x000000000c533800 JavaThread "Thread-3" [_thread_in_Java, id=4432, stack(0x000000000eee0000,0x000000000efe0000)]
=>0x000000000bcaf000 JavaThread "Thread-2" [_thread_in_native, id=5184, stack(0x000000000c590000,0x000000000c690000)]
  0x000000000271e000 JavaThread "DestroyJavaVM" [_thread_blocked, id=5960, stack(0x0000000002720000,0x0000000002820000)]
  0x0000000007b2f800 JavaThread "AWT-EventQueue-0" [_thread_blocked, id=1852, stack(0x0000000009620000,0x0000000009720000)]
  0x0000000007ad2800 JavaThread "AWT-Windows" daemon [_thread_in_native, id=3652, stack(0x00000000088a0000,0x00000000089a0000)]
  0x0000000007aa9800 JavaThread "AWT-Shutdown" [_thread_blocked, id=5692, stack(0x0000000008110000,0x0000000008210000)]
  0x0000000007a88800 JavaThread "Java2D Disposer" daemon [_thread_blocked, id=1596, stack(0x0000000008750000,0x0000000008850000)]
  0x00000000077c5800 JavaThread "Service Thread" daemon [_thread_blocked, id=1468, stack(0x0000000007d50000,0x0000000007e50000)]
  0x0000000007759000 JavaThread "C1 CompilerThread2" daemon [_thread_blocked, id=4208, stack(0x0000000008390000,0x0000000008490000)]
  0x0000000007757800 JavaThread "C2 CompilerThread1" daemon [_thread_blocked, id=956, stack(0x0000000008210000,0x0000000008310000)]
  0x0000000007750800 JavaThread "C2 CompilerThread0" daemon [_thread_blocked, id=6100, stack(0x0000000007ff0000,0x00000000080f0000)]
  0x0000000006454800 JavaThread "Attach Listener" daemon [_thread_blocked, id=5020, stack(0x0000000007eb0000,0x0000000007fb0000)]
  0x0000000006451000 JavaThread "Signal Dispatcher" daemon [_thread_blocked, id=5552, stack(0x0000000007c30000,0x0000000007d30000)]
  0x00000000063f6000 JavaThread "Finalizer" daemon [_thread_blocked, id=3220, stack(0x0000000007650000,0x0000000007750000)]
  0x00000000063eb000 JavaThread "Reference Handler" daemon [_thread_blocked, id=3176, stack(0x0000000007400000,0x0000000007500000)]

Other Threads:
  0x00000000063e7000 VMThread [stack: 0x0000000007510000,0x0000000007610000] [id=5480]
  0x00000000077c8800 WatcherThread [stack: 0x0000000008610000,0x0000000008710000] [id=396]

VM state:not at safepoint (normal execution)

VM Mutex/Monitor currently owned by a thread: None

Heap:
 PSYoungGen      total 22016K, used 5098K [0x00000000eb180000, 0x00000000ecc00000, 0x0000000100000000)
  eden space 18432K, 12% used [0x00000000eb180000,0x00000000eb3afb28,0x00000000ec380000)
  from space 3584K, 79% used [0x00000000ec780000,0x00000000eca4b030,0x00000000ecb00000)
  to   space 4096K, 0% used [0x00000000ec380000,0x00000000ec380000,0x00000000ec780000)
 ParOldGen       total 64000K, used 35160K [0x00000000c1400000, 0x00000000c5280000, 0x00000000eb180000)
  object space 64000K, 54% used [0x00000000c1400000,0x00000000c3656320,0x00000000c5280000)
 Metaspace       used 12717K, capacity 12870K, committed 13184K, reserved 1060864K
  class space    used 1582K, capacity 1627K, committed 1664K, reserved 1048576K

Card table byte_map: [0x0000000002eb0000,0x00000000030b0000] byte_map_base: 0x00000000028a6000

Marking Bits: (ParMarkBitMap*) 0x000000006e7212b0
 Begin Bits: [0x0000000003900000, 0x00000000048b0000)
 End Bits:   [0x00000000048b0000, 0x0000000005860000)

Polling page: 0x0000000000230000

CodeCache: size=245760Kb used=4732Kb max_used=4737Kb free=241027Kb
 bounds [0x000000000f010000, 0x000000000f4c0000, 0x000000001e010000]
 total_blobs=1989 nmethods=1432 adapters=470
 compilation: enabled

Compilation events (10 events):
Event: 9.280 Thread 0x0000000007759000 1427       3       sun.awt.windows.WToolkit::needUpdateWindow (2 bytes)
Event: 9.280 Thread 0x0000000007759000 nmethod 1427 0x000000000f4af910 code [0x000000000f4afa60, 0x000000000f4afbb0]
Event: 9.402 Thread 0x0000000007750800 1429       4       java.util.IdentityHashMap::get (60 bytes)
Event: 9.404 Thread 0x0000000007750800 nmethod 1429 0x000000000f4b2990 code [0x000000000f4b2ae0, 0x000000000f4b2c48]
Event: 9.433 Thread 0x0000000007759000 1430       3       com.googlecode.javacv.cpp.opencv_core$IplImage$ReleaseDeallocator::deallocate (5 bytes)
Event: 9.433 Thread 0x0000000007759000 nmethod 1430 0x000000000f4b1f10 code [0x000000000f4b2080, 0x000000000f4b2208]
Event: 9.433 Thread 0x0000000007759000 1432       3       java.lang.ref.ReferenceQueue::remove (6 bytes)
Event: 9.434 Thread 0x0000000007759000 nmethod 1432 0x000000000f4b1b90 code [0x000000000f4b1d00, 0x000000000f4b1e88]
Event: 9.434 Thread 0x0000000007759000 1433   !   3       java.lang.ref.ReferenceQueue::remove (80 bytes)
Event: 9.435 Thread 0x0000000007759000 nmethod 1433 0x000000000f4b1050 code [0x000000000f4b1200, 0x000000000f4b18d8]

GC Heap History (10 events):
Event: 4.149 GC heap before
{Heap before GC invocations=8 (full 0):
 PSYoungGen      total 5632K, used 4819K [0x00000000eb180000, 0x00000000ebc80000, 0x0000000100000000)
  eden space 4096K, 86% used [0x00000000eb180000,0x00000000eb4f0c38,0x00000000eb580000)
  from space 1536K, 84% used [0x00000000eb580000,0x00000000eb6c40a8,0x00000000eb700000)
  to   space 1536K, 0% used [0x00000000ebb00000,0x00000000ebb00000,0x00000000ebc80000)
 ParOldGen       total 64000K, used 1549K [0x00000000c1400000, 0x00000000c5280000, 0x00000000eb180000)
  object space 64000K, 2% used [0x00000000c1400000,0x00000000c1583748,0x00000000c5280000)
 Metaspace       used 12314K, capacity 12480K, committed 12672K, reserved 1060864K
  class space    used 1581K, capacity 1626K, committed 1664K, reserved 1048576K
Event: 4.195 GC heap after
Heap after GC invocations=8 (full 0):
 PSYoungGen      total 8704K, used 1525K [0x00000000eb180000, 0x00000000ebe80000, 0x0000000100000000)
  eden space 7168K, 0% used [0x00000000eb180000,0x00000000eb180000,0x00000000eb880000)
  from space 1536K, 99% used [0x00000000ebb00000,0x00000000ebc7d480,0x00000000ebc80000)
  to   space 2560K, 0% used [0x00000000eb880000,0x00000000eb880000,0x00000000ebb00000)
 ParOldGen       total 64000K, used 2903K [0x00000000c1400000, 0x00000000c5280000, 0x00000000eb180000)
  object space 64000K, 4% used [0x00000000c1400000,0x00000000c16d5f30,0x00000000c5280000)
 Metaspace       used 12314K, capacity 12480K, committed 12672K, reserved 1060864K
  class space    used 1581K, capacity 1626K, committed 1664K, reserved 1048576K
}
Event: 4.800 GC heap before
{Heap before GC invocations=9 (full 0):
 PSYoungGen      total 8704K, used 8335K [0x00000000eb180000, 0x00000000ebe80000, 0x0000000100000000)
  eden space 7168K, 95% used [0x00000000eb180000,0x00000000eb8269a8,0x00000000eb880000)
  from space 1536K, 99% used [0x00000000ebb00000,0x00000000ebc7d480,0x00000000ebc80000)
  to   space 2560K, 0% used [0x00000000eb880000,0x00000000eb880000,0x00000000ebb00000)
 ParOldGen       total 64000K, used 2903K [0x00000000c1400000, 0x00000000c5280000, 0x00000000eb180000)
  object space 64000K, 4% used [0x00000000c1400000,0x00000000c16d5f30,0x00000000c5280000)
 Metaspace       used 12435K, capacity 12608K, committed 12928K, reserved 1060864K
  class space    used 1581K, capacity 1626K, committed 1664K, reserved 1048576K
Event: 4.808 GC heap after
Heap after GC invocations=9 (full 0):
 PSYoungGen      total 9728K, used 2297K [0x00000000eb180000, 0x00000000ec300000, 0x0000000100000000)
  eden space 7168K, 0% used [0x00000000eb180000,0x00000000eb180000,0x00000000eb880000)
  from space 2560K, 89% used [0x00000000eb880000,0x00000000ebabe490,0x00000000ebb00000)
  to   space 3072K, 0% used [0x00000000ec000000,0x00000000ec000000,0x00000000ec300000)
 ParOldGen       total 64000K, used 10370K [0x00000000c1400000, 0x00000000c5280000, 0x00000000eb180000)
  object space 64000K, 16% used [0x00000000c1400000,0x00000000c1e20890,0x00000000c5280000)
 Metaspace       used 12435K, capacity 12608K, committed 12928K, reserved 1060864K
  class space    used 1581K, capacity 1626K, committed 1664K, reserved 1048576K
}
Event: 5.582 GC heap before
{Heap before GC invocations=10 (full 0):
 PSYoungGen      total 9728K, used 9305K [0x00000000eb180000, 0x00000000ec300000, 0x0000000100000000)
  eden space 7168K, 97% used [0x00000000eb180000,0x00000000eb858330,0x00000000eb880000)
  from space 2560K, 89% used [0x00000000eb880000,0x00000000ebabe490,0x00000000ebb00000)
  to   space 3072K, 0% used [0x00000000ec000000,0x00000000ec000000,0x00000000ec300000)
 ParOldGen       total 64000K, used 10370K [0x00000000c1400000, 0x00000000c5280000, 0x00000000eb180000)
  object space 64000K, 16% used [0x00000000c1400000,0x00000000c1e20890,0x00000000c5280000)
 Metaspace       used 12581K, capacity 12742K, committed 12928K, reserved 1060864K
  class space    used 1582K, capacity 1627K, committed 1664K, reserved 1048576K
Event: 5.594 GC heap after
Heap after GC invocations=10 (full 0):
 PSYoungGen      total 14848K, used 2860K [0x00000000eb180000, 0x00000000ec300000, 0x0000000100000000)
  eden space 11776K, 0% used [0x00000000eb180000,0x00000000eb180000,0x00000000ebd00000)
  from space 3072K, 93% used [0x00000000ec000000,0x00000000ec2cb030,0x00000000ec300000)
  to   space 3072K, 0% used [0x00000000ebd00000,0x00000000ebd00000,0x00000000ec000000)
 ParOldGen       total 64000K, used 17096K [0x00000000c1400000, 0x00000000c5280000, 0x00000000eb180000)
  object space 64000K, 26% used [0x00000000c1400000,0x00000000c24b21e0,0x00000000c5280000)
 Metaspace       used 12581K, capacity 12742K, committed 12928K, reserved 1060864K
  class space    used 1582K, capacity 1627K, committed 1664K, reserved 1048576K
}
Event: 7.341 GC heap before
{Heap before GC invocations=11 (full 0):
 PSYoungGen      total 14848K, used 14230K [0x00000000eb180000, 0x00000000ec300000, 0x0000000100000000)
  eden space 11776K, 96% used [0x00000000eb180000,0x00000000ebc9a7f8,0x00000000ebd00000)
  from space 3072K, 93% used [0x00000000ec000000,0x00000000ec2cb030,0x00000000ec300000)
  to   space 3072K, 0% used [0x00000000ebd00000,0x00000000ebd00000,0x00000000ec000000)
 ParOldGen       total 64000K, used 17096K [0x00000000c1400000, 0x00000000c5280000, 0x00000000eb180000)
  object space 64000K, 26% used [0x00000000c1400000,0x00000000c24b21e0,0x00000000c5280000)
 Metaspace       used 12676K, capacity 12806K, committed 12928K, reserved 1060864K
  class space    used 1582K, capacity 1627K, committed 1664K, reserved 1048576K
Event: 7.368 GC heap after
Heap after GC invocations=11 (full 0):
 PSYoungGen      total 14848K, used 2860K [0x00000000eb180000, 0x00000000ecb00000, 0x0000000100000000)
  eden space 11776K, 0% used [0x00000000eb180000,0x00000000eb180000,0x00000000ebd00000)
  from space 3072K, 93% used [0x00000000ebd00000,0x00000000ebfcb030,0x00000000ec000000)
  to   space 3584K, 0% used [0x00000000ec780000,0x00000000ec780000,0x00000000ecb00000)
 ParOldGen       total 64000K, used 26136K [0x00000000c1400000, 0x00000000c5280000, 0x00000000eb180000)
  object space 64000K, 40% used [0x00000000c1400000,0x00000000c2d86280,0x00000000c5280000)
 Metaspace       used 12676K, capacity 12806K, committed 12928K, reserved 1060864K
  class space    used 1582K, capacity 1627K, committed 1664K, reserved 1048576K
}
Event: 9.424 GC heap before
{Heap before GC invocations=12 (full 0):
 PSYoungGen      total 14848K, used 14225K [0x00000000eb180000, 0x00000000ecb00000, 0x0000000100000000)
  eden space 11776K, 96% used [0x00000000eb180000,0x00000000ebc997c8,0x00000000ebd00000)
  from space 3072K, 93% used [0x00000000ebd00000,0x00000000ebfcb030,0x00000000ec000000)
  to   space 3584K, 0% used [0x00000000ec780000,0x00000000ec780000,0x00000000ecb00000)
 ParOldGen       total 64000K, used 26136K [0x00000000c1400000, 0x00000000c5280000, 0x00000000eb180000)
  object space 64000K, 40% used [0x00000000c1400000,0x00000000c2d86280,0x00000000c5280000)
 Metaspace       used 12716K, capacity 12870K, committed 13184K, reserved 1060864K
  class space    used 1582K, capacity 1627K, committed 1664K, reserved 1048576K
Event: 9.433 GC heap after
Heap after GC invocations=12 (full 0):
 PSYoungGen      total 22016K, used 2860K [0x00000000eb180000, 0x00000000ecc00000, 0x0000000100000000)
  eden space 18432K, 0% used [0x00000000eb180000,0x00000000eb180000,0x00000000ec380000)
  from space 3584K, 79% used [0x00000000ec780000,0x00000000eca4b030,0x00000000ecb00000)
  to   space 4096K, 0% used [0x00000000ec380000,0x00000000ec380000,0x00000000ec780000)
 ParOldGen       total 64000K, used 35160K [0x00000000c1400000, 0x00000000c5280000, 0x00000000eb180000)
  object space 64000K, 54% used [0x00000000c1400000,0x00000000c3656320,0x00000000c5280000)
 Metaspace       used 12716K, capacity 12870K, committed 13184K, reserved 1060864K
  class space    used 1582K, capacity 1627K, committed 1664K, reserved 1048576K
}

Deoptimization events (0 events):
No events

Internal exceptions (10 events):
Event: 9.018 Thread 0x000000000bcaf000 Exception <a 'java/io/FileNotFoundException'> (0x00000000eb819978) thrown at [C:\re\workspace\8-2-build-windows-amd64-cygwin\jdk8u11\648\hotspot\src\share\vm\prims\jni.cpp, line 716]
Event: 9.019 Thread 0x000000000bcaf000 Exception <a 'java/io/FileNotFoundException'> (0x00000000eb91b0f0) thrown at [C:\re\workspace\8-2-build-windows-amd64-cygwin\jdk8u11\648\hotspot\src\share\vm\prims\jni.cpp, line 716]
Event: 9.143 Thread 0x000000000bcaf000 Exception <a 'java/io/FileNotFoundException'> (0x00000000eb92afe0) thrown at [C:\re\workspace\8-2-build-windows-amd64-cygwin\jdk8u11\648\hotspot\src\share\vm\prims\jni.cpp, line 716]
Event: 9.144 Thread 0x000000000bcaf000 Exception <a 'java/io/FileNotFoundException'> (0x00000000eba3a280) thrown at [C:\re\workspace\8-2-build-windows-amd64-cygwin\jdk8u11\648\hotspot\src\share\vm\prims\jni.cpp, line 716]
Event: 9.274 Thread 0x000000000bcaf000 Exception <a 'java/io/FileNotFoundException'> (0x00000000eba4a190) thrown at [C:\re\workspace\8-2-build-windows-amd64-cygwin\jdk8u11\648\hotspot\src\share\vm\prims\jni.cpp, line 716]
Event: 9.275 Thread 0x000000000bcaf000 Exception <a 'java/io/FileNotFoundException'> (0x00000000ebb595b0) thrown at [C:\re\workspace\8-2-build-windows-amd64-cygwin\jdk8u11\648\hotspot\src\share\vm\prims\jni.cpp, line 716]
Event: 9.403 Thread 0x000000000bcaf000 Exception <a 'java/io/FileNotFoundException'> (0x00000000ebb69d48) thrown at [C:\re\workspace\8-2-build-windows-amd64-cygwin\jdk8u11\648\hotspot\src\share\vm\prims\jni.cpp, line 716]
Event: 9.404 Thread 0x000000000bcaf000 Exception <a 'java/io/FileNotFoundException'> (0x00000000ebc86a60) thrown at [C:\re\workspace\8-2-build-windows-amd64-cygwin\jdk8u11\648\hotspot\src\share\vm\prims\jni.cpp, line 716]
Event: 9.523 Thread 0x000000000bcaf000 Exception <a 'java/io/FileNotFoundException'> (0x00000000eb261bf8) thrown at [C:\re\workspace\8-2-build-windows-amd64-cygwin\jdk8u11\648\hotspot\src\share\vm\prims\jni.cpp, line 716]
Event: 9.524 Thread 0x000000000bcaf000 Exception <a 'java/io/FileNotFoundException'> (0x00000000eb295660) thrown at [C:\re\workspace\8-2-build-windows-amd64-cygwin\jdk8u11\648\hotspot\src\share\vm\prims\jni.cpp, line 716]

Events (10 events):
Event: 7.377 Executing VM operation: RevokeBias
Event: 7.377 Executing VM operation: RevokeBias done
Event: 7.377 Executing VM operation: RevokeBias
Event: 7.377 Executing VM operation: RevokeBias done
Event: 7.377 Executing VM operation: RevokeBias
Event: 7.377 Executing VM operation: RevokeBias done
Event: 7.378 Executing VM operation: BulkRevokeBias
Event: 7.378 Executing VM operation: BulkRevokeBias done
Event: 9.424 Executing VM operation: ParallelGCFailedAllocation
Event: 9.433 Executing VM operation: ParallelGCFailedAllocation done


Dynamic libraries:
0x000000013f950000 - 0x000000013f984000 	C:\Program Files\Java\jdk1.8.0_11\bin\java.exe
0x0000000076e40000 - 0x0000000076fe9000 	C:\Windows\SYSTEM32\ntdll.dll
0x0000000076c20000 - 0x0000000076d3f000 	C:\Windows\system32\kernel32.dll
0x000007fefcd70000 - 0x000007fefcddc000 	C:\Windows\system32\KERNELBASE.dll
0x000007fefdab0000 - 0x000007fefdb8b000 	C:\Windows\system32\ADVAPI32.dll
0x000007fefd1b0000 - 0x000007fefd24f000 	C:\Windows\system32\msvcrt.dll
0x000007fefdd20000 - 0x000007fefdd3f000 	C:\Windows\SYSTEM32\sechost.dll
0x000007fefecf0000 - 0x000007fefee1d000 	C:\Windows\system32\RPCRT4.dll
0x0000000076d40000 - 0x0000000076e3a000 	C:\Windows\system32\USER32.dll
0x000007fefd5d0000 - 0x000007fefd637000 	C:\Windows\system32\GDI32.dll
0x000007fefd900000 - 0x000007fefd90e000 	C:\Windows\system32\LPK.dll
0x000007fefd940000 - 0x000007fefda09000 	C:\Windows\system32\USP10.dll
0x000007fefadb0000 - 0x000007fefafa4000 	C:\Windows\WinSxS\amd64_microsoft.windows.common-controls_6595b64144ccf1df_6.0.7601.17514_none_fa396087175ac9ac\COMCTL32.dll
0x000007fefd250000 - 0x000007fefd2c1000 	C:\Windows\system32\SHLWAPI.dll
0x000007fefd910000 - 0x000007fefd93e000 	C:\Windows\system32\IMM32.DLL
0x000007fefdc10000 - 0x000007fefdd19000 	C:\Windows\system32\MSCTF.dll
0x000007fefcbb0000 - 0x000007fefcbf6000 	C:\Windows\system32\nvinitx.dll
0x000000000f000000 - 0x000000000f006000 	C:\Program Files\NVIDIA Corporation\CoProcManager\_etoured.dll
0x000007fef8a00000 - 0x000007fef8a55000 	C:\Program Files\NVIDIA Corporation\CoProcManager\nvd3d9wrapx.dll
0x000007fefd640000 - 0x000007fefd817000 	C:\Windows\system32\SETUPAPI.dll
0x000007fefccf0000 - 0x000007fefcd26000 	C:\Windows\system32\CFGMGR32.dll
0x000007fefd820000 - 0x000007fefd8f7000 	C:\Windows\system32\OLEAUT32.dll
0x000007fefdd50000 - 0x000007fefdf53000 	C:\Windows\system32\ole32.dll
0x000007fefccd0000 - 0x000007fefccea000 	C:\Windows\system32\DEVOBJ.dll
0x000007fef8650000 - 0x000007fef868d000 	C:\Program Files\NVIDIA Corporation\CoProcManager\nvdxgiwrapx.dll
0x000000006f7c0000 - 0x000000006f892000 	C:\Program Files\Java\jdk1.8.0_11\jre\bin\msvcr100.dll
0x000000006df70000 - 0x000000006e79a000 	C:\Program Files\Java\jdk1.8.0_11\jre\bin\server\jvm.dll
0x000007fef0630000 - 0x000007fef0639000 	C:\Windows\system32\WSOCK32.dll
0x000007fefd500000 - 0x000007fefd54d000 	C:\Windows\system32\WS2_32.dll
0x000007fefdd40000 - 0x000007fefdd48000 	C:\Windows\system32\NSI.dll
0x000007fefaa90000 - 0x000007fefaacb000 	C:\Windows\system32\WINMM.dll
0x0000000077010000 - 0x0000000077017000 	C:\Windows\system32\PSAPI.DLL
0x00000000722f0000 - 0x00000000722ff000 	C:\Program Files\Java\jdk1.8.0_11\jre\bin\verify.dll
0x000000006ff80000 - 0x000000006ffa8000 	C:\Program Files\Java\jdk1.8.0_11\jre\bin\java.dll
0x0000000070030000 - 0x0000000070046000 	C:\Program Files\Java\jdk1.8.0_11\jre\bin\zip.dll
0x000007fefdf60000 - 0x000007fefece8000 	C:\Windows\system32\SHELL32.dll
0x000007fefcca0000 - 0x000007fefccaf000 	C:\Windows\system32\profapi.dll
0x000000006ee30000 - 0x000000006efc6000 	C:\Program Files\Java\jdk1.8.0_11\jre\bin\awt.dll
0x000007fefacf0000 - 0x000007fefad46000 	C:\Windows\system32\uxtheme.dll
0x000007fef97a0000 - 0x000007fef97b8000 	C:\Windows\system32\dwmapi.dll
0x000007fefca80000 - 0x000007fefca8f000 	C:\Windows\system32\CRYPTBASE.dll
0x000000006f930000 - 0x000000006f977000 	C:\Program Files\Java\jdk1.8.0_11\jre\bin\fontmanager.dll
0x0000000070410000 - 0x00000000704a8000 	C:\Windows\System32\msvcp100.dll
0x000007feee680000 - 0x000007feee8f2000 	C:\opencv\build\x64\vc10\bin\opencv_core248.dll
0x000007fef6280000 - 0x000007fef631a000 	C:\Users\Carlo\AppData\Local\Temp\javacpp7928022087624\jniopencv_core.dll
0x0000000066840000 - 0x00000000676b4000 	C:\opencv\build\x64\vc10\bin\opencv_ffmpeg248_64.dll
0x000007feed840000 - 0x000007feedaf2000 	C:\opencv\build\x64\vc10\bin\opencv_imgproc248.dll
0x000007feed5f0000 - 0x000007feed83d000 	C:\opencv\build\x64\vc10\bin\opencv_highgui248.dll
0x000007fef63a0000 - 0x000007fef63bf000 	C:\Windows\system32\AVIFIL32.dll
0x000007fefaa60000 - 0x000007fefaa78000 	C:\Windows\system32\MSACM32.dll
0x000007fef5f60000 - 0x000007fef5f89000 	C:\Windows\system32\MSVFW32.dll
0x000007fef5f40000 - 0x000007fef5f57000 	C:\Windows\system32\AVICAP32.dll
0x000007fefbcc0000 - 0x000007fefbccc000 	C:\Windows\system32\VERSION.dll
0x000007fef5f20000 - 0x000007fef5f33000 	C:\Users\Carlo\AppData\Local\Temp\javacpp7928022087624\jniopencv_highgui.dll
0x000007fefee20000 - 0x000007fefeeb9000 	C:\Windows\system32\CLBCatQ.DLL
0x000007feef900000 - 0x000007feef916000 	C:\Windows\system32\devenum.dll
0x000007fefb7b0000 - 0x000007fefb7dd000 	C:\Windows\system32\ntmarta.dll
0x000007fefd550000 - 0x000007fefd5a2000 	C:\Windows\system32\WLDAP32.dll
0x000007fefcff0000 - 0x000007fefd02a000 	C:\Windows\system32\WINTRUST.dll
0x000007fefcde0000 - 0x000007fefcf4c000 	C:\Windows\system32\CRYPT32.dll
0x000007fefcc90000 - 0x000007fefcc9f000 	C:\Windows\system32\MSASN1.dll
0x000007feef870000 - 0x000007feef87d000 	C:\Windows\system32\msdmo.dll
0x000007fef0170000 - 0x000007fef019f000 	C:\Windows\system32\qcap.dll
0x000007feed090000 - 0x000007feed242000 	C:\Windows\system32\quartz.dll
0x000007feefc30000 - 0x000007feefc71000 	C:\Windows\system32\ksproxy.ax
0x0000000074800000 - 0x0000000074806000 	C:\Windows\system32\ksuser.dll
0x000007fee9eb0000 - 0x000007feea0af000 	C:\Windows\system32\d3d9.dll
0x000007fef0ee0000 - 0x000007fef0ee7000 	C:\Windows\system32\d3d8thk.dll
0x000007fef9450000 - 0x000007fef945b000 	C:\Windows\system32\vidcap.ax
0x000007fef04f0000 - 0x000007fef0514000 	C:\Windows\system32\kswdmcap.ax
0x000007feed400000 - 0x000007feed55c000 	C:\Windows\system32\MFC42.dll
0x000007feeef60000 - 0x000007feef011000 	C:\Windows\system32\ODBC32.dll
0x0000000065720000 - 0x0000000065758000 	C:\Windows\system32\odbcint.dll
0x000007feeebc0000 - 0x000007feeec5b000 	C:\Windows\System32\qedit.dll
0x000007fefda10000 - 0x000007fefdaa7000 	C:\Windows\system32\COMDLG32.dll
0x000007fefaad0000 - 0x000007feface6000 	C:\Windows\WinSxS\amd64_microsoft.windows.gdiplus_6595b64144ccf1df_1.1.7601.18120_none_2b25b14c71ebf230\gdiplus.dll
0x000007fef0880000 - 0x000007fef0971000 	C:\Windows\system32\DDRAW.dll
0x000007fef0870000 - 0x000007fef0878000 	C:\Windows\system32\DCIMAN32.dll
0x000007fef7e20000 - 0x000007fef7f2b000 	C:\Windows\system32\nvumdshimx.dll
0x0000000180000000 - 0x000000018072e000 	C:\Windows\system32\igdumd64.dll
0x000007fef6110000 - 0x000007fef611b000 	C:\Windows\system32\msyuv.dll
0x000007feee5b0000 - 0x000007feee67a000 	C:\opencv\build\x64\vc10\bin\opencv_objdetect248.dll
0x000007fef0000000 - 0x000007fef004b000 	C:\Users\Carlo\AppData\Local\Temp\javacpp7928022087624\jniopencv_objdetect.dll
0x000007feecff0000 - 0x000007feed089000 	C:\opencv\build\x64\vc10\bin\opencv_flann248.dll
0x000007feecf10000 - 0x000007feecfe7000 	C:\opencv\build\x64\vc10\bin\opencv_features2d248.dll
0x000007fee9960000 - 0x000007fee9a4b000 	C:\opencv\build\x64\vc10\bin\opencv_calib3d248.dll
0x000007feee540000 - 0x000007feee5af000 	C:\opencv\build\x64\vc10\bin\opencv_video248.dll
0x000007feece70000 - 0x000007feecf04000 	C:\opencv\build\x64\vc10\bin\opencv_ml248.dll
0x000007fee9810000 - 0x000007fee995c000 	C:\opencv\build\x64\vc10\bin\opencv_contrib248.dll
0x000007feeef00000 - 0x000007feeef56000 	C:\Users\Carlo\AppData\Local\Temp\javacpp7928022087624\jniopencv_contrib.dll
0x000000006fca0000 - 0x000000006fcba000 	C:\Program Files\Java\jdk1.8.0_11\jre\bin\net.dll
0x000007fefc420000 - 0x000007fefc475000 	C:\Windows\system32\mswsock.dll
0x000007fefc410000 - 0x000007fefc417000 	C:\Windows\System32\wship6.dll
0x000000006fc80000 - 0x000000006fc91000 	C:\Program Files\Java\jdk1.8.0_11\jre\bin\nio.dll
0x000000006f8e0000 - 0x000000006f921000 	C:\Program Files\Java\jdk1.8.0_11\jre\bin\t2k.dll
0x000007feefbb0000 - 0x000007feefbfd000 	C:\Users\Carlo\AppData\Local\Temp\javacpp7928022087624\jniopencv_imgproc.dll
0x0000000003200000 - 0x0000000003225000 	C:\Program Files\Java\jdk1.8.0_11\jre\bin\rxtxSerial.dll
0x000000006f8b0000 - 0x000000006f8da000 	C:\Program Files\Java\jdk1.8.0_11\jre\bin\dcpr.dll
0x000007fef1bf0000 - 0x000007fef1d15000 	C:\Windows\system32\dbghelp.dll

VM Arguments:
jvm_args: -Dfile.encoding=UTF-8 
java_command: recognizer.Recognizer
java_class_path (initial): C:\javacv-bin\javacpp.jar;C:\javacv-bin\javacv-windows-x86_64.jar;C:\javacv-bin\javacv.jar;C:\Users\Carlo\Desktop\mfz-rxtx-2.2-20081207-win-x64\lib\RXTXcomm.jar;C:\Users\Carlo\Documents\NetBeansProjects\Recognizer\build\classes
Launcher Type: SUN_STANDARD

Environment Variables:
CLASSPATH=Ó<:w>¤u;C:\EZJcom\ezjcom18.jar;C:\Users\Carlo\Desktop\wmp\Jmsdxm.jar
PATH=C:\Program Files (x86)\iis express\PHP\v5.4;C:\Program Files (x86)\PHP\;C:\Program Files\Common Files\Microsoft Shared\Windows Live;C:\Program Files (x86)\Common Files\Microsoft Shared\Windows Live;C:\Program Files (x86)\NVIDIA Corporation\PhysX\Common;C:\Windows\system32;C:\Windows;C:\Windows\System32\Wbem;C:\Windows\System32\WindowsPowerShell\v1.0\;C:\Program Files\7-Zip;C:\Program Files (x86)\Windows Live\Shared;c:\Program Files (x86)\Microsoft SQL Server\100\Tools\Binn\;c:\Program Files\Microsoft SQL Server\100\Tools\Binn\;c:\Program Files\Microsoft SQL Server\100\DTS\Binn\;C:\opencv\build\x64\vc10\bin;C:\Program Files (x86)\Google\google_appengine\;C:\Program Files\Java\jdk1.8.0_11\bin;.;;.;
USERNAME=Carlo
OS=Windows_NT
PROCESSOR_IDENTIFIER=Intel64 Family 6 Model 42 Stepping 7, GenuineIntel



---------------  S Y S T E M  ---------------

OS: Windows 7 , 64 bit Build 7601 Service Pack 1

CPU:total 4 (2 cores per cpu, 2 threads per core) family 6 model 42 stepping 7, cmov, cx8, fxsr, mmx, sse, sse2, sse3, ssse3, sse4.1, sse4.2, popcnt, avx, clmul, ht, tsc, tscinvbit

Memory: 4k page, physical 4105776k(1784716k free), swap 65543912k(61906948k free)

vm_info: Java HotSpot(TM) 64-Bit Server VM (25.11-b03) for windows-amd64 JRE (1.8.0_11-b12), built on Jun 16 2014 20:57:32 by "java_re" with MS VC++ 10.0 (VS2010)

time: Tue Jul 29 13:33:21 2014
elapsed time: 9 seconds

