#
# A fatal error has been detected by the Java Runtime Environment:
#
#  EXCEPTION_ACCESS_VIOLATION (0xc0000005) at pc=0x000007feeefa50ec, pid=4720, tid=3424
#
# JRE version: Java(TM) SE Runtime Environment (8.0_11-b12) (build 1.8.0_11-b12)
# Java VM: Java HotSpot(TM) 64-Bit Server VM (25.11-b03 mixed mode windows-amd64 compressed oops)
# Problematic frame:
# C  [jniopencv_core.dll+0x250ec]
#
# Failed to write core dump. Minidumps are not enabled by default on client versions of Windows
#
# If you would like to submit a bug report, please visit:
#   http://bugreport.sun.com/bugreport/crash.jsp
# The crash happened outside the Java Virtual Machine in native code.
# See problematic frame for where to report the bug.
#

---------------  T H R E A D  ---------------

Current thread (0x00000000093b7000):  JavaThread "Thread-2" [_thread_in_native, id=3424, stack(0x000000000ca10000,0x000000000cb10000)]

siginfo: ExceptionCode=0xc0000005, reading address 0x0000000007e24880

Registers:
RAX=0x0000000000000000, RBX=0x0000000009962638, RCX=0x0000000000000000, RDX=0x000000000cb0ef58
RSP=0x000000000cb0eea0, RBP=0x000000000cb0ef38, RSI=0x0000000007e24880, RDI=0x000000000cb0ef58
R8 =0x0000000000000032, R9 =0x00000000ebc82928, R10=0x0000000000000080, R11=0x000000006e719230
R12=0x0000000000000000, R13=0x0000000009962638, R14=0x000000000cb0ef58, R15=0x00000000093b7000
RIP=0x000007feeefa50ec, EFLAGS=0x0000000000010246

Top of Stack: (sp=0x000000000cb0eea0)
0x000000000cb0eea0:   00000000eb19d7b0 0000000000000000
0x000000000cb0eeb0:   40515999a0000000 000000000f0256ba
0x000000000cb0eec0:   000000000f016f70 000000000f02518e
0x000000000cb0eed0:   0000000009962638 0000000000000019
0x000000000cb0eee0:   000000000939eb50 3ff199999999999a
0x000000000cb0eef0:   0000000000000003 000000000cb0eef8
0x000000000cb0ef00:   0000000000000000 000000000cb0ef58
0x000000000cb0ef10:   0000000009a382b8 0000000000000000
0x000000000cb0ef20:   0000000009962638 0000000000000000
0x000000000cb0ef30:   000000000cb0ef58 000000000cb0efa0
0x000000000cb0ef40:   000000000f016f70 0000000000000000
0x000000000cb0ef50:   000000000f01f016 00000000ebc82928
0x000000000cb0ef60:   000000000cb0ef60 0000000006086764
0x000000000cb0ef70:   000000000cb0f000 0000000006091f20
0x000000000cb0ef80:   0000000000000000 00000000060869c0
0x000000000cb0ef90:   000000000cb0ef58 000000000cb0eff8 

Instructions: (pc=0x000007feeefa50ec)
0x000007feeefa50cc:   5f c3 48 8b 03 4c 8b 05 f8 db 06 00 48 8b d7 ff
0x000007feeefa50dc:   90 20 03 00 00 48 8b 5c 24 30 48 63 c8 48 03 c9
0x000007feeefa50ec:   8b 04 ce 48 8b 74 24 38 48 83 c4 20 5f c3 cc cc
0x000007feeefa50fc:   cc cc cc cc 48 8b c4 57 48 83 ec 70 48 c7 44 24 


Register to memory mapping:

RAX=0x0000000000000000 is an unknown value
RBX=0x0000000009962638 is an unknown value
RCX=0x0000000000000000 is an unknown value
RDX=0x000000000cb0ef58 is pointing into the stack for thread: 0x00000000093b7000
RSP=0x000000000cb0eea0 is pointing into the stack for thread: 0x00000000093b7000
RBP=0x000000000cb0ef38 is pointing into the stack for thread: 0x00000000093b7000
RSI=0x0000000007e24880 is an unknown value
RDI=0x000000000cb0ef58 is pointing into the stack for thread: 0x00000000093b7000
R8 =0x0000000000000032 is an unknown value
R9 =0x00000000ebc82928 is an oop
com.googlecode.javacv.cpp.opencv_core$CvRect 
 - klass: 'com/googlecode/javacv/cpp/opencv_core$CvRect'
R10=0x0000000000000080 is an unknown value
R11=0x000000006e719230 is an unknown value
R12=0x0000000000000000 is an unknown value
R13=0x0000000009962638 is an unknown value
R14=0x000000000cb0ef58 is pointing into the stack for thread: 0x00000000093b7000
R15=0x00000000093b7000 is a thread


Stack: [0x000000000ca10000,0x000000000cb10000],  sp=0x000000000cb0eea0,  free space=1019k
Native frames: (J=compiled Java code, j=interpreted, Vv=VM code, C=native code)
C  [jniopencv_core.dll+0x250ec]
C  0x000000000f02518e

Java frames: (J=compiled Java code, j=interpreted, Vv=VM code)
j  com.googlecode.javacv.cpp.opencv_core$CvRect.x()I+0
j  recognizer.FaceRecognition.predictImg(Lcom/googlecode/javacv/cpp/opencv_core$IplImage;)V+4
j  recognizer.FaceRecognition.captureImg()V+36
j  recognizer.FaceRecognition.captureImg2()V+167
j  recognizer.FaceRecognition.run()V+5
j  java.lang.Thread.run()V+11
v  ~StubRoutines::call_stub

---------------  P R O C E S S  ---------------

Java Threads: ( => current thread )
  0x000000000c056000 JavaThread "Thread-3" [_thread_in_Java, id=788, stack(0x000000000d960000,0x000000000da60000)]
=>0x00000000093b7000 JavaThread "Thread-2" [_thread_in_native, id=3424, stack(0x000000000ca10000,0x000000000cb10000)]
  0x000000000014e000 JavaThread "DestroyJavaVM" [_thread_blocked, id=5188, stack(0x00000000027e0000,0x00000000028e0000)]
  0x0000000007f80000 JavaThread "AWT-EventQueue-0" [_thread_in_Java, id=3540, stack(0x0000000009850000,0x0000000009950000)]
  0x0000000007f1e800 JavaThread "AWT-Windows" daemon [_thread_in_native, id=5820, stack(0x00000000086d0000,0x00000000087d0000)]
  0x0000000007f1d000 JavaThread "AWT-Shutdown" [_thread_blocked, id=1672, stack(0x0000000008870000,0x0000000008970000)]
  0x0000000007f1c000 JavaThread "Java2D Disposer" daemon [_thread_blocked, id=5824, stack(0x0000000008590000,0x0000000008690000)]
  0x0000000007c01800 JavaThread "Service Thread" daemon [_thread_blocked, id=3320, stack(0x00000000083c0000,0x00000000084c0000)]
  0x0000000007b94800 JavaThread "C1 CompilerThread2" daemon [_thread_in_native, id=3056, stack(0x0000000007fa0000,0x00000000080a0000)]
  0x0000000006335000 JavaThread "C2 CompilerThread1" daemon [_thread_blocked, id=4428, stack(0x00000000080d0000,0x00000000081d0000)]
  0x000000000632d800 JavaThread "C2 CompilerThread0" daemon [_thread_blocked, id=5752, stack(0x0000000007a90000,0x0000000007b90000)]
  0x000000000633f800 JavaThread "Attach Listener" daemon [_thread_blocked, id=1088, stack(0x00000000073e0000,0x00000000074e0000)]
  0x000000000633c000 JavaThread "Signal Dispatcher" daemon [_thread_blocked, id=5420, stack(0x00000000078e0000,0x00000000079e0000)]
  0x00000000062d4000 JavaThread "Finalizer" daemon [_thread_blocked, id=5560, stack(0x00000000077d0000,0x00000000078d0000)]
  0x00000000062c9000 JavaThread "Reference Handler" daemon [_thread_blocked, id=5884, stack(0x0000000007680000,0x0000000007780000)]

Other Threads:
  0x00000000062c5000 VMThread [stack: 0x0000000007500000,0x0000000007600000] [id=4420]
  0x0000000007c04800 WatcherThread [stack: 0x0000000008210000,0x0000000008310000] [id=5308]

VM state:not at safepoint (normal execution)

VM Mutex/Monitor currently owned by a thread: None

Heap:
 PSYoungGen      total 14848K, used 3941K [0x00000000eb180000, 0x00000000eca80000, 0x0000000100000000)
  eden space 11264K, 9% used [0x00000000eb180000,0x00000000eb28e600,0x00000000ebc80000)
  from space 3584K, 79% used [0x00000000ebc80000,0x00000000ebf4b030,0x00000000ec000000)
  to   space 3584K, 0% used [0x00000000ec700000,0x00000000ec700000,0x00000000eca80000)
 ParOldGen       total 64000K, used 24066K [0x00000000c1400000, 0x00000000c5280000, 0x00000000eb180000)
  object space 64000K, 37% used [0x00000000c1400000,0x00000000c2b80a30,0x00000000c5280000)
 Metaspace       used 12702K, capacity 12870K, committed 13184K, reserved 1060864K
  class space    used 1589K, capacity 1627K, committed 1664K, reserved 1048576K

Card table byte_map: [0x0000000002f70000,0x0000000003170000] byte_map_base: 0x0000000002966000

Marking Bits: (ParMarkBitMap*) 0x000000006e7212b0
 Begin Bits: [0x00000000037e0000, 0x0000000004790000)
 End Bits:   [0x0000000004790000, 0x0000000005740000)

Polling page: 0x0000000000130000

CodeCache: size=245760Kb used=4549Kb max_used=4550Kb free=241210Kb
 bounds [0x000000000f010000, 0x000000000f490000, 0x000000001e010000]
 total_blobs=1948 nmethods=1389 adapters=472
 compilation: enabled

Compilation events (10 events):
Event: 8.082 Thread 0x0000000006335000 1383       4       javax.swing.plaf.nimbus.NimbusStyle$CacheKey::hashCode (27 bytes)
Event: 8.084 Thread 0x000000000632d800 1384       4       javax.swing.plaf.nimbus.NimbusStyle::validate (1178 bytes)
Event: 8.085 Thread 0x000000000632d800 nmethod 1384 0x000000000f37df10 code [0x000000000f37e040, 0x000000000f37e0b8]
Event: 8.086 Thread 0x0000000006335000 nmethod 1383 0x000000000f47ec50 code [0x000000000f47ed80, 0x000000000f47ef18]
Event: 8.090 Thread 0x0000000007b94800 1385       3       java.awt.Rectangle::intersection (180 bytes)
Event: 8.092 Thread 0x0000000007b94800 nmethod 1385 0x000000000f47e2d0 code [0x000000000f47e460, 0x000000000f47e970]
Event: 8.108 Thread 0x0000000007b94800 1386       1       java.lang.ref.Reference::access$100 (4 bytes)
Event: 8.109 Thread 0x0000000007b94800 nmethod 1386 0x000000000f481fd0 code [0x000000000f482120, 0x000000000f482210]
Event: 8.117 Thread 0x0000000007b94800 1387       3       java.awt.geom.Point2D::<init> (5 bytes)
Event: 8.117 Thread 0x0000000007b94800 nmethod 1387 0x000000000f481c10 code [0x000000000f481d60, 0x000000000f481f10]

GC Heap History (10 events):
Event: 3.299 GC heap before
{Heap before GC invocations=7 (full 0):
 PSYoungGen      total 5632K, used 4994K [0x00000000eb180000, 0x00000000eb880000, 0x0000000100000000)
  eden space 4096K, 100% used [0x00000000eb180000,0x00000000eb580000,0x00000000eb580000)
  from space 1536K, 58% used [0x00000000eb700000,0x00000000eb7e0b68,0x00000000eb880000)
  to   space 1536K, 0% used [0x00000000eb580000,0x00000000eb580000,0x00000000eb700000)
 ParOldGen       total 64000K, used 1469K [0x00000000c1400000, 0x00000000c5280000, 0x00000000eb180000)
  object space 64000K, 2% used [0x00000000c1400000,0x00000000c156f458,0x00000000c5280000)
 Metaspace       used 11479K, capacity 11578K, committed 11776K, reserved 1058816K
  class space    used 1466K, capacity 1497K, committed 1536K, reserved 1048576K
Event: 3.301 GC heap after
Heap after GC invocations=7 (full 0):
 PSYoungGen      total 5632K, used 1309K [0x00000000eb180000, 0x00000000ebc80000, 0x0000000100000000)
  eden space 4096K, 0% used [0x00000000eb180000,0x00000000eb180000,0x00000000eb580000)
  from space 1536K, 85% used [0x00000000eb580000,0x00000000eb6c7618,0x00000000eb700000)
  to   space 1536K, 0% used [0x00000000ebb00000,0x00000000ebb00000,0x00000000ebc80000)
 ParOldGen       total 64000K, used 1581K [0x00000000c1400000, 0x00000000c5280000, 0x00000000eb180000)
  object space 64000K, 2% used [0x00000000c1400000,0x00000000c158b458,0x00000000c5280000)
 Metaspace       used 11479K, capacity 11578K, committed 11776K, reserved 1058816K
  class space    used 1466K, capacity 1497K, committed 1536K, reserved 1048576K
}
Event: 4.355 GC heap before
{Heap before GC invocations=8 (full 0):
 PSYoungGen      total 5632K, used 5364K [0x00000000eb180000, 0x00000000ebc80000, 0x0000000100000000)
  eden space 4096K, 98% used [0x00000000eb180000,0x00000000eb575b50,0x00000000eb580000)
  from space 1536K, 85% used [0x00000000eb580000,0x00000000eb6c7618,0x00000000eb700000)
  to   space 1536K, 0% used [0x00000000ebb00000,0x00000000ebb00000,0x00000000ebc80000)
 ParOldGen       total 64000K, used 2481K [0x00000000c1400000, 0x00000000c5280000, 0x00000000eb180000)
  object space 64000K, 3% used [0x00000000c1400000,0x00000000c166c468,0x00000000c5280000)
 Metaspace       used 12351K, capacity 12480K, committed 12672K, reserved 1060864K
  class space    used 1588K, capacity 1626K, committed 1664K, reserved 1048576K
Event: 4.402 GC heap after
Heap after GC invocations=8 (full 0):
 PSYoungGen      total 8704K, used 1508K [0x00000000eb180000, 0x00000000ebe80000, 0x0000000100000000)
  eden space 7168K, 0% used [0x00000000eb180000,0x00000000eb180000,0x00000000eb880000)
  from space 1536K, 98% used [0x00000000ebb00000,0x00000000ebc79010,0x00000000ebc80000)
  to   space 2560K, 0% used [0x00000000eb880000,0x00000000eb880000,0x00000000ebb00000)
 ParOldGen       total 64000K, used 4504K [0x00000000c1400000, 0x00000000c5280000, 0x00000000eb180000)
  object space 64000K, 7% used [0x00000000c1400000,0x00000000c18661c0,0x00000000c5280000)
 Metaspace       used 12351K, capacity 12480K, committed 12672K, reserved 1060864K
  class space    used 1588K, capacity 1626K, committed 1664K, reserved 1048576K
}
Event: 5.284 GC heap before
{Heap before GC invocations=9 (full 0):
 PSYoungGen      total 8704K, used 8676K [0x00000000eb180000, 0x00000000ebe80000, 0x0000000100000000)
  eden space 7168K, 100% used [0x00000000eb180000,0x00000000eb880000,0x00000000eb880000)
  from space 1536K, 98% used [0x00000000ebb00000,0x00000000ebc79010,0x00000000ebc80000)
  to   space 2560K, 0% used [0x00000000eb880000,0x00000000eb880000,0x00000000ebb00000)
 ParOldGen       total 64000K, used 5407K [0x00000000c1400000, 0x00000000c5280000, 0x00000000eb180000)
  object space 64000K, 8% used [0x00000000c1400000,0x00000000c1947ca0,0x00000000c5280000)
 Metaspace       used 12508K, capacity 12672K, committed 12928K, reserved 1060864K
  class space    used 1588K, capacity 1626K, committed 1664K, reserved 1048576K
Event: 5.288 GC heap after
Heap after GC invocations=9 (full 0):
 PSYoungGen      total 9728K, used 2280K [0x00000000eb180000, 0x00000000ec300000, 0x0000000100000000)
  eden space 7168K, 0% used [0x00000000eb180000,0x00000000eb180000,0x00000000eb880000)
  from space 2560K, 89% used [0x00000000eb880000,0x00000000ebaba020,0x00000000ebb00000)
  to   space 3072K, 0% used [0x00000000ec000000,0x00000000ec000000,0x00000000ec300000)
 ParOldGen       total 64000K, used 10147K [0x00000000c1400000, 0x00000000c5280000, 0x00000000eb180000)
  object space 64000K, 15% used [0x00000000c1400000,0x00000000c1de8cf0,0x00000000c5280000)
 Metaspace       used 12508K, capacity 12672K, committed 12928K, reserved 1060864K
  class space    used 1588K, capacity 1626K, committed 1664K, reserved 1048576K
}
Event: 6.207 GC heap before
{Heap before GC invocations=10 (full 0):
 PSYoungGen      total 9728K, used 9448K [0x00000000eb180000, 0x00000000ec300000, 0x0000000100000000)
  eden space 7168K, 100% used [0x00000000eb180000,0x00000000eb880000,0x00000000eb880000)
  from space 2560K, 89% used [0x00000000eb880000,0x00000000ebaba020,0x00000000ebb00000)
  to   space 3072K, 0% used [0x00000000ec000000,0x00000000ec000000,0x00000000ec300000)
 ParOldGen       total 64000K, used 11049K [0x00000000c1400000, 0x00000000c5280000, 0x00000000eb180000)
  object space 64000K, 17% used [0x00000000c1400000,0x00000000c1eca4d0,0x00000000c5280000)
 Metaspace       used 12637K, capacity 12806K, committed 12928K, reserved 1060864K
  class space    used 1589K, capacity 1627K, committed 1664K, reserved 1048576K
Event: 6.212 GC heap after
Heap after GC invocations=10 (full 0):
 PSYoungGen      total 14336K, used 2828K [0x00000000eb180000, 0x00000000ec400000, 0x0000000100000000)
  eden space 11264K, 0% used [0x00000000eb180000,0x00000000eb180000,0x00000000ebc80000)
  from space 3072K, 92% used [0x00000000ec000000,0x00000000ec2c3030,0x00000000ec300000)
  to   space 3584K, 0% used [0x00000000ebc80000,0x00000000ebc80000,0x00000000ec000000)
 ParOldGen       total 64000K, used 15033K [0x00000000c1400000, 0x00000000c5280000, 0x00000000eb180000)
  object space 64000K, 23% used [0x00000000c1400000,0x00000000c22ae510,0x00000000c5280000)
 Metaspace       used 12637K, capacity 12806K, committed 12928K, reserved 1060864K
  class space    used 1589K, capacity 1627K, committed 1664K, reserved 1048576K
}
Event: 8.103 GC heap before
{Heap before GC invocations=11 (full 0):
 PSYoungGen      total 14336K, used 14092K [0x00000000eb180000, 0x00000000ec400000, 0x0000000100000000)
  eden space 11264K, 100% used [0x00000000eb180000,0x00000000ebc80000,0x00000000ebc80000)
  from space 3072K, 92% used [0x00000000ec000000,0x00000000ec2c3030,0x00000000ec300000)
  to   space 3584K, 0% used [0x00000000ebc80000,0x00000000ebc80000,0x00000000ec000000)
 ParOldGen       total 64000K, used 15034K [0x00000000c1400000, 0x00000000c5280000, 0x00000000eb180000)
  object space 64000K, 23% used [0x00000000c1400000,0x00000000c22ae990,0x00000000c5280000)
 Metaspace       used 12697K, capacity 12870K, committed 13184K, reserved 1060864K
  class space    used 1589K, capacity 1627K, committed 1664K, reserved 1048576K
Event: 8.108 GC heap after
Heap after GC invocations=11 (full 0):
 PSYoungGen      total 14848K, used 2860K [0x00000000eb180000, 0x00000000eca80000, 0x0000000100000000)
  eden space 11264K, 0% used [0x00000000eb180000,0x00000000eb180000,0x00000000ebc80000)
  from space 3584K, 79% used [0x00000000ebc80000,0x00000000ebf4b030,0x00000000ec000000)
  to   space 3584K, 0% used [0x00000000ec700000,0x00000000ec700000,0x00000000eca80000)
 ParOldGen       total 64000K, used 24066K [0x00000000c1400000, 0x00000000c5280000, 0x00000000eb180000)
  object space 64000K, 37% used [0x00000000c1400000,0x00000000c2b80a30,0x00000000c5280000)
 Metaspace       used 12697K, capacity 12870K, committed 13184K, reserved 1060864K
  class space    used 1589K, capacity 1627K, committed 1664K, reserved 1048576K
}

Deoptimization events (0 events):
No events

Internal exceptions (10 events):
Event: 7.252 Thread 0x00000000093b7000 Exception <a 'java/io/FileNotFoundException'> (0x00000000eb73ffa8) thrown at [C:\re\workspace\8-2-build-windows-amd64-cygwin\jdk8u11\648\hotspot\src\share\vm\prims\jni.cpp, line 716]
Event: 7.256 Thread 0x00000000093b7000 Exception <a 'java/io/FileNotFoundException'> (0x00000000eb8456a8) thrown at [C:\re\workspace\8-2-build-windows-amd64-cygwin\jdk8u11\648\hotspot\src\share\vm\prims\jni.cpp, line 716]
Event: 7.496 Thread 0x00000000093b7000 Exception <a 'java/io/FileNotFoundException'> (0x00000000eb936ae0) thrown at [C:\re\workspace\8-2-build-windows-amd64-cygwin\jdk8u11\648\hotspot\src\share\vm\prims\jni.cpp, line 716]
Event: 7.501 Thread 0x00000000093b7000 Exception <a 'java/io/FileNotFoundException'> (0x00000000eb94cc70) thrown at [C:\re\workspace\8-2-build-windows-amd64-cygwin\jdk8u11\648\hotspot\src\share\vm\prims\jni.cpp, line 716]
Event: 7.748 Thread 0x00000000093b7000 Exception <a 'java/io/FileNotFoundException'> (0x00000000eb95d030) thrown at [C:\re\workspace\8-2-build-windows-amd64-cygwin\jdk8u11\648\hotspot\src\share\vm\prims\jni.cpp, line 716]
Event: 7.753 Thread 0x00000000093b7000 Exception <a 'java/io/FileNotFoundException'> (0x00000000eba67088) thrown at [C:\re\workspace\8-2-build-windows-amd64-cygwin\jdk8u11\648\hotspot\src\share\vm\prims\jni.cpp, line 716]
Event: 8.002 Thread 0x00000000093b7000 Exception <a 'java/io/FileNotFoundException'> (0x00000000eba77450) thrown at [C:\re\workspace\8-2-build-windows-amd64-cygwin\jdk8u11\648\hotspot\src\share\vm\prims\jni.cpp, line 716]
Event: 8.007 Thread 0x00000000093b7000 Exception <a 'java/io/FileNotFoundException'> (0x00000000ebb7cb40) thrown at [C:\re\workspace\8-2-build-windows-amd64-cygwin\jdk8u11\648\hotspot\src\share\vm\prims\jni.cpp, line 716]
Event: 8.101 Thread 0x00000000093b7000 Exception <a 'java/io/FileNotFoundException'> (0x00000000ebb8cef8) thrown at [C:\re\workspace\8-2-build-windows-amd64-cygwin\jdk8u11\648\hotspot\src\share\vm\prims\jni.cpp, line 716]
Event: 8.109 Thread 0x00000000093b7000 Exception <a 'java/io/FileNotFoundException'> (0x00000000eb183c10) thrown at [C:\re\workspace\8-2-build-windows-amd64-cygwin\jdk8u11\648\hotspot\src\share\vm\prims\jni.cpp, line 716]

Events (10 events):
Event: 8.109 Executing VM operation: RevokeBias
Event: 8.109 Executing VM operation: RevokeBias done
Event: 8.109 Executing VM operation: RevokeBias
Event: 8.109 Executing VM operation: RevokeBias done
Event: 8.109 Executing VM operation: RevokeBias
Event: 8.109 Executing VM operation: RevokeBias done
Event: 8.110 Executing VM operation: RevokeBias
Event: 8.110 Executing VM operation: RevokeBias done
Event: 8.110 Executing VM operation: BulkRevokeBias
Event: 8.110 Executing VM operation: BulkRevokeBias done


Dynamic libraries:
0x000000013f4e0000 - 0x000000013f514000 	C:\Program Files\Java\jdk1.8.0_11\bin\java.exe
0x0000000076e40000 - 0x0000000076fe9000 	C:\Windows\SYSTEM32\ntdll.dll
0x0000000076c20000 - 0x0000000076d3f000 	C:\Windows\system32\kernel32.dll
0x000007fefcd70000 - 0x000007fefcddc000 	C:\Windows\system32\KERNELBASE.dll
0x000007fefdab0000 - 0x000007fefdb8b000 	C:\Windows\system32\ADVAPI32.dll
0x000007fefd1b0000 - 0x000007fefd24f000 	C:\Windows\system32\msvcrt.dll
0x000007fefdd20000 - 0x000007fefdd3f000 	C:\Windows\SYSTEM32\sechost.dll
0x000007fefecf0000 - 0x000007fefee1d000 	C:\Windows\system32\RPCRT4.dll
0x0000000076d40000 - 0x0000000076e3a000 	C:\Windows\system32\USER32.dll
0x000007fefd5d0000 - 0x000007fefd637000 	C:\Windows\system32\GDI32.dll
0x000007fefd900000 - 0x000007fefd90e000 	C:\Windows\system32\LPK.dll
0x000007fefd940000 - 0x000007fefda09000 	C:\Windows\system32\USP10.dll
0x000007fefadb0000 - 0x000007fefafa4000 	C:\Windows\WinSxS\amd64_microsoft.windows.common-controls_6595b64144ccf1df_6.0.7601.17514_none_fa396087175ac9ac\COMCTL32.dll
0x000007fefd250000 - 0x000007fefd2c1000 	C:\Windows\system32\SHLWAPI.dll
0x000007fefd910000 - 0x000007fefd93e000 	C:\Windows\system32\IMM32.DLL
0x000007fefdc10000 - 0x000007fefdd19000 	C:\Windows\system32\MSCTF.dll
0x000007fefcbb0000 - 0x000007fefcbf6000 	C:\Windows\system32\nvinitx.dll
0x000000000f000000 - 0x000000000f006000 	C:\Program Files\NVIDIA Corporation\CoProcManager\_etoured.dll
0x000007fef8a00000 - 0x000007fef8a55000 	C:\Program Files\NVIDIA Corporation\CoProcManager\nvd3d9wrapx.dll
0x000007fefd640000 - 0x000007fefd817000 	C:\Windows\system32\SETUPAPI.dll
0x000007fefccf0000 - 0x000007fefcd26000 	C:\Windows\system32\CFGMGR32.dll
0x000007fefd820000 - 0x000007fefd8f7000 	C:\Windows\system32\OLEAUT32.dll
0x000007fefdd50000 - 0x000007fefdf53000 	C:\Windows\system32\ole32.dll
0x000007fefccd0000 - 0x000007fefccea000 	C:\Windows\system32\DEVOBJ.dll
0x000007fef8650000 - 0x000007fef868d000 	C:\Program Files\NVIDIA Corporation\CoProcManager\nvdxgiwrapx.dll
0x000000006f7c0000 - 0x000000006f892000 	C:\Program Files\Java\jdk1.8.0_11\jre\bin\msvcr100.dll
0x000000006df70000 - 0x000000006e79a000 	C:\Program Files\Java\jdk1.8.0_11\jre\bin\server\jvm.dll
0x000007fef0630000 - 0x000007fef0639000 	C:\Windows\system32\WSOCK32.dll
0x000007fefd500000 - 0x000007fefd54d000 	C:\Windows\system32\WS2_32.dll
0x000007fefdd40000 - 0x000007fefdd48000 	C:\Windows\system32\NSI.dll
0x000007fefaa90000 - 0x000007fefaacb000 	C:\Windows\system32\WINMM.dll
0x0000000077010000 - 0x0000000077017000 	C:\Windows\system32\PSAPI.DLL
0x00000000722f0000 - 0x00000000722ff000 	C:\Program Files\Java\jdk1.8.0_11\jre\bin\verify.dll
0x000000006ff80000 - 0x000000006ffa8000 	C:\Program Files\Java\jdk1.8.0_11\jre\bin\java.dll
0x0000000070030000 - 0x0000000070046000 	C:\Program Files\Java\jdk1.8.0_11\jre\bin\zip.dll
0x000007fefdf60000 - 0x000007fefece8000 	C:\Windows\system32\SHELL32.dll
0x000007fefcca0000 - 0x000007fefccaf000 	C:\Windows\system32\profapi.dll
0x000000006ee30000 - 0x000000006efc6000 	C:\Program Files\Java\jdk1.8.0_11\jre\bin\awt.dll
0x000007fefacf0000 - 0x000007fefad46000 	C:\Windows\system32\uxtheme.dll
0x000007fef97a0000 - 0x000007fef97b8000 	C:\Windows\system32\dwmapi.dll
0x000007fefca80000 - 0x000007fefca8f000 	C:\Windows\system32\CRYPTBASE.dll
0x000000006f930000 - 0x000000006f977000 	C:\Program Files\Java\jdk1.8.0_11\jre\bin\fontmanager.dll
0x0000000070410000 - 0x00000000704a8000 	C:\Windows\System32\msvcp100.dll
0x000007feee680000 - 0x000007feee8f2000 	C:\opencv\build\x64\vc10\bin\opencv_core248.dll
0x000007feeef80000 - 0x000007feef01a000 	C:\Users\Carlo\AppData\Local\Temp\javacpp8803490978878\jniopencv_core.dll
0x0000000066840000 - 0x00000000676b4000 	C:\opencv\build\x64\vc10\bin\opencv_ffmpeg248_64.dll
0x000007feed640000 - 0x000007feed8f2000 	C:\opencv\build\x64\vc10\bin\opencv_imgproc248.dll
0x000007feed000000 - 0x000007feed24d000 	C:\opencv\build\x64\vc10\bin\opencv_highgui248.dll
0x000007fef63a0000 - 0x000007fef63bf000 	C:\Windows\system32\AVIFIL32.dll
0x000007fefaa60000 - 0x000007fefaa78000 	C:\Windows\system32\MSACM32.dll
0x000007fef6310000 - 0x000007fef6339000 	C:\Windows\system32\MSVFW32.dll
0x000007fef62f0000 - 0x000007fef6307000 	C:\Windows\system32\AVICAP32.dll
0x000007fefbcc0000 - 0x000007fefbccc000 	C:\Windows\system32\VERSION.dll
0x000007fef62b0000 - 0x000007fef62c3000 	C:\Users\Carlo\AppData\Local\Temp\javacpp8803490978878\jniopencv_highgui.dll
0x000007fefee20000 - 0x000007fefeeb9000 	C:\Windows\system32\CLBCatQ.DLL
0x000007feef900000 - 0x000007feef916000 	C:\Windows\system32\devenum.dll
0x000007fefb7b0000 - 0x000007fefb7dd000 	C:\Windows\system32\ntmarta.dll
0x000007fefd550000 - 0x000007fefd5a2000 	C:\Windows\system32\WLDAP32.dll
0x000007fefcff0000 - 0x000007fefd02a000 	C:\Windows\system32\WINTRUST.dll
0x000007fefcde0000 - 0x000007fefcf4c000 	C:\Windows\system32\CRYPT32.dll
0x000007fefcc90000 - 0x000007fefcc9f000 	C:\Windows\system32\MSASN1.dll
0x000007feef870000 - 0x000007feef87d000 	C:\Windows\system32\msdmo.dll
0x000007fef6280000 - 0x000007fef62af000 	C:\Windows\system32\qcap.dll
0x000007feedb40000 - 0x000007feedcf2000 	C:\Windows\system32\quartz.dll
0x000007fef5f40000 - 0x000007fef5f81000 	C:\Windows\system32\ksproxy.ax
0x0000000074800000 - 0x0000000074806000 	C:\Windows\system32\ksuser.dll
0x000007fee9eb0000 - 0x000007feea0af000 	C:\Windows\system32\d3d9.dll
0x000007fef0ee0000 - 0x000007fef0ee7000 	C:\Windows\system32\d3d8thk.dll
0x000007fef9450000 - 0x000007fef945b000 	C:\Windows\system32\vidcap.ax
0x000007fef04f0000 - 0x000007fef0514000 	C:\Windows\system32\kswdmcap.ax
0x000007feed400000 - 0x000007feed55c000 	C:\Windows\system32\MFC42.dll
0x000007feee5c0000 - 0x000007feee671000 	C:\Windows\system32\ODBC32.dll
0x0000000065720000 - 0x0000000065758000 	C:\Windows\system32\odbcint.dll
0x000007feed5a0000 - 0x000007feed63b000 	C:\Windows\System32\qedit.dll
0x000007fefda10000 - 0x000007fefdaa7000 	C:\Windows\system32\COMDLG32.dll
0x000007fefaad0000 - 0x000007feface6000 	C:\Windows\WinSxS\amd64_microsoft.windows.gdiplus_6595b64144ccf1df_1.1.7601.18120_none_2b25b14c71ebf230\gdiplus.dll
0x000007fef0880000 - 0x000007fef0971000 	C:\Windows\system32\DDRAW.dll
0x000007fef0870000 - 0x000007fef0878000 	C:\Windows\system32\DCIMAN32.dll
0x000007fef7e20000 - 0x000007fef7f2b000 	C:\Windows\system32\nvumdshimx.dll
0x0000000180000000 - 0x000000018072e000 	C:\Windows\system32\igdumd64.dll
0x000007fef6110000 - 0x000007fef611b000 	C:\Windows\system32\msyuv.dll
0x000007feecf30000 - 0x000007feecffa000 	C:\opencv\build\x64\vc10\bin\opencv_objdetect248.dll
0x000007fef0000000 - 0x000007fef004b000 	C:\Users\Carlo\AppData\Local\Temp\javacpp8803490978878\jniopencv_objdetect.dll
0x000007feeebc0000 - 0x000007feeec59000 	C:\opencv\build\x64\vc10\bin\opencv_flann248.dll
0x000007fee98f0000 - 0x000007fee99c7000 	C:\opencv\build\x64\vc10\bin\opencv_features2d248.dll
0x000007fee9800000 - 0x000007fee98eb000 	C:\opencv\build\x64\vc10\bin\opencv_calib3d248.dll
0x000007feeef10000 - 0x000007feeef7f000 	C:\opencv\build\x64\vc10\bin\opencv_video248.dll
0x000007feece90000 - 0x000007feecf24000 	C:\opencv\build\x64\vc10\bin\opencv_ml248.dll
0x000007fee8f60000 - 0x000007fee90ac000 	C:\opencv\build\x64\vc10\bin\opencv_contrib248.dll
0x000007feefc20000 - 0x000007feefc76000 	C:\Users\Carlo\AppData\Local\Temp\javacpp8803490978878\jniopencv_contrib.dll
0x000000006fca0000 - 0x000000006fcba000 	C:\Program Files\Java\jdk1.8.0_11\jre\bin\net.dll
0x000007fefc420000 - 0x000007fefc475000 	C:\Windows\system32\mswsock.dll
0x000007fefc410000 - 0x000007fefc417000 	C:\Windows\System32\wship6.dll
0x000000006fc80000 - 0x000000006fc91000 	C:\Program Files\Java\jdk1.8.0_11\jre\bin\nio.dll
0x000000006f8e0000 - 0x000000006f921000 	C:\Program Files\Java\jdk1.8.0_11\jre\bin\t2k.dll
0x000007feefbb0000 - 0x000007feefbfd000 	C:\Users\Carlo\AppData\Local\Temp\javacpp8803490978878\jniopencv_imgproc.dll
0x0000000002540000 - 0x0000000002565000 	C:\Program Files\Java\jdk1.8.0_11\jre\bin\rxtxSerial.dll
0x000000006f8b0000 - 0x000000006f8da000 	C:\Program Files\Java\jdk1.8.0_11\jre\bin\dcpr.dll
0x000007fef1bf0000 - 0x000007fef1d15000 	C:\Windows\system32\dbghelp.dll

VM Arguments:
jvm_args: -Dfile.encoding=UTF-8 
java_command: recognizer.Recognizer
java_class_path (initial): C:\javacv-bin\javacpp.jar;C:\javacv-bin\javacv-windows-x86_64.jar;C:\javacv-bin\javacv.jar;C:\Users\Carlo\Desktop\mfz-rxtx-2.2-20081207-win-x64\lib\RXTXcomm.jar;C:\Users\Carlo\Documents\NetBeansProjects\Recognizer\build\classes
Launcher Type: SUN_STANDARD

Environment Variables:
CLASSPATH=Ó<:w>¤u;C:\EZJcom\ezjcom18.jar;C:\Users\Carlo\Desktop\wmp\Jmsdxm.jar
PATH=C:\Program Files (x86)\iis express\PHP\v5.4;C:\Program Files (x86)\PHP\;C:\Program Files\Common Files\Microsoft Shared\Windows Live;C:\Program Files (x86)\Common Files\Microsoft Shared\Windows Live;C:\Program Files (x86)\NVIDIA Corporation\PhysX\Common;C:\Windows\system32;C:\Windows;C:\Windows\System32\Wbem;C:\Windows\System32\WindowsPowerShell\v1.0\;C:\Program Files\7-Zip;C:\Program Files (x86)\Windows Live\Shared;c:\Program Files (x86)\Microsoft SQL Server\100\Tools\Binn\;c:\Program Files\Microsoft SQL Server\100\Tools\Binn\;c:\Program Files\Microsoft SQL Server\100\DTS\Binn\;C:\opencv\build\x64\vc10\bin;C:\Program Files (x86)\Google\google_appengine\;C:\Program Files\Java\jdk1.8.0_11\bin;.;;.;
USERNAME=Carlo
OS=Windows_NT
PROCESSOR_IDENTIFIER=Intel64 Family 6 Model 42 Stepping 7, GenuineIntel



---------------  S Y S T E M  ---------------

OS: Windows 7 , 64 bit Build 7601 Service Pack 1

CPU:total 4 (2 cores per cpu, 2 threads per core) family 6 model 42 stepping 7, cmov, cx8, fxsr, mmx, sse, sse2, sse3, ssse3, sse4.1, sse4.2, popcnt, avx, clmul, ht, tsc, tscinvbit

Memory: 4k page, physical 4105776k(1978804k free), swap 65543912k(61958588k free)

vm_info: Java HotSpot(TM) 64-Bit Server VM (25.11-b03) for windows-amd64 JRE (1.8.0_11-b12), built on Jun 16 2014 20:57:32 by "java_re" with MS VC++ 10.0 (VS2010)

time: Tue Jul 29 13:47:55 2014
elapsed time: 8 seconds

