#
# A fatal error has been detected by the Java Runtime Environment:
#
#  EXCEPTION_ACCESS_VIOLATION (0xc0000005) at pc=0x000007fef5f950ec, pid=4348, tid=4220
#
# JRE version: Java(TM) SE Runtime Environment (8.0_11-b12) (build 1.8.0_11-b12)
# Java VM: Java HotSpot(TM) 64-Bit Server VM (25.11-b03 mixed mode windows-amd64 compressed oops)
# Problematic frame:
# C  [jniopencv_core.dll+0x250ec]
#
# Failed to write core dump. Minidumps are not enabled by default on client versions of Windows
#
# If you would like to submit a bug report, please visit:
#   http://bugreport.sun.com/bugreport/crash.jsp
# The crash happened outside the Java Virtual Machine in native code.
# See problematic frame for where to report the bug.
#

---------------  T H R E A D  ---------------

Current thread (0x000000000923b800):  JavaThread "Thread-2" [_thread_in_native, id=4220, stack(0x000000000c700000,0x000000000c800000)]

siginfo: ExceptionCode=0xc0000005, reading address 0x000000000bc9bb20

Registers:
RAX=0x0000000000000000, RBX=0x00000000097f2638, RCX=0x0000000000000000, RDX=0x000000000c7fed88
RSP=0x000000000c7fecd0, RBP=0x000000000c7fed68, RSI=0x000000000bc9bb20, RDI=0x000000000c7fed88
R8 =0x0000000000000032, R9 =0x00000000ed03d1e0, R10=0x000000000000008e, R11=0x000000006e719230
R12=0x0000000000000000, R13=0x00000000097f2638, R14=0x000000000c7fed88, R15=0x000000000923b800
RIP=0x000007fef5f950ec, EFLAGS=0x0000000000010246

Top of Stack: (sp=0x000000000c7fecd0)
0x000000000c7fecd0:   00000000eb261238 0000000000000000
0x000000000c7fece0:   4056400000000000 000000000f0256ba
0x000000000c7fecf0:   000000000f016f70 000000000f02518e
0x000000000c7fed00:   00000000097f2638 0000000000000019
0x000000000c7fed10:   00000000090fd2f0 3ff199999999999a
0x000000000c7fed20:   0000000000000003 000000000c7fed28
0x000000000c7fed30:   0000000000000000 000000000c7fed88
0x000000000c7fed40:   00000000098c8510 0000000000000000
0x000000000c7fed50:   00000000097f2638 0000000000000000
0x000000000c7fed60:   000000000c7fed88 000000000c7fedd0
0x000000000c7fed70:   000000000f016f70 0000000000000000
0x000000000c7fed80:   000000000f01f016 00000000ed03d1e0
0x000000000c7fed90:   000000000c7fed90 0000000006146764
0x000000000c7feda0:   000000000c7fee30 0000000006151f28
0x000000000c7fedb0:   0000000000000000 00000000061469c8
0x000000000c7fedc0:   000000000c7fed88 000000000c7fee28 

Instructions: (pc=0x000007fef5f950ec)
0x000007fef5f950cc:   5f c3 48 8b 03 4c 8b 05 f8 db 06 00 48 8b d7 ff
0x000007fef5f950dc:   90 20 03 00 00 48 8b 5c 24 30 48 63 c8 48 03 c9
0x000007fef5f950ec:   8b 04 ce 48 8b 74 24 38 48 83 c4 20 5f c3 cc cc
0x000007fef5f950fc:   cc cc cc cc 48 8b c4 57 48 83 ec 70 48 c7 44 24 


Register to memory mapping:

RAX=0x0000000000000000 is an unknown value
RBX=0x00000000097f2638 is an unknown value
RCX=0x0000000000000000 is an unknown value
RDX=0x000000000c7fed88 is pointing into the stack for thread: 0x000000000923b800
RSP=0x000000000c7fecd0 is pointing into the stack for thread: 0x000000000923b800
RBP=0x000000000c7fed68 is pointing into the stack for thread: 0x000000000923b800
RSI=0x000000000bc9bb20 is an unknown value
RDI=0x000000000c7fed88 is pointing into the stack for thread: 0x000000000923b800
R8 =0x0000000000000032 is an unknown value
R9 =0x00000000ed03d1e0 is an oop
com.googlecode.javacv.cpp.opencv_core$CvRect 
 - klass: 'com/googlecode/javacv/cpp/opencv_core$CvRect'
R10=0x000000000000008e is an unknown value
R11=0x000000006e719230 is an unknown value
R12=0x0000000000000000 is an unknown value
R13=0x00000000097f2638 is an unknown value
R14=0x000000000c7fed88 is pointing into the stack for thread: 0x000000000923b800
R15=0x000000000923b800 is a thread


Stack: [0x000000000c700000,0x000000000c800000],  sp=0x000000000c7fecd0,  free space=1019k
Native frames: (J=compiled Java code, j=interpreted, Vv=VM code, C=native code)
C  [jniopencv_core.dll+0x250ec]
C  0x000000000f02518e

Java frames: (J=compiled Java code, j=interpreted, Vv=VM code)
j  com.googlecode.javacv.cpp.opencv_core$CvRect.x()I+0
j  recognizer.FaceRecognition.predictImg(Lcom/googlecode/javacv/cpp/opencv_core$IplImage;)V+4
j  recognizer.FaceRecognition.captureImg()V+36
j  recognizer.FaceRecognition.captureImg2()V+167
j  recognizer.FaceRecognition.run()V+5
j  java.lang.Thread.run()V+11
v  ~StubRoutines::call_stub

---------------  P R O C E S S  ---------------

Java Threads: ( => current thread )
  0x000000000dd4e000 JavaThread "TimerQueue" daemon [_thread_blocked, id=5972, stack(0x000000005e120000,0x000000005e220000)]
  0x000000000dd6e000 JavaThread "Thread-3" [_thread_in_Java, id=5264, stack(0x000000000ed10000,0x000000000ee10000)]
=>0x000000000923b800 JavaThread "Thread-2" [_thread_in_native, id=4220, stack(0x000000000c700000,0x000000000c800000)]
  0x00000000025ae000 JavaThread "DestroyJavaVM" [_thread_blocked, id=5172, stack(0x00000000027c0000,0x00000000028c0000)]
  0x0000000008184800 JavaThread "AWT-EventQueue-0" [_thread_blocked, id=5812, stack(0x0000000008ee0000,0x0000000008fe0000)]
  0x0000000008112000 JavaThread "AWT-Windows" daemon [_thread_in_native, id=5988, stack(0x0000000008790000,0x0000000008890000)]
  0x00000000080de000 JavaThread "AWT-Shutdown" [_thread_blocked, id=3828, stack(0x0000000008510000,0x0000000008610000)]
  0x00000000080d1800 JavaThread "Java2D Disposer" daemon [_thread_blocked, id=1460, stack(0x0000000007b90000,0x0000000007c90000)]
  0x0000000007e03000 JavaThread "Service Thread" daemon [_thread_blocked, id=5980, stack(0x0000000008210000,0x0000000008310000)]
  0x00000000063f5800 JavaThread "C1 CompilerThread2" daemon [_thread_blocked, id=5856, stack(0x0000000007210000,0x0000000007310000)]
  0x00000000063f4000 JavaThread "C2 CompilerThread1" daemon [_thread_blocked, id=120, stack(0x0000000007c90000,0x0000000007d90000)]
  0x00000000063ec800 JavaThread "C2 CompilerThread0" daemon [_thread_blocked, id=992, stack(0x0000000007a20000,0x0000000007b20000)]
  0x00000000063ff000 JavaThread "Attach Listener" daemon [_thread_blocked, id=3184, stack(0x0000000007460000,0x0000000007560000)]
  0x00000000063fb800 JavaThread "Signal Dispatcher" daemon [_thread_blocked, id=5472, stack(0x0000000007840000,0x0000000007940000)]
  0x0000000006394000 JavaThread "Finalizer" daemon [_thread_blocked, id=1464, stack(0x0000000007700000,0x0000000007800000)]
  0x0000000006389000 JavaThread "Reference Handler" daemon [_thread_blocked, id=5484, stack(0x0000000007570000,0x0000000007670000)]

Other Threads:
  0x0000000006385000 VMThread [stack: 0x0000000007320000,0x0000000007420000] [id=6140]
  0x0000000007e06800 WatcherThread [stack: 0x00000000083d0000,0x00000000084d0000] [id=5952]

VM state:not at safepoint (normal execution)

VM Mutex/Monitor currently owned by a thread: None

Heap:
 PSYoungGen      total 21504K, used 7732K [0x00000000eb180000, 0x00000000ed680000, 0x0000000100000000)
  eden space 14848K, 7% used [0x00000000eb180000,0x00000000eb2961d8,0x00000000ec000000)
  from space 6656K, 99% used [0x00000000ed000000,0x00000000ed677070,0x00000000ed680000)
  to   space 7680K, 0% used [0x00000000ec780000,0x00000000ec780000,0x00000000ecf00000)
 ParOldGen       total 64000K, used 37817K [0x00000000c1400000, 0x00000000c5280000, 0x00000000eb180000)
  object space 64000K, 59% used [0x00000000c1400000,0x00000000c38ee778,0x00000000c5280000)
 Metaspace       used 14038K, capacity 14168K, committed 14464K, reserved 1062912K
  class space    used 1776K, capacity 1822K, committed 1920K, reserved 1048576K

Card table byte_map: [0x0000000002f50000,0x0000000003150000] byte_map_base: 0x0000000002946000

Marking Bits: (ParMarkBitMap*) 0x000000006e7212b0
 Begin Bits: [0x00000000038a0000, 0x0000000004850000)
 End Bits:   [0x0000000004850000, 0x0000000005800000)

Polling page: 0x0000000000330000

CodeCache: size=245760Kb used=5714Kb max_used=5726Kb free=240045Kb
 bounds [0x000000000f010000, 0x000000000f5b0000, 0x000000001e010000]
 total_blobs=2273 nmethods=1699 adapters=487
 compilation: enabled

Compilation events (10 events):
Event: 10.759 Thread 0x00000000063f4000 nmethod 1696 0x000000000f5a7d90 code [0x000000000f5a7ee0, 0x000000000f5a8018]
Event: 10.760 Thread 0x00000000063f5800 1697   !   3       java.awt.Window::getInputContext (36 bytes)
Event: 10.760 Thread 0x00000000063f5800 nmethod 1697 0x000000000f5a73d0 code [0x000000000f5a7560, 0x000000000f5a7ac8]
Event: 10.770 Thread 0x00000000063f5800 1698       3       java.awt.EventQueue$4::run (5 bytes)
Event: 10.771 Thread 0x00000000063f5800 nmethod 1698 0x000000000f5a6950 code [0x000000000f5a6b20, 0x000000000f5a70b8]
Event: 10.771 Thread 0x00000000063f5800 1699       3       java.awt.EventQueue$4::run (19 bytes)
Event: 10.772 Thread 0x00000000063f5800 nmethod 1699 0x000000000f5a6010 code [0x000000000f5a61c0, 0x000000000f5a66d8]
Event: 10.790 Thread 0x00000000063f5800 1700       3       java.awt.Window::dispatchEventImpl (23 bytes)
Event: 10.791 Thread 0x00000000063f5800 nmethod 1700 0x000000000f5a5690 code [0x000000000f5a5840, 0x000000000f5a5e38]
Event: 10.798 Thread 0x00000000063ec800 1701       4       javax.swing.plaf.synth.Region::getUItoRegionMap (578 bytes)

GC Heap History (10 events):
Event: 5.411 GC heap before
{Heap before GC invocations=10 (full 0):
 PSYoungGen      total 9728K, used 8902K [0x00000000eb180000, 0x00000000ec380000, 0x0000000100000000)
  eden space 6144K, 93% used [0x00000000eb180000,0x00000000eb716a58,0x00000000eb780000)
  from space 3584K, 88% used [0x00000000eb780000,0x00000000eba9b030,0x00000000ebb00000)
  to   space 4096K, 0% used [0x00000000ebf80000,0x00000000ebf80000,0x00000000ec380000)
 ParOldGen       total 64000K, used 8153K [0x00000000c1400000, 0x00000000c5280000, 0x00000000eb180000)
  object space 64000K, 12% used [0x00000000c1400000,0x00000000c1bf66f8,0x00000000c5280000)
 Metaspace       used 12552K, capacity 12672K, committed 12928K, reserved 1060864K
  class space    used 1588K, capacity 1626K, committed 1664K, reserved 1048576K
Event: 5.419 GC heap after
Heap after GC invocations=10 (full 0):
 PSYoungGen      total 13824K, used 3696K [0x00000000eb180000, 0x00000000ec480000, 0x0000000100000000)
  eden space 9728K, 0% used [0x00000000eb180000,0x00000000eb180000,0x00000000ebb00000)
  from space 4096K, 90% used [0x00000000ebf80000,0x00000000ec31c040,0x00000000ec380000)
  to   space 4608K, 0% used [0x00000000ebb00000,0x00000000ebb00000,0x00000000ebf80000)
 ParOldGen       total 64000K, used 10321K [0x00000000c1400000, 0x00000000c5280000, 0x00000000eb180000)
  object space 64000K, 16% used [0x00000000c1400000,0x00000000c1e14718,0x00000000c5280000)
 Metaspace       used 12552K, capacity 12672K, committed 12928K, reserved 1060864K
  class space    used 1588K, capacity 1626K, committed 1664K, reserved 1048576K
}
Event: 6.370 GC heap before
{Heap before GC invocations=11 (full 0):
 PSYoungGen      total 13824K, used 13424K [0x00000000eb180000, 0x00000000ec480000, 0x0000000100000000)
  eden space 9728K, 100% used [0x00000000eb180000,0x00000000ebb00000,0x00000000ebb00000)
  from space 4096K, 90% used [0x00000000ebf80000,0x00000000ec31c040,0x00000000ec380000)
  to   space 4608K, 0% used [0x00000000ebb00000,0x00000000ebb00000,0x00000000ebf80000)
 ParOldGen       total 64000K, used 10321K [0x00000000c1400000, 0x00000000c5280000, 0x00000000eb180000)
  object space 64000K, 16% used [0x00000000c1400000,0x00000000c1e14718,0x00000000c5280000)
 Metaspace       used 13813K, capacity 13976K, committed 14208K, reserved 1060864K
  class space    used 1773K, capacity 1822K, committed 1920K, reserved 1048576K
Event: 6.380 GC heap after
Heap after GC invocations=11 (full 0):
 PSYoungGen      total 14336K, used 3984K [0x00000000eb180000, 0x00000000ecb00000, 0x0000000100000000)
  eden space 9728K, 0% used [0x00000000eb180000,0x00000000eb180000,0x00000000ebb00000)
  from space 4608K, 86% used [0x00000000ebb00000,0x00000000ebee4040,0x00000000ebf80000)
  to   space 5120K, 0% used [0x00000000ec600000,0x00000000ec600000,0x00000000ecb00000)
 ParOldGen       total 64000K, used 13988K [0x00000000c1400000, 0x00000000c5280000, 0x00000000eb180000)
  object space 64000K, 21% used [0x00000000c1400000,0x00000000c21a92b8,0x00000000c5280000)
 Metaspace       used 13813K, capacity 13976K, committed 14208K, reserved 1060864K
  class space    used 1773K, capacity 1822K, committed 1920K, reserved 1048576K
}
Event: 7.448 GC heap before
{Heap before GC invocations=12 (full 0):
 PSYoungGen      total 14336K, used 13460K [0x00000000eb180000, 0x00000000ecb00000, 0x0000000100000000)
  eden space 9728K, 97% used [0x00000000eb180000,0x00000000ebac1010,0x00000000ebb00000)
  from space 4608K, 86% used [0x00000000ebb00000,0x00000000ebee4040,0x00000000ebf80000)
  to   space 5120K, 0% used [0x00000000ec600000,0x00000000ec600000,0x00000000ecb00000)
 ParOldGen       total 64000K, used 13988K [0x00000000c1400000, 0x00000000c5280000, 0x00000000eb180000)
  object space 64000K, 21% used [0x00000000c1400000,0x00000000c21a92b8,0x00000000c5280000)
 Metaspace       used 13898K, capacity 14040K, committed 14464K, reserved 1062912K
  class space    used 1773K, capacity 1822K, committed 1920K, reserved 1048576K
Event: 7.455 GC heap after
Heap after GC invocations=12 (full 0):
 PSYoungGen      total 20480K, used 4660K [0x00000000eb180000, 0x00000000ecc00000, 0x0000000100000000)
  eden space 15360K, 0% used [0x00000000eb180000,0x00000000eb180000,0x00000000ec080000)
  from space 5120K, 91% used [0x00000000ec600000,0x00000000eca8d050,0x00000000ecb00000)
  to   space 5632K, 0% used [0x00000000ec080000,0x00000000ec080000,0x00000000ec600000)
 ParOldGen       total 64000K, used 21469K [0x00000000c1400000, 0x00000000c5280000, 0x00000000eb180000)
  object space 64000K, 33% used [0x00000000c1400000,0x00000000c28f77e8,0x00000000c5280000)
 Metaspace       used 13898K, capacity 14040K, committed 14464K, reserved 1062912K
  class space    used 1773K, capacity 1822K, committed 1920K, reserved 1048576K
}
Event: 9.160 GC heap before
{Heap before GC invocations=13 (full 0):
 PSYoungGen      total 20480K, used 19701K [0x00000000eb180000, 0x00000000ecc00000, 0x0000000100000000)
  eden space 15360K, 97% used [0x00000000eb180000,0x00000000ec030620,0x00000000ec080000)
  from space 5120K, 91% used [0x00000000ec600000,0x00000000eca8d050,0x00000000ecb00000)
  to   space 5632K, 0% used [0x00000000ec080000,0x00000000ec080000,0x00000000ec600000)
 ParOldGen       total 64000K, used 21469K [0x00000000c1400000, 0x00000000c5280000, 0x00000000eb180000)
  object space 64000K, 33% used [0x00000000c1400000,0x00000000c28f77e8,0x00000000c5280000)
 Metaspace       used 13945K, capacity 14104K, committed 14464K, reserved 1062912K
  class space    used 1776K, capacity 1822K, committed 1920K, reserved 1048576K
Event: 9.168 GC heap after
Heap after GC invocations=13 (full 0):
 PSYoungGen      total 20992K, used 5560K [0x00000000eb180000, 0x00000000ed680000, 0x0000000100000000)
  eden space 15360K, 0% used [0x00000000eb180000,0x00000000eb180000,0x00000000ec080000)
  from space 5632K, 98% used [0x00000000ec080000,0x00000000ec5ee060,0x00000000ec600000)
  to   space 6656K, 0% used [0x00000000ed000000,0x00000000ed000000,0x00000000ed680000)
 ParOldGen       total 64000K, used 28722K [0x00000000c1400000, 0x00000000c5280000, 0x00000000eb180000)
  object space 64000K, 44% used [0x00000000c1400000,0x00000000c300c9b8,0x00000000c5280000)
 Metaspace       used 13945K, capacity 14104K, committed 14464K, reserved 1062912K
  class space    used 1776K, capacity 1822K, committed 1920K, reserved 1048576K
}
Event: 10.654 GC heap before
{Heap before GC invocations=14 (full 0):
 PSYoungGen      total 20992K, used 20349K [0x00000000eb180000, 0x00000000ed680000, 0x0000000100000000)
  eden space 15360K, 96% used [0x00000000eb180000,0x00000000ebff1778,0x00000000ec080000)
  from space 5632K, 98% used [0x00000000ec080000,0x00000000ec5ee060,0x00000000ec600000)
  to   space 6656K, 0% used [0x00000000ed000000,0x00000000ed000000,0x00000000ed680000)
 ParOldGen       total 64000K, used 28722K [0x00000000c1400000, 0x00000000c5280000, 0x00000000eb180000)
  object space 64000K, 44% used [0x00000000c1400000,0x00000000c300c9b8,0x00000000c5280000)
 Metaspace       used 14030K, capacity 14168K, committed 14464K, reserved 1062912K
  class space    used 1776K, capacity 1822K, committed 1920K, reserved 1048576K
Event: 10.662 GC heap after
Heap after GC invocations=14 (full 0):
 PSYoungGen      total 21504K, used 6620K [0x00000000eb180000, 0x00000000ed680000, 0x0000000100000000)
  eden space 14848K, 0% used [0x00000000eb180000,0x00000000eb180000,0x00000000ec000000)
  from space 6656K, 99% used [0x00000000ed000000,0x00000000ed677070,0x00000000ed680000)
  to   space 7680K, 0% used [0x00000000ec780000,0x00000000ec780000,0x00000000ecf00000)
 ParOldGen       total 64000K, used 37817K [0x00000000c1400000, 0x00000000c5280000, 0x00000000eb180000)
  object space 64000K, 59% used [0x00000000c1400000,0x00000000c38ee778,0x00000000c5280000)
 Metaspace       used 14030K, capacity 14168K, committed 14464K, reserved 1062912K
  class space    used 1776K, capacity 1822K, committed 1920K, reserved 1048576K
}

Deoptimization events (6 events):
Event: 5.623 Thread 0x0000000008184800 Uncommon trap: reason=unreached action=reinterpret pc=0x000000000f204460 method=java.util.HashMap.getNode(ILjava/lang/Object;)Ljava/util/HashMap$Node; @ 84
Event: 5.623 Thread 0x0000000008184800 Uncommon trap: reason=unreached action=reinterpret pc=0x000000000f1da95c method=java.util.HashMap.getNode(ILjava/lang/Object;)Ljava/util/HashMap$Node; @ 84
Event: 5.834 Thread 0x0000000008184800 Uncommon trap: reason=unreached action=reinterpret pc=0x000000000f1dc710 method=java.util.HashMap.putVal(ILjava/lang/Object;Ljava/lang/Object;ZZ)Ljava/lang/Object; @ 109
Event: 7.778 Thread 0x0000000008184800 Uncommon trap: reason=class_check action=maybe_recompile pc=0x000000000f1a918c method=java.lang.String.equals(Ljava/lang/Object;)Z @ 8
Event: 7.778 Thread 0x0000000008184800 Uncommon trap: reason=class_check action=maybe_recompile pc=0x000000000f1a918c method=java.lang.String.equals(Ljava/lang/Object;)Z @ 8
Event: 7.778 Thread 0x0000000008184800 Uncommon trap: reason=class_check action=maybe_recompile pc=0x000000000f1a918c method=java.lang.String.equals(Ljava/lang/Object;)Z @ 8

Internal exceptions (10 events):
Event: 10.175 Thread 0x000000000923b800 Exception <a 'java/io/FileNotFoundException'> (0x00000000eba438c8) thrown at [C:\re\workspace\8-2-build-windows-amd64-cygwin\jdk8u11\648\hotspot\src\share\vm\prims\jni.cpp, line 716]
Event: 10.176 Thread 0x000000000923b800 Exception <a 'java/io/FileNotFoundException'> (0x00000000ebb525f8) thrown at [C:\re\workspace\8-2-build-windows-amd64-cygwin\jdk8u11\648\hotspot\src\share\vm\prims\jni.cpp, line 716]
Event: 10.282 Thread 0x000000000923b800 Exception <a 'java/io/FileNotFoundException'> (0x00000000ebb63528) thrown at [C:\re\workspace\8-2-build-windows-amd64-cygwin\jdk8u11\648\hotspot\src\share\vm\prims\jni.cpp, line 716]
Event: 10.283 Thread 0x000000000923b800 Exception <a 'java/io/FileNotFoundException'> (0x00000000ebc66cd0) thrown at [C:\re\workspace\8-2-build-windows-amd64-cygwin\jdk8u11\648\hotspot\src\share\vm\prims\jni.cpp, line 716]
Event: 10.397 Thread 0x000000000923b800 Exception <a 'java/io/FileNotFoundException'> (0x00000000ebc77080) thrown at [C:\re\workspace\8-2-build-windows-amd64-cygwin\jdk8u11\648\hotspot\src\share\vm\prims\jni.cpp, line 716]
Event: 10.398 Thread 0x000000000923b800 Exception <a 'java/io/FileNotFoundException'> (0x00000000ebd84da8) thrown at [C:\re\workspace\8-2-build-windows-amd64-cygwin\jdk8u11\648\hotspot\src\share\vm\prims\jni.cpp, line 716]
Event: 10.508 Thread 0x000000000923b800 Exception <a 'java/io/FileNotFoundException'> (0x00000000ebe98708) thrown at [C:\re\workspace\8-2-build-windows-amd64-cygwin\jdk8u11\648\hotspot\src\share\vm\prims\jni.cpp, line 716]
Event: 10.510 Thread 0x000000000923b800 Exception <a 'java/io/FileNotFoundException'> (0x00000000ebeae888) thrown at [C:\re\workspace\8-2-build-windows-amd64-cygwin\jdk8u11\648\hotspot\src\share\vm\prims\jni.cpp, line 716]
Event: 10.620 Thread 0x000000000923b800 Exception <a 'java/io/FileNotFoundException'> (0x00000000ebecbe58) thrown at [C:\re\workspace\8-2-build-windows-amd64-cygwin\jdk8u11\648\hotspot\src\share\vm\prims\jni.cpp, line 716]
Event: 10.622 Thread 0x000000000923b800 Exception <a 'java/io/FileNotFoundException'> (0x00000000ebfced18) thrown at [C:\re\workspace\8-2-build-windows-amd64-cygwin\jdk8u11\648\hotspot\src\share\vm\prims\jni.cpp, line 716]

Events (10 events):
Event: 9.409 Executing VM operation: BulkRevokeBias
Event: 9.409 Executing VM operation: BulkRevokeBias done
Event: 9.424 Executing VM operation: RevokeBias
Event: 9.424 Executing VM operation: RevokeBias done
Event: 9.427 Executing VM operation: RevokeBias
Event: 9.428 Executing VM operation: RevokeBias done
Event: 9.496 Thread 0x0000000008184800 DEOPT PACKING pc=0x000000000f4c9a12 sp=0x0000000008fd86b0
Event: 9.496 Thread 0x0000000008184800 DEOPT UNPACKING pc=0x000000000f057604 sp=0x0000000008fd83f0 mode 0
Event: 10.653 Executing VM operation: ParallelGCFailedAllocation
Event: 10.662 Executing VM operation: ParallelGCFailedAllocation done


Dynamic libraries:
0x000000013fff0000 - 0x0000000140024000 	C:\Program Files\Java\jdk1.8.0_11\bin\java.exe
0x0000000076e40000 - 0x0000000076fe9000 	C:\Windows\SYSTEM32\ntdll.dll
0x0000000076c20000 - 0x0000000076d3f000 	C:\Windows\system32\kernel32.dll
0x000007fefcd70000 - 0x000007fefcddc000 	C:\Windows\system32\KERNELBASE.dll
0x000007fefdab0000 - 0x000007fefdb8b000 	C:\Windows\system32\ADVAPI32.dll
0x000007fefd1b0000 - 0x000007fefd24f000 	C:\Windows\system32\msvcrt.dll
0x000007fefdd20000 - 0x000007fefdd3f000 	C:\Windows\SYSTEM32\sechost.dll
0x000007fefecf0000 - 0x000007fefee1d000 	C:\Windows\system32\RPCRT4.dll
0x0000000076d40000 - 0x0000000076e3a000 	C:\Windows\system32\USER32.dll
0x000007fefd5d0000 - 0x000007fefd637000 	C:\Windows\system32\GDI32.dll
0x000007fefd900000 - 0x000007fefd90e000 	C:\Windows\system32\LPK.dll
0x000007fefd940000 - 0x000007fefda09000 	C:\Windows\system32\USP10.dll
0x000007fefadb0000 - 0x000007fefafa4000 	C:\Windows\WinSxS\amd64_microsoft.windows.common-controls_6595b64144ccf1df_6.0.7601.17514_none_fa396087175ac9ac\COMCTL32.dll
0x000007fefd250000 - 0x000007fefd2c1000 	C:\Windows\system32\SHLWAPI.dll
0x000007fefd910000 - 0x000007fefd93e000 	C:\Windows\system32\IMM32.DLL
0x000007fefdc10000 - 0x000007fefdd19000 	C:\Windows\system32\MSCTF.dll
0x000007fefcbb0000 - 0x000007fefcbf6000 	C:\Windows\system32\nvinitx.dll
0x000000000f000000 - 0x000000000f006000 	C:\Program Files\NVIDIA Corporation\CoProcManager\_etoured.dll
0x000007fef8a00000 - 0x000007fef8a55000 	C:\Program Files\NVIDIA Corporation\CoProcManager\nvd3d9wrapx.dll
0x000007fefd640000 - 0x000007fefd817000 	C:\Windows\system32\SETUPAPI.dll
0x000007fefccf0000 - 0x000007fefcd26000 	C:\Windows\system32\CFGMGR32.dll
0x000007fefd820000 - 0x000007fefd8f7000 	C:\Windows\system32\OLEAUT32.dll
0x000007fefdd50000 - 0x000007fefdf53000 	C:\Windows\system32\ole32.dll
0x000007fefccd0000 - 0x000007fefccea000 	C:\Windows\system32\DEVOBJ.dll
0x000007fef8650000 - 0x000007fef868d000 	C:\Program Files\NVIDIA Corporation\CoProcManager\nvdxgiwrapx.dll
0x000000006f7c0000 - 0x000000006f892000 	C:\Program Files\Java\jdk1.8.0_11\jre\bin\msvcr100.dll
0x000000006df70000 - 0x000000006e79a000 	C:\Program Files\Java\jdk1.8.0_11\jre\bin\server\jvm.dll
0x000007fef0630000 - 0x000007fef0639000 	C:\Windows\system32\WSOCK32.dll
0x000007fefd500000 - 0x000007fefd54d000 	C:\Windows\system32\WS2_32.dll
0x000007fefdd40000 - 0x000007fefdd48000 	C:\Windows\system32\NSI.dll
0x000007fefaa90000 - 0x000007fefaacb000 	C:\Windows\system32\WINMM.dll
0x0000000077010000 - 0x0000000077017000 	C:\Windows\system32\PSAPI.DLL
0x00000000722f0000 - 0x00000000722ff000 	C:\Program Files\Java\jdk1.8.0_11\jre\bin\verify.dll
0x000000006ff80000 - 0x000000006ffa8000 	C:\Program Files\Java\jdk1.8.0_11\jre\bin\java.dll
0x0000000070030000 - 0x0000000070046000 	C:\Program Files\Java\jdk1.8.0_11\jre\bin\zip.dll
0x000007fefdf60000 - 0x000007fefece8000 	C:\Windows\system32\SHELL32.dll
0x000007fefcca0000 - 0x000007fefccaf000 	C:\Windows\system32\profapi.dll
0x000000006ee30000 - 0x000000006efc6000 	C:\Program Files\Java\jdk1.8.0_11\jre\bin\awt.dll
0x000007fefacf0000 - 0x000007fefad46000 	C:\Windows\system32\uxtheme.dll
0x000007fef97a0000 - 0x000007fef97b8000 	C:\Windows\system32\dwmapi.dll
0x000007fefca80000 - 0x000007fefca8f000 	C:\Windows\system32\CRYPTBASE.dll
0x000000006f930000 - 0x000000006f977000 	C:\Program Files\Java\jdk1.8.0_11\jre\bin\fontmanager.dll
0x0000000070410000 - 0x00000000704a8000 	C:\Windows\System32\msvcp100.dll
0x000007feed880000 - 0x000007feedaf2000 	C:\opencv\build\x64\vc10\bin\opencv_core248.dll
0x000007fef5f70000 - 0x000007fef600a000 	C:\Users\Carlo\AppData\Local\Temp\javacpp8543538066123\jniopencv_core.dll
0x0000000066840000 - 0x00000000676b4000 	C:\opencv\build\x64\vc10\bin\opencv_ffmpeg248_64.dll
0x000007feee640000 - 0x000007feee8f2000 	C:\opencv\build\x64\vc10\bin\opencv_imgproc248.dll
0x000007feed630000 - 0x000007feed87d000 	C:\opencv\build\x64\vc10\bin\opencv_highgui248.dll
0x000007fef62a0000 - 0x000007fef62bf000 	C:\Windows\system32\AVIFIL32.dll
0x000007fefaa60000 - 0x000007fefaa78000 	C:\Windows\system32\MSACM32.dll
0x000007fef5f40000 - 0x000007fef5f69000 	C:\Windows\system32\MSVFW32.dll
0x000007fef6280000 - 0x000007fef6297000 	C:\Windows\system32\AVICAP32.dll
0x000007fefbcc0000 - 0x000007fefbccc000 	C:\Windows\system32\VERSION.dll
0x000007fef5f20000 - 0x000007fef5f33000 	C:\Users\Carlo\AppData\Local\Temp\javacpp8543538066123\jniopencv_highgui.dll
0x000007fefee20000 - 0x000007fefeeb9000 	C:\Windows\system32\CLBCatQ.DLL
0x000007feef900000 - 0x000007feef916000 	C:\Windows\system32\devenum.dll
0x000007fefb7b0000 - 0x000007fefb7dd000 	C:\Windows\system32\ntmarta.dll
0x000007fefd550000 - 0x000007fefd5a2000 	C:\Windows\system32\WLDAP32.dll
0x000007fefcff0000 - 0x000007fefd02a000 	C:\Windows\system32\WINTRUST.dll
0x000007fefcde0000 - 0x000007fefcf4c000 	C:\Windows\system32\CRYPT32.dll
0x000007fefcc90000 - 0x000007fefcc9f000 	C:\Windows\system32\MSASN1.dll
0x000007feef870000 - 0x000007feef87d000 	C:\Windows\system32\msdmo.dll
0x000007fef04f0000 - 0x000007fef051f000 	C:\Windows\system32\qcap.dll
0x000007feeced0000 - 0x000007feed082000 	C:\Windows\system32\quartz.dll
0x000007fef0000000 - 0x000007fef0041000 	C:\Windows\system32\ksproxy.ax
0x0000000074800000 - 0x0000000074806000 	C:\Windows\system32\ksuser.dll
0x000007fee9eb0000 - 0x000007feea0af000 	C:\Windows\system32\d3d9.dll
0x000007fef0ee0000 - 0x000007fef0ee7000 	C:\Windows\system32\d3d8thk.dll
0x000007fef6110000 - 0x000007fef611b000 	C:\Windows\system32\vidcap.ax
0x000007fef0170000 - 0x000007fef0194000 	C:\Windows\system32\kswdmcap.ax
0x000007feed0f0000 - 0x000007feed24c000 	C:\Windows\system32\MFC42.dll
0x000007feeef60000 - 0x000007feef011000 	C:\Windows\system32\ODBC32.dll
0x0000000065760000 - 0x0000000065798000 	C:\Windows\system32\odbcint.dll
0x000007feeebc0000 - 0x000007feeec5b000 	C:\Windows\System32\qedit.dll
0x000007fefda10000 - 0x000007fefdaa7000 	C:\Windows\system32\COMDLG32.dll
0x000007fefaad0000 - 0x000007feface6000 	C:\Windows\WinSxS\amd64_microsoft.windows.gdiplus_6595b64144ccf1df_1.1.7601.18120_none_2b25b14c71ebf230\gdiplus.dll
0x000007fef0880000 - 0x000007fef0971000 	C:\Windows\system32\DDRAW.dll
0x000007fef0870000 - 0x000007fef0878000 	C:\Windows\system32\DCIMAN32.dll
0x000007fef7e20000 - 0x000007fef7f2b000 	C:\Windows\system32\nvumdshimx.dll
0x0000000180000000 - 0x000000018072e000 	C:\Windows\system32\igdumd64.dll
0x000007fef9450000 - 0x000007fef945b000 	C:\Windows\system32\msyuv.dll
0x000007feee570000 - 0x000007feee63a000 	C:\opencv\build\x64\vc10\bin\opencv_objdetect248.dll
0x000007feefc30000 - 0x000007feefc7b000 	C:\Users\Carlo\AppData\Local\Temp\javacpp8543538066123\jniopencv_objdetect.dll
0x000007feed590000 - 0x000007feed629000 	C:\opencv\build\x64\vc10\bin\opencv_flann248.dll
0x000007feed480000 - 0x000007feed557000 	C:\opencv\build\x64\vc10\bin\opencv_features2d248.dll
0x000007fee97f0000 - 0x000007fee98db000 	C:\opencv\build\x64\vc10\bin\opencv_calib3d248.dll
0x000007feed410000 - 0x000007feed47f000 	C:\opencv\build\x64\vc10\bin\opencv_video248.dll
0x000007fee9930000 - 0x000007fee99c4000 	C:\opencv\build\x64\vc10\bin\opencv_ml248.dll
0x000007fee8f60000 - 0x000007fee90ac000 	C:\opencv\build\x64\vc10\bin\opencv_contrib248.dll
0x000007feeef00000 - 0x000007feeef56000 	C:\Users\Carlo\AppData\Local\Temp\javacpp8543538066123\jniopencv_contrib.dll
0x000000006fca0000 - 0x000000006fcba000 	C:\Program Files\Java\jdk1.8.0_11\jre\bin\net.dll
0x000007fefc420000 - 0x000007fefc475000 	C:\Windows\system32\mswsock.dll
0x000007fefc410000 - 0x000007fefc417000 	C:\Windows\System32\wship6.dll
0x000000006fc80000 - 0x000000006fc91000 	C:\Program Files\Java\jdk1.8.0_11\jre\bin\nio.dll
0x000000006f8e0000 - 0x000000006f921000 	C:\Program Files\Java\jdk1.8.0_11\jre\bin\t2k.dll
0x000007feefbb0000 - 0x000007feefbfd000 	C:\Users\Carlo\AppData\Local\Temp\javacpp8543538066123\jniopencv_imgproc.dll
0x0000000003360000 - 0x0000000003385000 	C:\Program Files\Java\jdk1.8.0_11\jre\bin\rxtxSerial.dll
0x000000006f8b0000 - 0x000000006f8da000 	C:\Program Files\Java\jdk1.8.0_11\jre\bin\dcpr.dll
0x000007fef94f0000 - 0x000007fef9651000 	C:\Windows\system32\WindowsCodecs.dll
0x000007fefcb30000 - 0x000007fefcb87000 	C:\Windows\system32\apphelp.dll
0x000007fef4c10000 - 0x000007fef4e4d000 	C:\PROGRA~1\MICROS~4\Office15\GROOVEEX.DLL
0x00000000703e0000 - 0x000000007040b000 	C:\Windows\system32\ATL100.DLL
0x000007fef48f0000 - 0x000007fef4c07000 	C:\Windows\system32\msi.dll
0x000007fef3ba0000 - 0x000007fef441a000 	C:\PROGRA~1\MICROS~4\Office15\1033\GrooveIntlResource.dll
0x000007fef3b60000 - 0x000007fef3b95000 	C:\Windows\system32\EhStorShell.dll
0x000007fefb550000 - 0x000007fefb67c000 	C:\Windows\system32\PROPSYS.dll
0x000007fef3aa0000 - 0x000007fef3b60000 	C:\Program Files (x86)\Google\Drive\googledrivesync64.dll
0x0000000070300000 - 0x00000000703d3000 	C:\Windows\WinSxS\amd64_microsoft.vc90.crt_1fc8b3b9a1e18e3b_9.0.30729.6161_none_08e61857a83bc251\MSVCP90.dll
0x0000000070250000 - 0x00000000702f3000 	C:\Windows\WinSxS\amd64_microsoft.vc90.crt_1fc8b3b9a1e18e3b_9.0.30729.6161_none_08e61857a83bc251\MSVCR90.dll
0x000007fef39f0000 - 0x000007fef3a6e000 	C:\Windows\System32\cscui.dll
0x000007fef3a90000 - 0x000007fef3a9c000 	C:\Windows\System32\CSCDLL.dll
0x000007fef7510000 - 0x000007fef751f000 	C:\Windows\system32\CSCAPI.dll
0x000007fef3970000 - 0x000007fef39f0000 	C:\Windows\system32\ntshrui.dll
0x000007fefc7e0000 - 0x000007fefc803000 	C:\Windows\system32\srvcli.dll
0x000007fefb210000 - 0x000007fefb21b000 	C:\Windows\system32\slc.dll
0x000007fef1bf0000 - 0x000007fef1d15000 	C:\Windows\system32\dbghelp.dll

VM Arguments:
jvm_args: -Dfile.encoding=UTF-8 
java_command: recognizer.Recognizer
java_class_path (initial): C:\javacv-bin\javacpp.jar;C:\javacv-bin\javacv-windows-x86_64.jar;C:\javacv-bin\javacv.jar;C:\Users\Carlo\Desktop\mfz-rxtx-2.2-20081207-win-x64\lib\RXTXcomm.jar;C:\Users\Carlo\Documents\NetBeansProjects\Recognizer\build\classes
Launcher Type: SUN_STANDARD

Environment Variables:
CLASSPATH=Ó<:w>¤u;C:\EZJcom\ezjcom18.jar;C:\Users\Carlo\Desktop\wmp\Jmsdxm.jar
PATH=C:\Program Files (x86)\iis express\PHP\v5.4;C:\Program Files (x86)\PHP\;C:\Program Files\Common Files\Microsoft Shared\Windows Live;C:\Program Files (x86)\Common Files\Microsoft Shared\Windows Live;C:\Program Files (x86)\NVIDIA Corporation\PhysX\Common;C:\Windows\system32;C:\Windows;C:\Windows\System32\Wbem;C:\Windows\System32\WindowsPowerShell\v1.0\;C:\Program Files\7-Zip;C:\Program Files (x86)\Windows Live\Shared;c:\Program Files (x86)\Microsoft SQL Server\100\Tools\Binn\;c:\Program Files\Microsoft SQL Server\100\Tools\Binn\;c:\Program Files\Microsoft SQL Server\100\DTS\Binn\;C:\opencv\build\x64\vc10\bin;C:\Program Files (x86)\Google\google_appengine\;C:\Program Files\Java\jdk1.8.0_11\bin;.;;.;
USERNAME=Carlo
OS=Windows_NT
PROCESSOR_IDENTIFIER=Intel64 Family 6 Model 42 Stepping 7, GenuineIntel



---------------  S Y S T E M  ---------------

OS: Windows 7 , 64 bit Build 7601 Service Pack 1

CPU:total 4 (2 cores per cpu, 2 threads per core) family 6 model 42 stepping 7, cmov, cx8, fxsr, mmx, sse, sse2, sse3, ssse3, sse4.1, sse4.2, popcnt, avx, clmul, ht, tsc, tscinvbit

Memory: 4k page, physical 4105776k(1852096k free), swap 65543912k(61958692k free)

vm_info: Java HotSpot(TM) 64-Bit Server VM (25.11-b03) for windows-amd64 JRE (1.8.0_11-b12), built on Jun 16 2014 20:57:32 by "java_re" with MS VC++ 10.0 (VS2010)

time: Tue Jul 29 13:43:38 2014
elapsed time: 10 seconds

