#
# A fatal error has been detected by the Java Runtime Environment:
#
#  EXCEPTION_ACCESS_VIOLATION (0xc0000005) at pc=0x000007feedad3d63, pid=5456, tid=4220
#
# JRE version: Java(TM) SE Runtime Environment (8.0_11-b12) (build 1.8.0_11-b12)
# Java VM: Java HotSpot(TM) 64-Bit Server VM (25.11-b03 mixed mode windows-amd64 compressed oops)
# Problematic frame:
# C  [opencv_core248.dll+0x53d63]
#
# Failed to write core dump. Minidumps are not enabled by default on client versions of Windows
#
# If you would like to submit a bug report, please visit:
#   http://bugreport.sun.com/bugreport/crash.jsp
# The crash happened outside the Java Virtual Machine in native code.
# See problematic frame for where to report the bug.
#

---------------  T H R E A D  ---------------

Current thread (0x0000000007ca1000):  JavaThread "AWT-EventQueue-0" [_thread_in_native, id=4220, stack(0x0000000008890000,0x0000000008990000)]

siginfo: ExceptionCode=0xc0000005, reading address 0x000000005e44dc91

Registers:
RAX=0x000000000898bb60, RBX=0x0000000000025800, RCX=0x0000000000000000, RDX=0x000000006034b060
RSP=0x000000000898bae0, RBP=0x000000000898bc30, RSI=0x000000000898c010, RDI=0x0000000000004b00
R8 =0x0000000000000000, R9 =0x000000005e44dc93, R10=0x000000000898bb60, R11=0x000000006034b050
R12=0x000000000898bef0, R13=0x000007feedad6120, R14=0x0000000000000000, R15=0x0000000000000006
RIP=0x000007feedad3d63, EFLAGS=0x0000000000010216

Top of Stack: (sp=0x000000000898bae0)
0x000000000898bae0:   0000000000000001 000007feedad6151
0x000000000898baf0:   0000000000000006 000007feedad6120
0x000000000898bb00:   000000000898bef0 0000000000000001
0x000000000898bb10:   000000000898bb60 0000000000000006
0x000000000898bb20:   000000000898bc30 000007feedad9d30
0x000000000898bb30:   0000000000000006 000000450000004d
0x000000000898bb40:   0000005f00000059 000000420000004d
0x000000000898bb50:   000000006034b050 0000000000025800
0x000000000898bb60:   0000000000004b00 000000000898bb78
0x000000000898bb70:   0000000100004b00 3ff0000000000000
0x000000000898bb80:   0000000000000000 000000560000004a
0x000000000898bb90:   000000000b84bf50 fffffffffffffffe
0x000000000898bba0:   0000000242ffc006 00004b0000000001
0x000000000898bbb0:   000000006034b050 000000006086b850
0x000000000898bbc0:   0000000060300050 000000006086b850
0x000000000898bbd0:   000000006086b850 0000000000000000 

Instructions: (pc=0x000007feedad3d63)
0x000007feedad3d43:   1c cd 00 00 00 00 4c 8d 49 03 0f 1f 00 41 ff 4a
0x000007feedad3d53:   04 33 c9 45 33 c0 41 83 3a 04 78 65 49 8d 53 10
0x000007feedad3d63:   43 0f b6 44 01 fe 83 c1 04 49 83 c0 04 48 83 c2
0x000007feedad3d73:   20 66 0f 6e c8 43 0f b6 44 01 f9 f3 0f e6 c9 66 


Register to memory mapping:

RAX=0x000000000898bb60 is pointing into the stack for thread: 0x0000000007ca1000
RBX=0x0000000000025800 is an unknown value
RCX=0x0000000000000000 is an unknown value
RDX=0x000000006034b060 is an unknown value
RSP=0x000000000898bae0 is pointing into the stack for thread: 0x0000000007ca1000
RBP=0x000000000898bc30 is pointing into the stack for thread: 0x0000000007ca1000
RSI=0x000000000898c010 is pointing into the stack for thread: 0x0000000007ca1000
RDI=0x0000000000004b00 is an unknown value
R8 =0x0000000000000000 is an unknown value
R9 =0x000000005e44dc93 is an unknown value
R10=0x000000000898bb60 is pointing into the stack for thread: 0x0000000007ca1000
R11=0x000000006034b050 is an unknown value
R12=0x000000000898bef0 is pointing into the stack for thread: 0x0000000007ca1000
R13=0x000007feedad6120 is an unknown value
R14=0x0000000000000000 is an unknown value
R15=0x0000000000000006 is an unknown value


Stack: [0x0000000008890000,0x0000000008990000],  sp=0x000000000898bae0,  free space=1006k
Native frames: (J=compiled Java code, j=interpreted, Vv=VM code, C=native code)
C  [opencv_core248.dll+0x53d63]
C  [opencv_core248.dll+0x56151]
C  [opencv_core248.dll+0x59d30]
C  [opencv_contrib248.dll+0x3a3db]
C  [opencv_contrib248.dll+0x4052b]
C  [jniopencv_contrib.dll+0x132bf]
C  0x000000000f02518e

Java frames: (J=compiled Java code, j=interpreted, Vv=VM code)
j  com.googlecode.javacv.cpp.opencv_contrib$FaceRecognizer.train(Lcom/googlecode/javacv/cpp/opencv_core$MatVector;[I)V+0
j  recognizer.FaceRecognition.trainImg()V+21
j  recognizer.FaceRecognition.captureFace(Ljava/lang/String;Lcom/googlecode/javacv/cpp/opencv_core$IplImage;)V+347
j  recognizer.Recognizer.jToggleButton1ActionPerformed(Ljava/awt/event/ActionEvent;)V+49
j  recognizer.Recognizer.access$000(Lrecognizer/Recognizer;Ljava/awt/event/ActionEvent;)V+2
j  recognizer.Recognizer$2.actionPerformed(Ljava/awt/event/ActionEvent;)V+5
j  javax.swing.AbstractButton.fireActionPerformed(Ljava/awt/event/ActionEvent;)V+83
j  javax.swing.AbstractButton$Handler.actionPerformed(Ljava/awt/event/ActionEvent;)V+5
j  javax.swing.DefaultButtonModel.fireActionPerformed(Ljava/awt/event/ActionEvent;)V+34
j  javax.swing.JToggleButton$ToggleButtonModel.setPressed(Z)V+148
j  javax.swing.plaf.basic.BasicButtonListener.mouseReleased(Ljava/awt/event/MouseEvent;)V+35
j  java.awt.Component.processMouseEvent(Ljava/awt/event/MouseEvent;)V+64
j  javax.swing.JComponent.processMouseEvent(Ljava/awt/event/MouseEvent;)V+23
j  java.awt.Component.processEvent(Ljava/awt/AWTEvent;)V+81
j  java.awt.Container.processEvent(Ljava/awt/AWTEvent;)V+18
j  java.awt.Component.dispatchEventImpl(Ljava/awt/AWTEvent;)V+589
j  java.awt.Container.dispatchEventImpl(Ljava/awt/AWTEvent;)V+42
j  java.awt.Component.dispatchEvent(Ljava/awt/AWTEvent;)V+2
j  java.awt.LightweightDispatcher.retargetMouseEvent(Ljava/awt/Component;ILjava/awt/event/MouseEvent;)V+327
j  java.awt.LightweightDispatcher.processMouseEvent(Ljava/awt/event/MouseEvent;)Z+143
j  java.awt.LightweightDispatcher.dispatchEvent(Ljava/awt/AWTEvent;)Z+50
j  java.awt.Container.dispatchEventImpl(Ljava/awt/AWTEvent;)V+12
j  java.awt.Window.dispatchEventImpl(Ljava/awt/AWTEvent;)V+19
J 1266 C1 java.awt.EventQueue.dispatchEventImpl(Ljava/awt/AWTEvent;Ljava/lang/Object;)V (149 bytes) @ 0x000000000f4310c4 [0x000000000f42fb00+0x15c4]
J 1264 C1 java.awt.EventQueue$3.run()Ljava/lang/Void; (60 bytes) @ 0x000000000f42ef34 [0x000000000f42ed40+0x1f4]
J 1263 C1 java.awt.EventQueue$3.run()Ljava/lang/Object; (5 bytes) @ 0x000000000f42ea04 [0x000000000f42e980+0x84]
v  ~StubRoutines::call_stub
J 811  java.security.AccessController.doPrivileged(Ljava/security/PrivilegedAction;Ljava/security/AccessControlContext;)Ljava/lang/Object; (0 bytes) @ 0x000000000f305aa6 [0x000000000f305a40+0x66]
J 1006 C1 java.security.ProtectionDomain$1.doIntersectionPrivilege(Ljava/security/PrivilegedAction;Ljava/security/AccessControlContext;Ljava/security/AccessControlContext;)Ljava/lang/Object; (32 bytes) @ 0x000000000f374ebc [0x000000000f374be0+0x2dc]
j  java.security.ProtectionDomain$1.doIntersectionPrivilege(Ljava/security/PrivilegedAction;Ljava/security/AccessControlContext;)Ljava/lang/Object;+6
j  java.awt.EventQueue$4.run()Ljava/lang/Void;+11
j  java.awt.EventQueue$4.run()Ljava/lang/Object;+1
v  ~StubRoutines::call_stub
J 811  java.security.AccessController.doPrivileged(Ljava/security/PrivilegedAction;Ljava/security/AccessControlContext;)Ljava/lang/Object; (0 bytes) @ 0x000000000f305aa6 [0x000000000f305a40+0x66]
J 1160 C1 java.awt.EventQueue.dispatchEvent(Ljava/awt/AWTEvent;)V (80 bytes) @ 0x000000000f3d8f3c [0x000000000f3d8380+0xbbc]
J 1164 C1 java.awt.EventDispatchThread.pumpOneEventForFilters(I)V (295 bytes) @ 0x000000000f3def54 [0x000000000f3dd4c0+0x1a94]
j  java.awt.EventDispatchThread.pumpEventsForFilter(ILjava/awt/Conditional;Ljava/awt/EventFilter;)V+35
j  java.awt.EventDispatchThread.pumpEventsForHierarchy(ILjava/awt/Conditional;Ljava/awt/Component;)V+11
j  java.awt.EventDispatchThread.pumpEvents(ILjava/awt/Conditional;)V+4
j  java.awt.EventDispatchThread.pumpEvents(Ljava/awt/Conditional;)V+3
j  java.awt.EventDispatchThread.run()V+9
v  ~StubRoutines::call_stub

---------------  P R O C E S S  ---------------

Java Threads: ( => current thread )
  0x000000000eace000 JavaThread "TimerQueue" daemon [_thread_blocked, id=1720, stack(0x000000000ed40000,0x000000000ee40000)]
  0x000000000c021800 JavaThread "Thread-3" [_thread_in_Java, id=3552, stack(0x000000000cd60000,0x000000000ce60000)]
  0x00000000090e1000 JavaThread "Thread-2" [_thread_in_Java, id=6040, stack(0x000000000c820000,0x000000000c920000)]
  0x000000000240e000 JavaThread "DestroyJavaVM" [_thread_blocked, id=5256, stack(0x0000000002860000,0x0000000002960000)]
=>0x0000000007ca1000 JavaThread "AWT-EventQueue-0" [_thread_in_native, id=4220, stack(0x0000000008890000,0x0000000008990000)]
  0x0000000007c30000 JavaThread "AWT-Windows" daemon [_thread_in_native, id=4992, stack(0x00000000073f0000,0x00000000074f0000)]
  0x0000000007c2f000 JavaThread "AWT-Shutdown" [_thread_blocked, id=5856, stack(0x0000000008790000,0x0000000008890000)]
  0x0000000007c2e000 JavaThread "Java2D Disposer" daemon [_thread_blocked, id=3492, stack(0x00000000083f0000,0x00000000084f0000)]
  0x00000000064bf800 JavaThread "Service Thread" daemon [_thread_blocked, id=6128, stack(0x0000000008560000,0x0000000008660000)]
  0x00000000078b9800 JavaThread "C1 CompilerThread2" daemon [_thread_blocked, id=5204, stack(0x00000000082f0000,0x00000000083f0000)]
  0x00000000078b5000 JavaThread "C2 CompilerThread1" daemon [_thread_blocked, id=4420, stack(0x0000000008160000,0x0000000008260000)]
  0x00000000078b1000 JavaThread "C2 CompilerThread0" daemon [_thread_blocked, id=5156, stack(0x0000000007ff0000,0x00000000080f0000)]
  0x00000000078b0800 JavaThread "Attach Listener" daemon [_thread_blocked, id=1460, stack(0x0000000007df0000,0x0000000007ef0000)]
  0x00000000064b3800 JavaThread "Signal Dispatcher" daemon [_thread_blocked, id=3268, stack(0x0000000007690000,0x0000000007790000)]
  0x0000000006452000 JavaThread "Finalizer" daemon [_thread_blocked, id=1544, stack(0x00000000077b0000,0x00000000078b0000)]
  0x000000000644d000 JavaThread "Reference Handler" daemon [_thread_blocked, id=4188, stack(0x00000000074f0000,0x00000000075f0000)]

Other Threads:
  0x0000000006445000 VMThread [stack: 0x00000000072e0000,0x00000000073e0000] [id=6044]
  0x000000000791e000 WatcherThread [stack: 0x0000000008680000,0x0000000008780000] [id=6012]

VM state:not at safepoint (normal execution)

VM Mutex/Monitor currently owned by a thread: None

Heap:
 PSYoungGen      total 29696K, used 304K [0x00000000eb180000, 0x00000000ee500000, 0x0000000100000000)
  eden space 19968K, 1% used [0x00000000eb180000,0x00000000eb1cc050,0x00000000ec500000)
  from space 9728K, 0% used [0x00000000edb80000,0x00000000edb80000,0x00000000ee500000)
  to   space 11776K, 0% used [0x00000000ece00000,0x00000000ece00000,0x00000000ed980000)
 ParOldGen       total 37376K, used 23494K [0x00000000c1400000, 0x00000000c3880000, 0x00000000eb180000)
  object space 37376K, 62% used [0x00000000c1400000,0x00000000c2af18d8,0x00000000c3880000)
 Metaspace       used 13931K, capacity 14098K, committed 14464K, reserved 1062912K
  class space    used 1790K, capacity 1821K, committed 1920K, reserved 1048576K

Card table byte_map: [0x0000000002ff0000,0x00000000031f0000] byte_map_base: 0x00000000029e6000

Marking Bits: (ParMarkBitMap*) 0x000000006e7212b0
 Begin Bits: [0x0000000003960000, 0x0000000004910000)
 End Bits:   [0x0000000004910000, 0x00000000058c0000)

Polling page: 0x0000000000250000

CodeCache: size=245760Kb used=5670Kb max_used=5698Kb free=240090Kb
 bounds [0x000000000f010000, 0x000000000f5b0000, 0x000000001e010000]
 total_blobs=2270 nmethods=1696 adapters=487
 compilation: enabled

Compilation events (10 events):
Event: 24.266 Thread 0x00000000078b9800 nmethod 1692 0x000000000f58f050 code [0x000000000f58f220, 0x000000000f58f778]
Event: 24.266 Thread 0x00000000078b9800 1693       3       java.util.ArrayList$SubList::listIterator (25 bytes)
Event: 24.267 Thread 0x00000000078b9800 nmethod 1693 0x000000000f58e750 code [0x000000000f58e900, 0x000000000f58ed98]
Event: 24.330 Thread 0x00000000078b9800 1696       3       java.util.AbstractCollection::toArray (147 bytes)
Event: 24.334 Thread 0x00000000078b9800 nmethod 1696 0x000000000f5985d0 code [0x000000000f598840, 0x000000000f599938]
Event: 24.334 Thread 0x00000000078b9800 1694       3       java.util.ArrayList::subListRangeCheck (110 bytes)
Event: 24.338 Thread 0x00000000078b9800 nmethod 1694 0x000000000f599e10 code [0x000000000f59a120, 0x000000000f59b888]
Event: 24.338 Thread 0x00000000078b9800 1695       3       java.util.ArrayList$SubList::<init> (46 bytes)
Event: 24.338 Thread 0x00000000078b1000 nmethod 1669 0x000000000f59c350 code [0x000000000f59c800, 0x000000000f5a1fa0]
Event: 24.339 Thread 0x00000000078b9800 nmethod 1695 0x000000000f58e190 code [0x000000000f58e300, 0x000000000f58e5b0]

GC Heap History (10 events):
Event: 11.091 GC heap before
{Heap before GC invocations=13 (full 0):
 PSYoungGen      total 18944K, used 18254K [0x00000000eb180000, 0x00000000ecc80000, 0x0000000100000000)
  eden space 13312K, 95% used [0x00000000eb180000,0x00000000ebded7e0,0x00000000ebe80000)
  from space 5632K, 98% used [0x00000000ec500000,0x00000000eca66060,0x00000000eca80000)
  to   space 6656K, 0% used [0x00000000ebe80000,0x00000000ebe80000,0x00000000ec500000)
 ParOldGen       total 64000K, used 21311K [0x00000000c1400000, 0x00000000c5280000, 0x00000000eb180000)
  object space 64000K, 33% used [0x00000000c1400000,0x00000000c28cfc08,0x00000000c5280000)
 Metaspace       used 12634K, capacity 12800K, committed 12928K, reserved 1060864K
  class space    used 1579K, capacity 1626K, committed 1664K, reserved 1048576K
Event: 11.103 GC heap after
Heap after GC invocations=13 (full 0):
 PSYoungGen      total 19968K, used 6396K [0x00000000eb180000, 0x00000000ed580000, 0x0000000100000000)
  eden space 13312K, 0% used [0x00000000eb180000,0x00000000eb180000,0x00000000ebe80000)
  from space 6656K, 96% used [0x00000000ebe80000,0x00000000ec4bf070,0x00000000ec500000)
  to   space 7680K, 0% used [0x00000000ece00000,0x00000000ece00000,0x00000000ed580000)
 ParOldGen       total 64000K, used 28527K [0x00000000c1400000, 0x00000000c5280000, 0x00000000eb180000)
  object space 64000K, 44% used [0x00000000c1400000,0x00000000c2fdbc88,0x00000000c5280000)
 Metaspace       used 12634K, capacity 12800K, committed 12928K, reserved 1060864K
  class space    used 1579K, capacity 1626K, committed 1664K, reserved 1048576K
}
Event: 12.715 GC heap before
{Heap before GC invocations=14 (full 0):
 PSYoungGen      total 19968K, used 19348K [0x00000000eb180000, 0x00000000ed580000, 0x0000000100000000)
  eden space 13312K, 97% used [0x00000000eb180000,0x00000000ebe262f0,0x00000000ebe80000)
  from space 6656K, 96% used [0x00000000ebe80000,0x00000000ec4bf070,0x00000000ec500000)
  to   space 7680K, 0% used [0x00000000ece00000,0x00000000ece00000,0x00000000ed580000)
 ParOldGen       total 64000K, used 28527K [0x00000000c1400000, 0x00000000c5280000, 0x00000000eb180000)
  object space 64000K, 44% used [0x00000000c1400000,0x00000000c2fdbc88,0x00000000c5280000)
 Metaspace       used 12634K, capacity 12800K, committed 12928K, reserved 1060864K
  class space    used 1579K, capacity 1626K, committed 1664K, reserved 1048576K
Event: 12.748 GC heap after
Heap after GC invocations=14 (full 0):
 PSYoungGen      total 28160K, used 7328K [0x00000000eb180000, 0x00000000ed780000, 0x0000000100000000)
  eden space 20480K, 0% used [0x00000000eb180000,0x00000000eb180000,0x00000000ec580000)
  from space 7680K, 95% used [0x00000000ece00000,0x00000000ed528080,0x00000000ed580000)
  to   space 8704K, 0% used [0x00000000ec580000,0x00000000ec580000,0x00000000ece00000)
 ParOldGen       total 64000K, used 36651K [0x00000000c1400000, 0x00000000c5280000, 0x00000000eb180000)
  object space 64000K, 57% used [0x00000000c1400000,0x00000000c37cad18,0x00000000c5280000)
 Metaspace       used 12634K, capacity 12800K, committed 12928K, reserved 1060864K
  class space    used 1579K, capacity 1626K, committed 1664K, reserved 1048576K
}
Event: 16.443 GC heap before
{Heap before GC invocations=15 (full 0):
 PSYoungGen      total 28160K, used 27796K [0x00000000eb180000, 0x00000000ed780000, 0x0000000100000000)
  eden space 20480K, 99% used [0x00000000eb180000,0x00000000ec57d0b8,0x00000000ec580000)
  from space 7680K, 95% used [0x00000000ece00000,0x00000000ed528080,0x00000000ed580000)
  to   space 8704K, 0% used [0x00000000ec580000,0x00000000ec580000,0x00000000ece00000)
 ParOldGen       total 64000K, used 36651K [0x00000000c1400000, 0x00000000c5280000, 0x00000000eb180000)
  object space 64000K, 57% used [0x00000000c1400000,0x00000000c37cad18,0x00000000c5280000)
 Metaspace       used 12634K, capacity 12800K, committed 12928K, reserved 1060864K
  class space    used 1579K, capacity 1626K, committed 1664K, reserved 1048576K
Event: 16.451 GC heap after
Heap after GC invocations=15 (full 0):
 PSYoungGen      total 29184K, used 8260K [0x00000000eb180000, 0x00000000ee580000, 0x0000000100000000)
  eden space 20480K, 0% used [0x00000000eb180000,0x00000000eb180000,0x00000000ec580000)
  from space 8704K, 94% used [0x00000000ec580000,0x00000000ecd91090,0x00000000ece00000)
  to   space 10240K, 0% used [0x00000000edb80000,0x00000000edb80000,0x00000000ee580000)
 ParOldGen       total 64000K, used 51075K [0x00000000c1400000, 0x00000000c5280000, 0x00000000eb180000)
  object space 64000K, 79% used [0x00000000c1400000,0x00000000c45e0e18,0x00000000c5280000)
 Metaspace       used 12634K, capacity 12800K, committed 12928K, reserved 1060864K
  class space    used 1579K, capacity 1626K, committed 1664K, reserved 1048576K
}
Event: 24.387 GC heap before
{Heap before GC invocations=16 (full 0):
 PSYoungGen      total 29184K, used 28740K [0x00000000eb180000, 0x00000000ee580000, 0x0000000100000000)
  eden space 20480K, 100% used [0x00000000eb180000,0x00000000ec580000,0x00000000ec580000)
  from space 8704K, 94% used [0x00000000ec580000,0x00000000ecd91090,0x00000000ece00000)
  to   space 10240K, 0% used [0x00000000edb80000,0x00000000edb80000,0x00000000ee580000)
 ParOldGen       total 64000K, used 51075K [0x00000000c1400000, 0x00000000c5280000, 0x00000000eb180000)
  object space 64000K, 79% used [0x00000000c1400000,0x00000000c45e0e18,0x00000000c5280000)
 Metaspace       used 13931K, capacity 14098K, committed 14464K, reserved 1062912K
  class space    used 1790K, capacity 1821K, committed 1920K, reserved 1048576K
Event: 24.408 GC heap after
Heap after GC invocations=16 (full 0):
 PSYoungGen      total 29696K, used 9512K [0x00000000eb180000, 0x00000000ee500000, 0x0000000100000000)
  eden space 19968K, 0% used [0x00000000eb180000,0x00000000eb180000,0x00000000ec500000)
  from space 9728K, 97% used [0x00000000edb80000,0x00000000ee4ca0a0,0x00000000ee500000)
  to   space 11776K, 0% used [0x00000000ece00000,0x00000000ece00000,0x00000000ed980000)
 ParOldGen       total 64000K, used 57383K [0x00000000c1400000, 0x00000000c5280000, 0x00000000eb180000)
  object space 64000K, 89% used [0x00000000c1400000,0x00000000c4c09e88,0x00000000c5280000)
 Metaspace       used 13931K, capacity 14098K, committed 14464K, reserved 1062912K
  class space    used 1790K, capacity 1821K, committed 1920K, reserved 1048576K
}
Event: 24.408 GC heap before
{Heap before GC invocations=17 (full 1):
 PSYoungGen      total 29696K, used 9512K [0x00000000eb180000, 0x00000000ee500000, 0x0000000100000000)
  eden space 19968K, 0% used [0x00000000eb180000,0x00000000eb180000,0x00000000ec500000)
  from space 9728K, 97% used [0x00000000edb80000,0x00000000ee4ca0a0,0x00000000ee500000)
  to   space 11776K, 0% used [0x00000000ece00000,0x00000000ece00000,0x00000000ed980000)
 ParOldGen       total 64000K, used 57383K [0x00000000c1400000, 0x00000000c5280000, 0x00000000eb180000)
  object space 64000K, 89% used [0x00000000c1400000,0x00000000c4c09e88,0x00000000c5280000)
 Metaspace       used 13931K, capacity 14098K, committed 14464K, reserved 1062912K
  class space    used 1790K, capacity 1821K, committed 1920K, reserved 1048576K
Event: 24.501 GC heap after
Heap after GC invocations=17 (full 1):
 PSYoungGen      total 29696K, used 0K [0x00000000eb180000, 0x00000000ee500000, 0x0000000100000000)
  eden space 19968K, 0% used [0x00000000eb180000,0x00000000eb180000,0x00000000ec500000)
  from space 9728K, 0% used [0x00000000edb80000,0x00000000edb80000,0x00000000ee500000)
  to   space 11776K, 0% used [0x00000000ece00000,0x00000000ece00000,0x00000000ed980000)
 ParOldGen       total 37376K, used 23494K [0x00000000c1400000, 0x00000000c3880000, 0x00000000eb180000)
  object space 37376K, 62% used [0x00000000c1400000,0x00000000c2af18d8,0x00000000c3880000)
 Metaspace       used 13931K, capacity 14098K, committed 14464K, reserved 1062912K
  class space    used 1790K, capacity 1821K, committed 1920K, reserved 1048576K
}

Deoptimization events (10 events):
Event: 19.782 Thread 0x0000000007ca1000 Uncommon trap: reason=class_check action=maybe_recompile pc=0x000000000f4d3364 method=java.awt.EventQueue.coalesceEvent(Ljava/awt/AWTEvent;I)Z @ 32
Event: 19.782 Thread 0x0000000007ca1000 Uncommon trap: reason=unreached action=reinterpret pc=0x000000000f4d2910 method=java.awt.EventQueue.coalesceEvent(Ljava/awt/AWTEvent;I)Z @ 56
Event: 19.830 Thread 0x0000000007ca1000 Uncommon trap: reason=unreached action=reinterpret pc=0x000000000f2b3ba0 method=java.util.HashMap.putVal(ILjava/lang/Object;Ljava/lang/Object;ZZ)Ljava/lang/Object; @ 109
Event: 19.830 Thread 0x0000000007ca1000 Uncommon trap: reason=unreached action=reinterpret pc=0x000000000f1df4a0 method=java.util.HashMap.putVal(ILjava/lang/Object;Ljava/lang/Object;ZZ)Ljava/lang/Object; @ 109
Event: 19.858 Thread 0x0000000007ca1000 Uncommon trap: reason=unreached action=reinterpret pc=0x000000000f4a4d00 method=java.awt.KeyboardFocusManager.getFocusOwner()Ljava/awt/Component; @ 8
Event: 19.912 Thread 0x0000000007ca1000 Uncommon trap: reason=unreached action=reinterpret pc=0x000000000f4a7544 method=java.util.concurrent.locks.AbstractQueuedSynchronizer.release(I)Z @ 14
Event: 20.939 Thread 0x0000000007ca1000 Uncommon trap: reason=class_check action=maybe_recompile pc=0x000000000f1b234c method=java.lang.String.equals(Ljava/lang/Object;)Z @ 8
Event: 20.939 Thread 0x0000000007ca1000 Uncommon trap: reason=class_check action=maybe_recompile pc=0x000000000f1b234c method=java.lang.String.equals(Ljava/lang/Object;)Z @ 8
Event: 21.183 Thread 0x0000000007ca1000 Uncommon trap: reason=class_check action=maybe_recompile pc=0x000000000f1b234c method=java.lang.String.equals(Ljava/lang/Object;)Z @ 8
Event: 21.183 Thread 0x0000000007ca1000 Uncommon trap: reason=class_check action=maybe_recompile pc=0x000000000f1b234c method=java.lang.String.equals(Ljava/lang/Object;)Z @ 8

Internal exceptions (10 events):
Event: 3.162 Thread 0x00000000090e1000 Exception <a 'java/security/PrivilegedActionException'> (0x00000000eb56ccc8) thrown at [C:\re\workspace\8-2-build-windows-amd64-cygwin\jdk8u11\648\hotspot\src\share\vm\prims\jvm.cpp, line 1248]
Event: 3.163 Thread 0x00000000090e1000 Exception <a 'java/security/PrivilegedActionException'> (0x00000000eb5701b0) thrown at [C:\re\workspace\8-2-build-windows-amd64-cygwin\jdk8u11\648\hotspot\src\share\vm\prims\jvm.cpp, line 1248]
Event: 3.166 Thread 0x00000000090e1000 Exception <a 'java/security/PrivilegedActionException'> (0x00000000eb572f28) thrown at [C:\re\workspace\8-2-build-windows-amd64-cygwin\jdk8u11\648\hotspot\src\share\vm\prims\jvm.cpp, line 1248]
Event: 3.948 Thread 0x00000000090e1000 Exception <a 'java/security/PrivilegedActionException'> (0x00000000eb1b7110) thrown at [C:\re\workspace\8-2-build-windows-amd64-cygwin\jdk8u11\648\hotspot\src\share\vm\prims\jvm.cpp, line 1248]
Event: 17.495 Thread 0x0000000007ca1000 Implicit null exception at 0x000000000f49b278 to 0x000000000f49b545
Event: 18.081 Thread 0x0000000007ca1000 Implicit null exception at 0x000000000f49d7c3 to 0x000000000f49dc28
Event: 19.754 Thread 0x0000000007ca1000 Implicit null exception at 0x000000000f4a84e3 to 0x000000000f4a892d
Event: 19.858 Thread 0x0000000007ca1000 Implicit null exception at 0x000000000f4a4a6e to 0x000000000f4a4cf1
Event: 19.912 Thread 0x0000000007ca1000 Implicit null exception at 0x000000000f4a7434 to 0x000000000f4a7531
Event: 24.185 Thread 0x0000000007ca1000 Exception <a 'java/security/PrivilegedActionException'> (0x00000000ec556388) thrown at [C:\re\workspace\8-2-build-windows-amd64-cygwin\jdk8u11\648\hotspot\src\share\vm\prims\jvm.cpp, line 1248]

Events (10 events):
Event: 24.175 loading class javax/swing/Autoscroller
Event: 24.176 loading class javax/swing/Autoscroller done
Event: 24.178 loading class java/awt/LightweightDispatcher$2
Event: 24.178 loading class java/awt/LightweightDispatcher$2 done
Event: 24.185 loading class recognizer/FaceRecognition$2
Event: 24.185 loading class recognizer/FaceRecognition$2 done
Event: 24.387 Executing VM operation: ParallelGCFailedAllocation
Event: 24.502 Executing VM operation: ParallelGCFailedAllocation done
Event: 24.504 Executing VM operation: RevokeBias
Event: 24.505 Executing VM operation: RevokeBias done


Dynamic libraries:
0x000000013ffb0000 - 0x000000013ffe4000 	C:\Program Files\Java\jdk1.8.0_11\bin\java.exe
0x0000000076e40000 - 0x0000000076fe9000 	C:\Windows\SYSTEM32\ntdll.dll
0x0000000076c20000 - 0x0000000076d3f000 	C:\Windows\system32\kernel32.dll
0x000007fefcd70000 - 0x000007fefcddc000 	C:\Windows\system32\KERNELBASE.dll
0x000007fefdab0000 - 0x000007fefdb8b000 	C:\Windows\system32\ADVAPI32.dll
0x000007fefd1b0000 - 0x000007fefd24f000 	C:\Windows\system32\msvcrt.dll
0x000007fefdd20000 - 0x000007fefdd3f000 	C:\Windows\SYSTEM32\sechost.dll
0x000007fefecf0000 - 0x000007fefee1d000 	C:\Windows\system32\RPCRT4.dll
0x0000000076d40000 - 0x0000000076e3a000 	C:\Windows\system32\USER32.dll
0x000007fefd5d0000 - 0x000007fefd637000 	C:\Windows\system32\GDI32.dll
0x000007fefd900000 - 0x000007fefd90e000 	C:\Windows\system32\LPK.dll
0x000007fefd940000 - 0x000007fefda09000 	C:\Windows\system32\USP10.dll
0x000007fefadb0000 - 0x000007fefafa4000 	C:\Windows\WinSxS\amd64_microsoft.windows.common-controls_6595b64144ccf1df_6.0.7601.17514_none_fa396087175ac9ac\COMCTL32.dll
0x000007fefd250000 - 0x000007fefd2c1000 	C:\Windows\system32\SHLWAPI.dll
0x000007fefd910000 - 0x000007fefd93e000 	C:\Windows\system32\IMM32.DLL
0x000007fefdc10000 - 0x000007fefdd19000 	C:\Windows\system32\MSCTF.dll
0x000007fefcbb0000 - 0x000007fefcbf6000 	C:\Windows\system32\nvinitx.dll
0x000000000f000000 - 0x000000000f006000 	C:\Program Files\NVIDIA Corporation\CoProcManager\_etoured.dll
0x000007fef8a00000 - 0x000007fef8a55000 	C:\Program Files\NVIDIA Corporation\CoProcManager\nvd3d9wrapx.dll
0x000007fefd640000 - 0x000007fefd817000 	C:\Windows\system32\SETUPAPI.dll
0x000007fefccf0000 - 0x000007fefcd26000 	C:\Windows\system32\CFGMGR32.dll
0x000007fefd820000 - 0x000007fefd8f7000 	C:\Windows\system32\OLEAUT32.dll
0x000007fefdd50000 - 0x000007fefdf53000 	C:\Windows\system32\ole32.dll
0x000007fefccd0000 - 0x000007fefccea000 	C:\Windows\system32\DEVOBJ.dll
0x000007fef8650000 - 0x000007fef868d000 	C:\Program Files\NVIDIA Corporation\CoProcManager\nvdxgiwrapx.dll
0x000000006f7c0000 - 0x000000006f892000 	C:\Program Files\Java\jdk1.8.0_11\jre\bin\msvcr100.dll
0x000000006df70000 - 0x000000006e79a000 	C:\Program Files\Java\jdk1.8.0_11\jre\bin\server\jvm.dll
0x000007fef0630000 - 0x000007fef0639000 	C:\Windows\system32\WSOCK32.dll
0x000007fefd500000 - 0x000007fefd54d000 	C:\Windows\system32\WS2_32.dll
0x000007fefdd40000 - 0x000007fefdd48000 	C:\Windows\system32\NSI.dll
0x000007fefaa90000 - 0x000007fefaacb000 	C:\Windows\system32\WINMM.dll
0x0000000077010000 - 0x0000000077017000 	C:\Windows\system32\PSAPI.DLL
0x00000000722f0000 - 0x00000000722ff000 	C:\Program Files\Java\jdk1.8.0_11\jre\bin\verify.dll
0x000000006ff80000 - 0x000000006ffa8000 	C:\Program Files\Java\jdk1.8.0_11\jre\bin\java.dll
0x0000000070030000 - 0x0000000070046000 	C:\Program Files\Java\jdk1.8.0_11\jre\bin\zip.dll
0x000007fefdf60000 - 0x000007fefece8000 	C:\Windows\system32\SHELL32.dll
0x000007fefcca0000 - 0x000007fefccaf000 	C:\Windows\system32\profapi.dll
0x000000006ee30000 - 0x000000006efc6000 	C:\Program Files\Java\jdk1.8.0_11\jre\bin\awt.dll
0x000007fefacf0000 - 0x000007fefad46000 	C:\Windows\system32\uxtheme.dll
0x000007fef97a0000 - 0x000007fef97b8000 	C:\Windows\system32\dwmapi.dll
0x000007fefca80000 - 0x000007fefca8f000 	C:\Windows\system32\CRYPTBASE.dll
0x000000006f930000 - 0x000000006f977000 	C:\Program Files\Java\jdk1.8.0_11\jre\bin\fontmanager.dll
0x0000000070410000 - 0x00000000704a8000 	C:\Windows\System32\msvcp100.dll
0x000007feeda80000 - 0x000007feedcf2000 	C:\opencv\build\x64\vc10\bin\opencv_core248.dll
0x000007fef62a0000 - 0x000007fef633a000 	C:\Users\Carlo\AppData\Local\Temp\javacpp9838037691749\jniopencv_core.dll
0x0000000066840000 - 0x00000000676b4000 	C:\opencv\build\x64\vc10\bin\opencv_ffmpeg248_64.dll
0x000007feee640000 - 0x000007feee8f2000 	C:\opencv\build\x64\vc10\bin\opencv_imgproc248.dll
0x000007feed830000 - 0x000007feeda7d000 	C:\opencv\build\x64\vc10\bin\opencv_highgui248.dll
0x000007fef63b0000 - 0x000007fef63cf000 	C:\Windows\system32\AVIFIL32.dll
0x000007fefaa60000 - 0x000007fefaa78000 	C:\Windows\system32\MSACM32.dll
0x000007fef5fe0000 - 0x000007fef6009000 	C:\Windows\system32\MSVFW32.dll
0x000007fef5fc0000 - 0x000007fef5fd7000 	C:\Windows\system32\AVICAP32.dll
0x000007fefbcc0000 - 0x000007fefbccc000 	C:\Windows\system32\VERSION.dll
0x000007fef5fa0000 - 0x000007fef5fb3000 	C:\Users\Carlo\AppData\Local\Temp\javacpp9838037691749\jniopencv_highgui.dll
0x000007fefee20000 - 0x000007fefeeb9000 	C:\Windows\system32\CLBCatQ.DLL
0x000007feef900000 - 0x000007feef916000 	C:\Windows\system32\devenum.dll
0x000007fefb7b0000 - 0x000007fefb7dd000 	C:\Windows\system32\ntmarta.dll
0x000007fefd550000 - 0x000007fefd5a2000 	C:\Windows\system32\WLDAP32.dll
0x000007fefcff0000 - 0x000007fefd02a000 	C:\Windows\system32\WINTRUST.dll
0x000007fefcde0000 - 0x000007fefcf4c000 	C:\Windows\system32\CRYPT32.dll
0x000007fefcc90000 - 0x000007fefcc9f000 	C:\Windows\system32\MSASN1.dll
0x000007feef870000 - 0x000007feef87d000 	C:\Windows\system32\msdmo.dll
0x000007fef5f70000 - 0x000007fef5f9f000 	C:\Windows\system32\qcap.dll
0x000007feed670000 - 0x000007feed822000 	C:\Windows\system32\quartz.dll
0x000007fef5f20000 - 0x000007fef5f61000 	C:\Windows\system32\ksproxy.ax
0x0000000074800000 - 0x0000000074806000 	C:\Windows\system32\ksuser.dll
0x000007fee9eb0000 - 0x000007feea0af000 	C:\Windows\system32\d3d9.dll
0x000007fef0ee0000 - 0x000007fef0ee7000 	C:\Windows\system32\d3d8thk.dll
0x000007fef9450000 - 0x000007fef945b000 	C:\Windows\system32\vidcap.ax
0x000007fef04f0000 - 0x000007fef0514000 	C:\Windows\system32\kswdmcap.ax
0x000007feed0f0000 - 0x000007feed24c000 	C:\Windows\system32\MFC42.dll
0x000007feeef60000 - 0x000007feef011000 	C:\Windows\system32\ODBC32.dll
0x0000000065720000 - 0x0000000065758000 	C:\Windows\system32\odbcint.dll
0x000007feeebc0000 - 0x000007feeec5b000 	C:\Windows\System32\qedit.dll
0x000007fefda10000 - 0x000007fefdaa7000 	C:\Windows\system32\COMDLG32.dll
0x000007fefaad0000 - 0x000007feface6000 	C:\Windows\WinSxS\amd64_microsoft.windows.gdiplus_6595b64144ccf1df_1.1.7601.18120_none_2b25b14c71ebf230\gdiplus.dll
0x000007fef0880000 - 0x000007fef0971000 	C:\Windows\system32\DDRAW.dll
0x000007fef0870000 - 0x000007fef0878000 	C:\Windows\system32\DCIMAN32.dll
0x000007fef7e20000 - 0x000007fef7f2b000 	C:\Windows\system32\nvumdshimx.dll
0x0000000180000000 - 0x000000018072e000 	C:\Windows\system32\igdumd64.dll
0x000007fef63a0000 - 0x000007fef63ab000 	C:\Windows\system32\msyuv.dll
0x000007feee570000 - 0x000007feee63a000 	C:\opencv\build\x64\vc10\bin\opencv_objdetect248.dll
0x000007fef0000000 - 0x000007fef004b000 	C:\Users\Carlo\AppData\Local\Temp\javacpp9838037691749\jniopencv_objdetect.dll
0x000007feed5d0000 - 0x000007feed669000 	C:\opencv\build\x64\vc10\bin\opencv_flann248.dll
0x000007feed480000 - 0x000007feed557000 	C:\opencv\build\x64\vc10\bin\opencv_features2d248.dll
0x000007feed000000 - 0x000007feed0eb000 	C:\opencv\build\x64\vc10\bin\opencv_calib3d248.dll
0x000007feed410000 - 0x000007feed47f000 	C:\opencv\build\x64\vc10\bin\opencv_video248.dll
0x000007feecf60000 - 0x000007feecff4000 	C:\opencv\build\x64\vc10\bin\opencv_ml248.dll
0x000007fee90b0000 - 0x000007fee91fc000 	C:\opencv\build\x64\vc10\bin\opencv_contrib248.dll
0x000007feefc20000 - 0x000007feefc76000 	C:\Users\Carlo\AppData\Local\Temp\javacpp9838037691749\jniopencv_contrib.dll
0x000000006fca0000 - 0x000000006fcba000 	C:\Program Files\Java\jdk1.8.0_11\jre\bin\net.dll
0x000007fefc420000 - 0x000007fefc475000 	C:\Windows\system32\mswsock.dll
0x000007fefc410000 - 0x000007fefc417000 	C:\Windows\System32\wship6.dll
0x000000006fc80000 - 0x000000006fc91000 	C:\Program Files\Java\jdk1.8.0_11\jre\bin\nio.dll
0x000000006f8e0000 - 0x000000006f921000 	C:\Program Files\Java\jdk1.8.0_11\jre\bin\t2k.dll
0x000007feefbb0000 - 0x000007feefbfd000 	C:\Users\Carlo\AppData\Local\Temp\javacpp9838037691749\jniopencv_imgproc.dll
0x000000006f8b0000 - 0x000000006f8da000 	C:\Program Files\Java\jdk1.8.0_11\jre\bin\dcpr.dll
0x000007fef94f0000 - 0x000007fef9651000 	C:\Windows\system32\WindowsCodecs.dll
0x000007fefcb30000 - 0x000007fefcb87000 	C:\Windows\system32\apphelp.dll
0x000007fef4c10000 - 0x000007fef4e4d000 	C:\PROGRA~1\MICROS~4\Office15\GROOVEEX.DLL
0x00000000703e0000 - 0x000000007040b000 	C:\Windows\system32\ATL100.DLL
0x000007fef48f0000 - 0x000007fef4c07000 	C:\Windows\system32\msi.dll
0x000007fef3ba0000 - 0x000007fef441a000 	C:\PROGRA~1\MICROS~4\Office15\1033\GrooveIntlResource.dll
0x000007fef3b60000 - 0x000007fef3b95000 	C:\Windows\system32\EhStorShell.dll
0x000007fefb550000 - 0x000007fefb67c000 	C:\Windows\system32\PROPSYS.dll
0x000007fef3aa0000 - 0x000007fef3b60000 	C:\Program Files (x86)\Google\Drive\googledrivesync64.dll
0x0000000070300000 - 0x00000000703d3000 	C:\Windows\WinSxS\amd64_microsoft.vc90.crt_1fc8b3b9a1e18e3b_9.0.30729.6161_none_08e61857a83bc251\MSVCP90.dll
0x0000000070250000 - 0x00000000702f3000 	C:\Windows\WinSxS\amd64_microsoft.vc90.crt_1fc8b3b9a1e18e3b_9.0.30729.6161_none_08e61857a83bc251\MSVCR90.dll
0x000007fef39f0000 - 0x000007fef3a6e000 	C:\Windows\System32\cscui.dll
0x000007fef3a90000 - 0x000007fef3a9c000 	C:\Windows\System32\CSCDLL.dll
0x000007fef7510000 - 0x000007fef751f000 	C:\Windows\system32\CSCAPI.dll
0x000007fef3970000 - 0x000007fef39f0000 	C:\Windows\system32\ntshrui.dll
0x000007fefc7e0000 - 0x000007fefc803000 	C:\Windows\system32\srvcli.dll
0x000007fefb210000 - 0x000007fefb21b000 	C:\Windows\system32\slc.dll
0x000007fef1bf0000 - 0x000007fef1d15000 	C:\Windows\system32\dbghelp.dll

VM Arguments:
jvm_args: -Dfile.encoding=UTF-8 
java_command: recognizer.Recognizer
java_class_path (initial): C:\javacv-bin\javacpp.jar;C:\javacv-bin\javacv-windows-x86_64.jar;C:\javacv-bin\javacv.jar;C:\Users\Carlo\Desktop\mfz-rxtx-2.2-20081207-win-x64\lib\RXTXcomm.jar;C:\Users\Carlo\Documents\NetBeansProjects\Recognizer\build\classes
Launcher Type: SUN_STANDARD

Environment Variables:
CLASSPATH=Ó<:w>¤u;C:\EZJcom\ezjcom18.jar;C:\Users\Carlo\Desktop\wmp\Jmsdxm.jar
PATH=C:\Program Files (x86)\iis express\PHP\v5.4;C:\Program Files (x86)\PHP\;C:\Program Files\Common Files\Microsoft Shared\Windows Live;C:\Program Files (x86)\Common Files\Microsoft Shared\Windows Live;C:\Program Files (x86)\NVIDIA Corporation\PhysX\Common;C:\Windows\system32;C:\Windows;C:\Windows\System32\Wbem;C:\Windows\System32\WindowsPowerShell\v1.0\;C:\Program Files\7-Zip;C:\Program Files (x86)\Windows Live\Shared;c:\Program Files (x86)\Microsoft SQL Server\100\Tools\Binn\;c:\Program Files\Microsoft SQL Server\100\Tools\Binn\;c:\Program Files\Microsoft SQL Server\100\DTS\Binn\;C:\opencv\build\x64\vc10\bin;C:\Program Files (x86)\Google\google_appengine\;C:\Program Files\Java\jdk1.8.0_11\bin;.;;.;
USERNAME=Carlo
OS=Windows_NT
PROCESSOR_IDENTIFIER=Intel64 Family 6 Model 42 Stepping 7, GenuineIntel



---------------  S Y S T E M  ---------------

OS: Windows 7 , 64 bit Build 7601 Service Pack 1

CPU:total 4 (2 cores per cpu, 2 threads per core) family 6 model 42 stepping 7, cmov, cx8, fxsr, mmx, sse, sse2, sse3, ssse3, sse4.1, sse4.2, popcnt, avx, clmul, ht, tsc, tscinvbit

Memory: 4k page, physical 4105776k(1869296k free), swap 65543912k(61887400k free)

vm_info: Java HotSpot(TM) 64-Bit Server VM (25.11-b03) for windows-amd64 JRE (1.8.0_11-b12), built on Jun 16 2014 20:57:32 by "java_re" with MS VC++ 10.0 (VS2010)

time: Tue Jul 29 14:05:27 2014
elapsed time: 24 seconds

