#
# A fatal error has been detected by the Java Runtime Environment:
#
#  EXCEPTION_ACCESS_VIOLATION (0xc0000005) at pc=0x000007feed853d63, pid=5872, tid=196
#
# JRE version: Java(TM) SE Runtime Environment (8.0_11-b12) (build 1.8.0_11-b12)
# Java VM: Java HotSpot(TM) 64-Bit Server VM (25.11-b03 mixed mode windows-amd64 compressed oops)
# Problematic frame:
# C  [opencv_core248.dll+0x53d63]
#
# Failed to write core dump. Minidumps are not enabled by default on client versions of Windows
#
# If you would like to submit a bug report, please visit:
#   http://bugreport.sun.com/bugreport/crash.jsp
# The crash happened outside the Java Virtual Machine in native code.
# See problematic frame for where to report the bug.
#

---------------  T H R E A D  ---------------

Current thread (0x00000000090fb000):  JavaThread "Thread-2" [_thread_in_native, id=196, stack(0x000000000c770000,0x000000000c870000)]

siginfo: ExceptionCode=0xc0000005, reading address 0x000000006081a261

Registers:
RAX=0x000000000c86e2d0, RBX=0x0000000000025800, RCX=0x0000000000000000, RDX=0x0000000061310060
RSP=0x000000000c86e250, RBP=0x000000000c86e3a0, RSI=0x000000000c86e780, RDI=0x0000000000004b00
R8 =0x0000000000000000, R9 =0x000000006081a263, R10=0x000000000c86e2d0, R11=0x0000000061310050
R12=0x000000000c86e660, R13=0x000007feed856120, R14=0x0000000000000000, R15=0x0000000000000006
RIP=0x000007feed853d63, EFLAGS=0x0000000000010216

Top of Stack: (sp=0x000000000c86e250)
0x000000000c86e250:   0000000000000001 000007feed856151
0x000000000c86e260:   0000000000000006 000007feed856120
0x000000000c86e270:   000000000c86e660 0000000000000001
0x000000000c86e280:   000000000c86e2d0 0000000000000006
0x000000000c86e290:   000000000c86e3a0 000007feed859d30
0x000000000c86e2a0:   0000000000000006 0000005700000048
0x000000000c86e2b0:   0000004200000045 0000004100000047
0x000000000c86e2c0:   0000000061310050 0000000000025800
0x000000000c86e2d0:   0000000000004b00 000000000c86e2e8
0x000000000c86e2e0:   0000000100004b00 3ff0000000000000
0x000000000c86e2f0:   0000000000000000 0000004700000049
0x000000000c86e300:   000000000bde61a0 fffffffffffffffe
0x000000000c86e310:   0000000242ffc006 00004b0000000001
0x000000000c86e320:   0000000061310050 0000000061d2b850
0x000000000c86e330:   0000000061310050 0000000061d2b850
0x000000000c86e340:   0000000061d2b850 0000000000000000 

Instructions: (pc=0x000007feed853d63)
0x000007feed853d43:   1c cd 00 00 00 00 4c 8d 49 03 0f 1f 00 41 ff 4a
0x000007feed853d53:   04 33 c9 45 33 c0 41 83 3a 04 78 65 49 8d 53 10
0x000007feed853d63:   43 0f b6 44 01 fe 83 c1 04 49 83 c0 04 48 83 c2
0x000007feed853d73:   20 66 0f 6e c8 43 0f b6 44 01 f9 f3 0f e6 c9 66 


Register to memory mapping:

RAX=0x000000000c86e2d0 is pointing into the stack for thread: 0x00000000090fb000
RBX=0x0000000000025800 is an unknown value
RCX=0x0000000000000000 is an unknown value
RDX=0x0000000061310060 is an unknown value
RSP=0x000000000c86e250 is pointing into the stack for thread: 0x00000000090fb000
RBP=0x000000000c86e3a0 is pointing into the stack for thread: 0x00000000090fb000
RSI=0x000000000c86e780 is pointing into the stack for thread: 0x00000000090fb000
RDI=0x0000000000004b00 is an unknown value
R8 =0x0000000000000000 is an unknown value
R9 =0x000000006081a263 is an unknown value
R10=0x000000000c86e2d0 is pointing into the stack for thread: 0x00000000090fb000
R11=0x0000000061310050 is an unknown value
R12=0x000000000c86e660 is pointing into the stack for thread: 0x00000000090fb000
R13=0x000007feed856120 is an unknown value
R14=0x0000000000000000 is an unknown value
R15=0x0000000000000006 is an unknown value


Stack: [0x000000000c770000,0x000000000c870000],  sp=0x000000000c86e250,  free space=1016k
Native frames: (J=compiled Java code, j=interpreted, Vv=VM code, C=native code)
C  [opencv_core248.dll+0x53d63]
C  [opencv_core248.dll+0x56151]
C  [opencv_core248.dll+0x59d30]
C  [opencv_contrib248.dll+0x3a3db]
C  [opencv_contrib248.dll+0x4052b]
C  [jniopencv_contrib.dll+0x132bf]
C  0x000000000f02518e

Java frames: (J=compiled Java code, j=interpreted, Vv=VM code)
j  com.googlecode.javacv.cpp.opencv_contrib$FaceRecognizer.train(Lcom/googlecode/javacv/cpp/opencv_core$MatVector;[I)V+0
j  recognizer.FaceRecognition.trainImg()V+16
j  recognizer.FaceRecognition.run()V+1
j  java.lang.Thread.run()V+11
v  ~StubRoutines::call_stub

---------------  P R O C E S S  ---------------

Java Threads: ( => current thread )
=>0x00000000090fb000 JavaThread "Thread-2" [_thread_in_native, id=196, stack(0x000000000c770000,0x000000000c870000)]
  0x000000000265e000 JavaThread "DestroyJavaVM" [_thread_blocked, id=3396, stack(0x00000000029f0000,0x0000000002af0000)]
  0x0000000008e0c800 JavaThread "AWT-EventQueue-0" [_thread_blocked, id=788, stack(0x0000000009680000,0x0000000009780000)]
  0x0000000007f8a800 JavaThread "AWT-Windows" daemon [_thread_in_native, id=5416, stack(0x00000000088f0000,0x00000000089f0000)]
  0x0000000007f8a000 JavaThread "AWT-Shutdown" [_thread_blocked, id=5920, stack(0x0000000008760000,0x0000000008860000)]
  0x0000000007f84800 JavaThread "Java2D Disposer" daemon [_thread_blocked, id=5300, stack(0x0000000008520000,0x0000000008620000)]
  0x0000000007c79800 JavaThread "Service Thread" daemon [_thread_blocked, id=1844, stack(0x00000000083d0000,0x00000000084d0000)]
  0x0000000007c05000 JavaThread "C1 CompilerThread2" daemon [_thread_blocked, id=5520, stack(0x0000000008150000,0x0000000008250000)]
  0x0000000007c04000 JavaThread "C2 CompilerThread1" daemon [_thread_blocked, id=1248, stack(0x00000000079f0000,0x0000000007af0000)]
  0x0000000006670000 JavaThread "C2 CompilerThread0" daemon [_thread_blocked, id=3808, stack(0x0000000007b00000,0x0000000007c00000)]
  0x000000000667f000 JavaThread "Attach Listener" daemon [_thread_blocked, id=5356, stack(0x0000000007830000,0x0000000007930000)]
  0x000000000667b800 JavaThread "Signal Dispatcher" daemon [_thread_blocked, id=1364, stack(0x0000000007720000,0x0000000007820000)]
  0x0000000006614000 JavaThread "Finalizer" daemon [_thread_blocked, id=672, stack(0x0000000007620000,0x0000000007720000)]
  0x0000000006609000 JavaThread "Reference Handler" daemon [_thread_blocked, id=5536, stack(0x0000000007390000,0x0000000007490000)]

Other Threads:
  0x0000000006605000 VMThread [stack: 0x0000000007500000,0x0000000007600000] [id=5824]
  0x0000000007c85000 WatcherThread [stack: 0x0000000008280000,0x0000000008380000] [id=628]

VM state:not at safepoint (normal execution)

VM Mutex/Monitor currently owned by a thread: None

Heap:
 PSYoungGen      total 9216K, used 1656K [0x00000000eb180000, 0x00000000ebd80000, 0x0000000100000000)
  eden space 7680K, 1% used [0x00000000eb180000,0x00000000eb1a0de0,0x00000000eb900000)
  from space 1536K, 99% used [0x00000000ebb00000,0x00000000ebc7d480,0x00000000ebc80000)
  to   space 2048K, 0% used [0x00000000eb900000,0x00000000eb900000,0x00000000ebb00000)
 ParOldGen       total 64000K, used 2337K [0x00000000c1400000, 0x00000000c5280000, 0x00000000eb180000)
  object space 64000K, 3% used [0x00000000c1400000,0x00000000c16484e0,0x00000000c5280000)
 Metaspace       used 12261K, capacity 12384K, committed 12672K, reserved 1060864K
  class space    used 1568K, capacity 1594K, committed 1664K, reserved 1048576K

Card table byte_map: [0x0000000003180000,0x0000000003380000] byte_map_base: 0x0000000002b76000

Marking Bits: (ParMarkBitMap*) 0x000000006e7212b0
 Begin Bits: [0x0000000003b20000, 0x0000000004ad0000)
 End Bits:   [0x0000000004ad0000, 0x0000000005a80000)

Polling page: 0x0000000000140000

CodeCache: size=245760Kb used=3102Kb max_used=3102Kb free=242657Kb
 bounds [0x000000000f010000, 0x000000000f320000, 0x000000001e010000]
 total_blobs=1428 nmethods=870 adapters=472
 compilation: enabled

Compilation events (10 events):
Event: 6.940 Thread 0x0000000007c05000  866       3       java.lang.ref.Finalizer::access$000 (4 bytes)
Event: 6.940 Thread 0x0000000007c05000 nmethod 866 0x000000000f316a90 code [0x000000000f316be0, 0x000000000f316d10]
Event: 6.941 Thread 0x0000000007c05000  867       3       java.lang.ref.Finalizer::access$100 (6 bytes)
Event: 6.941 Thread 0x0000000007c05000 nmethod 867 0x000000000f316710 code [0x000000000f316880, 0x000000000f3169e8]
Event: 6.941 Thread 0x0000000007c05000  868   !   3       java.lang.ref.Finalizer::runFinalizer (62 bytes)
Event: 6.945 Thread 0x0000000007c05000 nmethod 868 0x000000000f318850 code [0x000000000f318a00, 0x000000000f319278]
Event: 6.946 Thread 0x0000000007c05000  869       3       java.lang.ref.Finalizer::hasBeenFinalized (14 bytes)
Event: 6.946 Thread 0x0000000007c05000 nmethod 869 0x000000000f316310 code [0x000000000f316460, 0x000000000f316610]
Event: 6.946 Thread 0x0000000007c05000  870   !   3       java.lang.ref.Finalizer::remove (94 bytes)
Event: 6.947 Thread 0x0000000007c05000 nmethod 870 0x000000000f3180d0 code [0x000000000f318240, 0x000000000f318710]

GC Heap History (10 events):
Event: 0.511 GC heap before
{Heap before GC invocations=4 (full 0):
 PSYoungGen      total 1536K, used 1504K [0x00000000eb180000, 0x00000000eb480000, 0x0000000100000000)
  eden space 1024K, 100% used [0x00000000eb180000,0x00000000eb280000,0x00000000eb280000)
  from space 512K, 93% used [0x00000000eb280000,0x00000000eb2f8020,0x00000000eb300000)
  to   space 512K, 0% used [0x00000000eb400000,0x00000000eb400000,0x00000000eb480000)
 ParOldGen       total 64000K, used 480K [0x00000000c1400000, 0x00000000c5280000, 0x00000000eb180000)
  object space 64000K, 0% used [0x00000000c1400000,0x00000000c1478000,0x00000000c5280000)
 Metaspace       used 8233K, capacity 8354K, committed 8576K, reserved 1056768K
  class space    used 1055K, capacity 1108K, committed 1152K, reserved 1048576K
Event: 0.514 GC heap after
Heap after GC invocations=4 (full 0):
 PSYoungGen      total 2560K, used 512K [0x00000000eb180000, 0x00000000eb480000, 0x0000000100000000)
  eden space 2048K, 0% used [0x00000000eb180000,0x00000000eb180000,0x00000000eb380000)
  from space 512K, 100% used [0x00000000eb400000,0x00000000eb480000,0x00000000eb480000)
  to   space 512K, 0% used [0x00000000eb380000,0x00000000eb380000,0x00000000eb400000)
 ParOldGen       total 64000K, used 1008K [0x00000000c1400000, 0x00000000c5280000, 0x00000000eb180000)
  object space 64000K, 1% used [0x00000000c1400000,0x00000000c14fc050,0x00000000c5280000)
 Metaspace       used 8233K, capacity 8354K, committed 8576K, reserved 1056768K
  class space    used 1055K, capacity 1108K, committed 1152K, reserved 1048576K
}
Event: 0.717 GC heap before
{Heap before GC invocations=5 (full 0):
 PSYoungGen      total 2560K, used 2560K [0x00000000eb180000, 0x00000000eb480000, 0x0000000100000000)
  eden space 2048K, 100% used [0x00000000eb180000,0x00000000eb380000,0x00000000eb380000)
  from space 512K, 100% used [0x00000000eb400000,0x00000000eb480000,0x00000000eb480000)
  to   space 512K, 0% used [0x00000000eb380000,0x00000000eb380000,0x00000000eb400000)
 ParOldGen       total 64000K, used 1008K [0x00000000c1400000, 0x00000000c5280000, 0x00000000eb180000)
  object space 64000K, 1% used [0x00000000c1400000,0x00000000c14fc050,0x00000000c5280000)
 Metaspace       used 9345K, capacity 9512K, committed 9728K, reserved 1058816K
  class space    used 1176K, capacity 1238K, committed 1280K, reserved 1048576K
Event: 0.720 GC heap after
Heap after GC invocations=5 (full 0):
 PSYoungGen      total 2560K, used 512K [0x00000000eb180000, 0x00000000eb880000, 0x0000000100000000)
  eden space 2048K, 0% used [0x00000000eb180000,0x00000000eb180000,0x00000000eb380000)
  from space 512K, 100% used [0x00000000eb380000,0x00000000eb400000,0x00000000eb400000)
  to   space 1536K, 0% used [0x00000000eb700000,0x00000000eb700000,0x00000000eb880000)
 ParOldGen       total 64000K, used 1453K [0x00000000c1400000, 0x00000000c5280000, 0x00000000eb180000)
  object space 64000K, 2% used [0x00000000c1400000,0x00000000c156b748,0x00000000c5280000)
 Metaspace       used 9345K, capacity 9512K, committed 9728K, reserved 1058816K
  class space    used 1176K, capacity 1238K, committed 1280K, reserved 1048576K
}
Event: 0.827 GC heap before
{Heap before GC invocations=6 (full 0):
 PSYoungGen      total 2560K, used 2560K [0x00000000eb180000, 0x00000000eb880000, 0x0000000100000000)
  eden space 2048K, 100% used [0x00000000eb180000,0x00000000eb380000,0x00000000eb380000)
  from space 512K, 100% used [0x00000000eb380000,0x00000000eb400000,0x00000000eb400000)
  to   space 1536K, 0% used [0x00000000eb700000,0x00000000eb700000,0x00000000eb880000)
 ParOldGen       total 64000K, used 1453K [0x00000000c1400000, 0x00000000c5280000, 0x00000000eb180000)
  object space 64000K, 2% used [0x00000000c1400000,0x00000000c156b748,0x00000000c5280000)
 Metaspace       used 9823K, capacity 9960K, committed 10112K, reserved 1058816K
  class space    used 1233K, capacity 1302K, committed 1408K, reserved 1048576K
Event: 0.843 GC heap after
Heap after GC invocations=6 (full 0):
 PSYoungGen      total 5632K, used 878K [0x00000000eb180000, 0x00000000eb880000, 0x0000000100000000)
  eden space 4096K, 0% used [0x00000000eb180000,0x00000000eb180000,0x00000000eb580000)
  from space 1536K, 57% used [0x00000000eb700000,0x00000000eb7db968,0x00000000eb880000)
  to   space 1536K, 0% used [0x00000000eb580000,0x00000000eb580000,0x00000000eb700000)
 ParOldGen       total 64000K, used 1453K [0x00000000c1400000, 0x00000000c5280000, 0x00000000eb180000)
  object space 64000K, 2% used [0x00000000c1400000,0x00000000c156b748,0x00000000c5280000)
 Metaspace       used 9823K, capacity 9960K, committed 10112K, reserved 1058816K
  class space    used 1233K, capacity 1302K, committed 1408K, reserved 1048576K
}
Event: 3.748 GC heap before
{Heap before GC invocations=7 (full 0):
 PSYoungGen      total 5632K, used 4745K [0x00000000eb180000, 0x00000000eb880000, 0x0000000100000000)
  eden space 4096K, 94% used [0x00000000eb180000,0x00000000eb546c88,0x00000000eb580000)
  from space 1536K, 57% used [0x00000000eb700000,0x00000000eb7db968,0x00000000eb880000)
  to   space 1536K, 0% used [0x00000000eb580000,0x00000000eb580000,0x00000000eb700000)
 ParOldGen       total 64000K, used 1453K [0x00000000c1400000, 0x00000000c5280000, 0x00000000eb180000)
  object space 64000K, 2% used [0x00000000c1400000,0x00000000c156b748,0x00000000c5280000)
 Metaspace       used 11578K, capacity 11674K, committed 11776K, reserved 1058816K
  class space    used 1480K, capacity 1529K, committed 1536K, reserved 1048576K
Event: 3.753 GC heap after
Heap after GC invocations=7 (full 0):
 PSYoungGen      total 5632K, used 1264K [0x00000000eb180000, 0x00000000ebc80000, 0x0000000100000000)
  eden space 4096K, 0% used [0x00000000eb180000,0x00000000eb180000,0x00000000eb580000)
  from space 1536K, 82% used [0x00000000eb580000,0x00000000eb6bc0a8,0x00000000eb700000)
  to   space 1536K, 0% used [0x00000000ebb00000,0x00000000ebb00000,0x00000000ebc80000)
 ParOldGen       total 64000K, used 1565K [0x00000000c1400000, 0x00000000c5280000, 0x00000000eb180000)
  object space 64000K, 2% used [0x00000000c1400000,0x00000000c1587748,0x00000000c5280000)
 Metaspace       used 11578K, capacity 11674K, committed 11776K, reserved 1058816K
  class space    used 1480K, capacity 1529K, committed 1536K, reserved 1048576K
}
Event: 6.902 GC heap before
{Heap before GC invocations=8 (full 0):
 PSYoungGen      total 5632K, used 5360K [0x00000000eb180000, 0x00000000ebc80000, 0x0000000100000000)
  eden space 4096K, 100% used [0x00000000eb180000,0x00000000eb580000,0x00000000eb580000)
  from space 1536K, 82% used [0x00000000eb580000,0x00000000eb6bc0a8,0x00000000eb700000)
  to   space 1536K, 0% used [0x00000000ebb00000,0x00000000ebb00000,0x00000000ebc80000)
 ParOldGen       total 64000K, used 1565K [0x00000000c1400000, 0x00000000c5280000, 0x00000000eb180000)
  object space 64000K, 2% used [0x00000000c1400000,0x00000000c1587748,0x00000000c5280000)
 Metaspace       used 12259K, capacity 12384K, committed 12672K, reserved 1060864K
  class space    used 1568K, capacity 1594K, committed 1664K, reserved 1048576K
Event: 6.916 GC heap after
Heap after GC invocations=8 (full 0):
 PSYoungGen      total 9216K, used 1525K [0x00000000eb180000, 0x00000000ebd80000, 0x0000000100000000)
  eden space 7680K, 0% used [0x00000000eb180000,0x00000000eb180000,0x00000000eb900000)
  from space 1536K, 99% used [0x00000000ebb00000,0x00000000ebc7d480,0x00000000ebc80000)
  to   space 2048K, 0% used [0x00000000eb900000,0x00000000eb900000,0x00000000ebb00000)
 ParOldGen       total 64000K, used 2337K [0x00000000c1400000, 0x00000000c5280000, 0x00000000eb180000)
  object space 64000K, 3% used [0x00000000c1400000,0x00000000c16484e0,0x00000000c5280000)
 Metaspace       used 12259K, capacity 12384K, committed 12672K, reserved 1060864K
  class space    used 1568K, capacity 1594K, committed 1664K, reserved 1048576K
}

Deoptimization events (0 events):
No events

Internal exceptions (10 events):
Event: 4.339 Thread 0x00000000090fb000 Exception <a 'java/io/FileNotFoundException'> (0x00000000eb3a2758) thrown at [C:\re\workspace\8-2-build-windows-amd64-cygwin\jdk8u11\648\hotspot\src\share\vm\prims\jni.cpp, line 716]
Event: 4.340 Thread 0x00000000090fb000 Exception <a 'java/io/FileNotFoundException'> (0x00000000eb3b8928) thrown at [C:\re\workspace\8-2-build-windows-amd64-cygwin\jdk8u11\648\hotspot\src\share\vm\prims\jni.cpp, line 716]
Event: 4.341 Thread 0x00000000090fb000 Exception <a 'java/security/PrivilegedActionException'> (0x00000000eb3c7f80) thrown at [C:\re\workspace\8-2-build-windows-amd64-cygwin\jdk8u11\648\hotspot\src\share\vm\prims\jvm.cpp, line 1248]
Event: 4.346 Thread 0x00000000090fb000 Exception <a 'java/security/PrivilegedActionException'> (0x00000000eb3cf8c8) thrown at [C:\re\workspace\8-2-build-windows-amd64-cygwin\jdk8u11\648\hotspot\src\share\vm\prims\jvm.cpp, line 1248]
Event: 4.961 Thread 0x00000000090fb000 Exception <a 'java/io/FileNotFoundException'> (0x00000000eb4382d0) thrown at [C:\re\workspace\8-2-build-windows-amd64-cygwin\jdk8u11\648\hotspot\src\share\vm\prims\jni.cpp, line 716]
Event: 4.962 Thread 0x00000000090fb000 Exception <a 'java/io/FileNotFoundException'> (0x00000000eb44e488) thrown at [C:\re\workspace\8-2-build-windows-amd64-cygwin\jdk8u11\648\hotspot\src\share\vm\prims\jni.cpp, line 716]
Event: 5.620 Thread 0x00000000090fb000 Exception <a 'java/io/FileNotFoundException'> (0x00000000eb4bdac0) thrown at [C:\re\workspace\8-2-build-windows-amd64-cygwin\jdk8u11\648\hotspot\src\share\vm\prims\jni.cpp, line 716]
Event: 5.621 Thread 0x00000000090fb000 Exception <a 'java/io/FileNotFoundException'> (0x00000000eb4d3ca8) thrown at [C:\re\workspace\8-2-build-windows-amd64-cygwin\jdk8u11\648\hotspot\src\share\vm\prims\jni.cpp, line 716]
Event: 6.524 Thread 0x00000000090fb000 Exception <a 'java/io/FileNotFoundException'> (0x00000000eb53ead8) thrown at [C:\re\workspace\8-2-build-windows-amd64-cygwin\jdk8u11\648\hotspot\src\share\vm\prims\jni.cpp, line 716]
Event: 6.528 Thread 0x00000000090fb000 Exception <a 'java/io/FileNotFoundException'> (0x00000000eb554ca8) thrown at [C:\re\workspace\8-2-build-windows-amd64-cygwin\jdk8u11\648\hotspot\src\share\vm\prims\jni.cpp, line 716]

Events (10 events):
Event: 6.938 Executing VM operation: RevokeBias
Event: 6.938 Executing VM operation: RevokeBias done
Event: 6.938 Executing VM operation: RevokeBias
Event: 6.938 Executing VM operation: RevokeBias done
Event: 6.938 Executing VM operation: RevokeBias
Event: 6.938 Executing VM operation: RevokeBias done
Event: 6.938 Executing VM operation: RevokeBias
Event: 6.938 Executing VM operation: RevokeBias done
Event: 6.938 Executing VM operation: RevokeBias
Event: 6.938 Executing VM operation: RevokeBias done


Dynamic libraries:
0x000000013f500000 - 0x000000013f534000 	C:\Program Files\Java\jdk1.8.0_11\bin\java.exe
0x0000000076e40000 - 0x0000000076fe9000 	C:\Windows\SYSTEM32\ntdll.dll
0x0000000076c20000 - 0x0000000076d3f000 	C:\Windows\system32\kernel32.dll
0x000007fefcd70000 - 0x000007fefcddc000 	C:\Windows\system32\KERNELBASE.dll
0x000007fefdab0000 - 0x000007fefdb8b000 	C:\Windows\system32\ADVAPI32.dll
0x000007fefd1b0000 - 0x000007fefd24f000 	C:\Windows\system32\msvcrt.dll
0x000007fefdd20000 - 0x000007fefdd3f000 	C:\Windows\SYSTEM32\sechost.dll
0x000007fefecf0000 - 0x000007fefee1d000 	C:\Windows\system32\RPCRT4.dll
0x0000000076d40000 - 0x0000000076e3a000 	C:\Windows\system32\USER32.dll
0x000007fefd5d0000 - 0x000007fefd637000 	C:\Windows\system32\GDI32.dll
0x000007fefd900000 - 0x000007fefd90e000 	C:\Windows\system32\LPK.dll
0x000007fefd940000 - 0x000007fefda09000 	C:\Windows\system32\USP10.dll
0x000007fefadb0000 - 0x000007fefafa4000 	C:\Windows\WinSxS\amd64_microsoft.windows.common-controls_6595b64144ccf1df_6.0.7601.17514_none_fa396087175ac9ac\COMCTL32.dll
0x000007fefd250000 - 0x000007fefd2c1000 	C:\Windows\system32\SHLWAPI.dll
0x000007fefd910000 - 0x000007fefd93e000 	C:\Windows\system32\IMM32.DLL
0x000007fefdc10000 - 0x000007fefdd19000 	C:\Windows\system32\MSCTF.dll
0x000007fefcbb0000 - 0x000007fefcbf6000 	C:\Windows\system32\nvinitx.dll
0x000000000f000000 - 0x000000000f006000 	C:\Program Files\NVIDIA Corporation\CoProcManager\_etoured.dll
0x000007fef8a00000 - 0x000007fef8a55000 	C:\Program Files\NVIDIA Corporation\CoProcManager\nvd3d9wrapx.dll
0x000007fefd640000 - 0x000007fefd817000 	C:\Windows\system32\SETUPAPI.dll
0x000007fefccf0000 - 0x000007fefcd26000 	C:\Windows\system32\CFGMGR32.dll
0x000007fefd820000 - 0x000007fefd8f7000 	C:\Windows\system32\OLEAUT32.dll
0x000007fefdd50000 - 0x000007fefdf53000 	C:\Windows\system32\ole32.dll
0x000007fefccd0000 - 0x000007fefccea000 	C:\Windows\system32\DEVOBJ.dll
0x000007fef8650000 - 0x000007fef868d000 	C:\Program Files\NVIDIA Corporation\CoProcManager\nvdxgiwrapx.dll
0x000000006f7c0000 - 0x000000006f892000 	C:\Program Files\Java\jdk1.8.0_11\jre\bin\msvcr100.dll
0x000000006df70000 - 0x000000006e79a000 	C:\Program Files\Java\jdk1.8.0_11\jre\bin\server\jvm.dll
0x000007fef0630000 - 0x000007fef0639000 	C:\Windows\system32\WSOCK32.dll
0x000007fefd500000 - 0x000007fefd54d000 	C:\Windows\system32\WS2_32.dll
0x000007fefdd40000 - 0x000007fefdd48000 	C:\Windows\system32\NSI.dll
0x000007fefaa90000 - 0x000007fefaacb000 	C:\Windows\system32\WINMM.dll
0x0000000077010000 - 0x0000000077017000 	C:\Windows\system32\PSAPI.DLL
0x00000000722f0000 - 0x00000000722ff000 	C:\Program Files\Java\jdk1.8.0_11\jre\bin\verify.dll
0x000000006ff80000 - 0x000000006ffa8000 	C:\Program Files\Java\jdk1.8.0_11\jre\bin\java.dll
0x0000000070030000 - 0x0000000070046000 	C:\Program Files\Java\jdk1.8.0_11\jre\bin\zip.dll
0x000007fefdf60000 - 0x000007fefece8000 	C:\Windows\system32\SHELL32.dll
0x000007fefcca0000 - 0x000007fefccaf000 	C:\Windows\system32\profapi.dll
0x000000006ee30000 - 0x000000006efc6000 	C:\Program Files\Java\jdk1.8.0_11\jre\bin\awt.dll
0x000007fefacf0000 - 0x000007fefad46000 	C:\Windows\system32\uxtheme.dll
0x000007fef97a0000 - 0x000007fef97b8000 	C:\Windows\system32\dwmapi.dll
0x000007fefca80000 - 0x000007fefca8f000 	C:\Windows\system32\CRYPTBASE.dll
0x000000006f930000 - 0x000000006f977000 	C:\Program Files\Java\jdk1.8.0_11\jre\bin\fontmanager.dll
0x0000000070410000 - 0x00000000704a8000 	C:\Windows\System32\msvcp100.dll
0x000007feed800000 - 0x000007feeda72000 	C:\opencv\build\x64\vc10\bin\opencv_core248.dll
0x000007fef5f70000 - 0x000007fef600a000 	C:\Users\Carlo\AppData\Local\Temp\javacpp7673006032375\jniopencv_core.dll
0x0000000066840000 - 0x00000000676b4000 	C:\opencv\build\x64\vc10\bin\opencv_ffmpeg248_64.dll
0x000007feecf90000 - 0x000007feed242000 	C:\opencv\build\x64\vc10\bin\opencv_imgproc248.dll
0x000007feedab0000 - 0x000007feedcfd000 	C:\opencv\build\x64\vc10\bin\opencv_highgui248.dll
0x000007fef62a0000 - 0x000007fef62bf000 	C:\Windows\system32\AVIFIL32.dll
0x000007fefaa60000 - 0x000007fefaa78000 	C:\Windows\system32\MSACM32.dll
0x000007fef5f40000 - 0x000007fef5f69000 	C:\Windows\system32\MSVFW32.dll
0x000007fef6280000 - 0x000007fef6297000 	C:\Windows\system32\AVICAP32.dll
0x000007fefbcc0000 - 0x000007fefbccc000 	C:\Windows\system32\VERSION.dll
0x000007fef5f20000 - 0x000007fef5f33000 	C:\Users\Carlo\AppData\Local\Temp\javacpp7673006032375\jniopencv_highgui.dll
0x000007fefee20000 - 0x000007fefeeb9000 	C:\Windows\system32\CLBCatQ.DLL
0x000007feef900000 - 0x000007feef916000 	C:\Windows\system32\devenum.dll
0x000007fefb7b0000 - 0x000007fefb7dd000 	C:\Windows\system32\ntmarta.dll
0x000007fefd550000 - 0x000007fefd5a2000 	C:\Windows\system32\WLDAP32.dll
0x000007fefcff0000 - 0x000007fefd02a000 	C:\Windows\system32\WINTRUST.dll
0x000007fefcde0000 - 0x000007fefcf4c000 	C:\Windows\system32\CRYPT32.dll
0x000007fefcc90000 - 0x000007fefcc9f000 	C:\Windows\system32\MSASN1.dll
0x000007feef870000 - 0x000007feef87d000 	C:\Windows\system32\msdmo.dll
0x000007fef04f0000 - 0x000007fef051f000 	C:\Windows\system32\qcap.dll
0x000007feed640000 - 0x000007feed7f2000 	C:\Windows\system32\quartz.dll
0x000007fef0000000 - 0x000007fef0041000 	C:\Windows\system32\ksproxy.ax
0x0000000074800000 - 0x0000000074806000 	C:\Windows\system32\ksuser.dll
0x000007fee9eb0000 - 0x000007feea0af000 	C:\Windows\system32\d3d9.dll
0x000007fef0ee0000 - 0x000007fef0ee7000 	C:\Windows\system32\d3d8thk.dll
0x000007fef9450000 - 0x000007fef945b000 	C:\Windows\system32\vidcap.ax
0x000007fef0170000 - 0x000007fef0194000 	C:\Windows\system32\kswdmcap.ax
0x000007feee5a0000 - 0x000007feee6fc000 	C:\Windows\system32\MFC42.dll
0x000007feeef60000 - 0x000007feef011000 	C:\Windows\system32\ODBC32.dll
0x0000000065720000 - 0x0000000065758000 	C:\Windows\system32\odbcint.dll
0x000007feeebc0000 - 0x000007feeec5b000 	C:\Windows\System32\qedit.dll
0x000007fefda10000 - 0x000007fefdaa7000 	C:\Windows\system32\COMDLG32.dll
0x000007fefaad0000 - 0x000007feface6000 	C:\Windows\WinSxS\amd64_microsoft.windows.gdiplus_6595b64144ccf1df_1.1.7601.18120_none_2b25b14c71ebf230\gdiplus.dll
0x000007fef0880000 - 0x000007fef0971000 	C:\Windows\system32\DDRAW.dll
0x000007fef0870000 - 0x000007fef0878000 	C:\Windows\system32\DCIMAN32.dll
0x000007fef7e20000 - 0x000007fef7f2b000 	C:\Windows\system32\nvumdshimx.dll
0x0000000180000000 - 0x000000018072e000 	C:\Windows\system32\igdumd64.dll
0x000007fef6110000 - 0x000007fef611b000 	C:\Windows\system32\msyuv.dll
0x000007feecec0000 - 0x000007feecf8a000 	C:\opencv\build\x64\vc10\bin\opencv_objdetect248.dll
0x000007feefc30000 - 0x000007feefc7b000 	C:\Users\Carlo\AppData\Local\Temp\javacpp7673006032375\jniopencv_objdetect.dll
0x000007feed5a0000 - 0x000007feed639000 	C:\opencv\build\x64\vc10\bin\opencv_flann248.dll
0x000007feed480000 - 0x000007feed557000 	C:\opencv\build\x64\vc10\bin\opencv_features2d248.dll
0x000007fee9960000 - 0x000007fee9a4b000 	C:\opencv\build\x64\vc10\bin\opencv_calib3d248.dll
0x000007feee530000 - 0x000007feee59f000 	C:\opencv\build\x64\vc10\bin\opencv_video248.dll
0x000007feed3e0000 - 0x000007feed474000 	C:\opencv\build\x64\vc10\bin\opencv_ml248.dll
0x000007fee9810000 - 0x000007fee995c000 	C:\opencv\build\x64\vc10\bin\opencv_contrib248.dll
0x000007feeef00000 - 0x000007feeef56000 	C:\Users\Carlo\AppData\Local\Temp\javacpp7673006032375\jniopencv_contrib.dll
0x000000006fca0000 - 0x000000006fcba000 	C:\Program Files\Java\jdk1.8.0_11\jre\bin\net.dll
0x000007fefc420000 - 0x000007fefc475000 	C:\Windows\system32\mswsock.dll
0x000007fefc410000 - 0x000007fefc417000 	C:\Windows\System32\wship6.dll
0x000000006fc80000 - 0x000000006fc91000 	C:\Program Files\Java\jdk1.8.0_11\jre\bin\nio.dll
0x000000006f8e0000 - 0x000000006f921000 	C:\Program Files\Java\jdk1.8.0_11\jre\bin\t2k.dll
0x000007feefbb0000 - 0x000007feefbfd000 	C:\Users\Carlo\AppData\Local\Temp\javacpp7673006032375\jniopencv_imgproc.dll
0x000000006f8b0000 - 0x000000006f8da000 	C:\Program Files\Java\jdk1.8.0_11\jre\bin\dcpr.dll
0x00000000024d0000 - 0x00000000024f5000 	C:\Program Files\Java\jdk1.8.0_11\jre\bin\rxtxSerial.dll
0x000007fef1bf0000 - 0x000007fef1d15000 	C:\Windows\system32\dbghelp.dll

VM Arguments:
jvm_args: -Dfile.encoding=UTF-8 
java_command: recognizer.Recognizer
java_class_path (initial): C:\javacv-bin\javacpp.jar;C:\javacv-bin\javacv-windows-x86_64.jar;C:\javacv-bin\javacv.jar;C:\Users\Carlo\Desktop\mfz-rxtx-2.2-20081207-win-x64\lib\RXTXcomm.jar;C:\Users\Carlo\Documents\NetBeansProjects\Recognizer\build\classes
Launcher Type: SUN_STANDARD

Environment Variables:
CLASSPATH=Ó<:w>¤u;C:\EZJcom\ezjcom18.jar;C:\Users\Carlo\Desktop\wmp\Jmsdxm.jar
PATH=C:\Program Files (x86)\iis express\PHP\v5.4;C:\Program Files (x86)\PHP\;C:\Program Files\Common Files\Microsoft Shared\Windows Live;C:\Program Files (x86)\Common Files\Microsoft Shared\Windows Live;C:\Program Files (x86)\NVIDIA Corporation\PhysX\Common;C:\Windows\system32;C:\Windows;C:\Windows\System32\Wbem;C:\Windows\System32\WindowsPowerShell\v1.0\;C:\Program Files\7-Zip;C:\Program Files (x86)\Windows Live\Shared;c:\Program Files (x86)\Microsoft SQL Server\100\Tools\Binn\;c:\Program Files\Microsoft SQL Server\100\Tools\Binn\;c:\Program Files\Microsoft SQL Server\100\DTS\Binn\;C:\opencv\build\x64\vc10\bin;C:\Program Files (x86)\Google\google_appengine\;C:\Program Files\Java\jdk1.8.0_11\bin;.;;.;
USERNAME=Carlo
OS=Windows_NT
PROCESSOR_IDENTIFIER=Intel64 Family 6 Model 42 Stepping 7, GenuineIntel



---------------  S Y S T E M  ---------------

OS: Windows 7 , 64 bit Build 7601 Service Pack 1

CPU:total 4 (2 cores per cpu, 2 threads per core) family 6 model 42 stepping 7, cmov, cx8, fxsr, mmx, sse, sse2, sse3, ssse3, sse4.1, sse4.2, popcnt, avx, clmul, ht, tsc, tscinvbit

Memory: 4k page, physical 4105776k(1864160k free), swap 65543912k(61899804k free)

vm_info: Java HotSpot(TM) 64-Bit Server VM (25.11-b03) for windows-amd64 JRE (1.8.0_11-b12), built on Jun 16 2014 20:57:32 by "java_re" with MS VC++ 10.0 (VS2010)

time: Tue Jul 29 13:29:04 2014
elapsed time: 7 seconds

